[2025-05-11 18:20:23] production.ERROR: App\Repositories\DataBaseRepository::getConnection(): Return value must be of type PDO, null returned {"exception":"[object] (TypeError(code: 0): App\\Repositories\\DataBaseRepository::getConnection(): Return value must be of type PDO, null returned at /200/TwitchAnalytics/app/Repositories/DataBaseRepository.php:88)
[stacktrace]
#0 /200/TwitchAnalytics/app/Repositories/DataBaseRepository.php(13): App\\Repositories\\DataBaseRepository->getConnection()
#1 /200/TwitchAnalytics/app/Services/UserRegisterService.php(18): App\\Repositories\\DataBaseRepository->getApiKey('usuario@example...')
#2 /200/TwitchAnalytics/app/Http/Controllers/Register/RegisterController.php(30): App\\Services\\UserRegisterService->register('usuario@example...')
#3 /200/TwitchAnalytics/vendor/illuminate/container/BoundMethod.php(36): App\\Http\\Controllers\\Register\\RegisterController->register(Object(Laravel\\Lumen\\Http\\Request))
#4 /200/TwitchAnalytics/vendor/illuminate/container/Util.php(41): Illuminate\\Container\\BoundMethod::Illuminate\\Container\\{closure}()
#5 /200/TwitchAnalytics/vendor/illuminate/container/BoundMethod.php(93): Illuminate\\Container\\Util::unwrapIfClosure(Object(Closure))
#6 /200/TwitchAnalytics/vendor/illuminate/container/BoundMethod.php(35): Illuminate\\Container\\BoundMethod::callBoundMethod(Object(Laravel\\Lumen\\Application), Array, Object(Closure))
#7 /200/TwitchAnalytics/vendor/illuminate/container/Container.php(662): Illuminate\\Container\\BoundMethod::call(Object(Laravel\\Lumen\\Application), Array, Array, NULL)
#8 /200/TwitchAnalytics/vendor/laravel/lumen-framework/src/Concerns/RoutesRequests.php(391): Illuminate\\Container\\Container->call(Array, Array)
#9 /200/TwitchAnalytics/vendor/laravel/lumen-framework/src/Concerns/RoutesRequests.php(356): Laravel\\Lumen\\Application->callControllerCallable(Array, Array)
#10 /200/TwitchAnalytics/vendor/laravel/lumen-framework/src/Concerns/RoutesRequests.php(331): Laravel\\Lumen\\Application->callLumenController(Object(App\\Http\\Controllers\\Register\\RegisterController), 'register', Array)
#11 /200/TwitchAnalytics/vendor/laravel/lumen-framework/src/Concerns/RoutesRequests.php(284): Laravel\\Lumen\\Application->callControllerAction(Array)
#12 /200/TwitchAnalytics/vendor/laravel/lumen-framework/src/Concerns/RoutesRequests.php(269): Laravel\\Lumen\\Application->callActionOnArrayBasedRoute(Array)
#13 /200/TwitchAnalytics/vendor/laravel/lumen-framework/src/Concerns/RoutesRequests.php(171): Laravel\\Lumen\\Application->handleFoundRoute(Array)
#14 /200/TwitchAnalytics/vendor/laravel/lumen-framework/src/Concerns/RoutesRequests.php(431): Laravel\\Lumen\\Application->Laravel\\Lumen\\Concerns\\{closure}(Object(Laravel\\Lumen\\Http\\Request))
#15 /200/TwitchAnalytics/vendor/laravel/lumen-framework/src/Concerns/RoutesRequests.php(167): Laravel\\Lumen\\Application->sendThroughPipeline(Array, Object(Closure))
#16 /200/TwitchAnalytics/vendor/laravel/lumen-framework/src/Concerns/RoutesRequests.php(112): Laravel\\Lumen\\Application->dispatch(NULL)
#17 /200/TwitchAnalytics/public/index.php(28): Laravel\\Lumen\\Application->run()
#18 {main}
"} 
[2025-05-11 18:20:25] production.ERROR: App\Repositories\DataBaseRepository::getConnection(): Return value must be of type PDO, null returned {"exception":"[object] (TypeError(code: 0): App\\Repositories\\DataBaseRepository::getConnection(): Return value must be of type PDO, null returned at /200/TwitchAnalytics/app/Repositories/DataBaseRepository.php:88)
[stacktrace]
#0 /200/TwitchAnalytics/app/Repositories/DataBaseRepository.php(13): App\\Repositories\\DataBaseRepository->getConnection()
#1 /200/TwitchAnalytics/app/Services/UserRegisterService.php(18): App\\Repositories\\DataBaseRepository->getApiKey('usuario@example...')
#2 /200/TwitchAnalytics/app/Http/Controllers/Register/RegisterController.php(30): App\\Services\\UserRegisterService->register('usuario@example...')
#3 /200/TwitchAnalytics/vendor/illuminate/container/BoundMethod.php(36): App\\Http\\Controllers\\Register\\RegisterController->register(Object(Laravel\\Lumen\\Http\\Request))
#4 /200/TwitchAnalytics/vendor/illuminate/container/Util.php(41): Illuminate\\Container\\BoundMethod::Illuminate\\Container\\{closure}()
#5 /200/TwitchAnalytics/vendor/illuminate/container/BoundMethod.php(93): Illuminate\\Container\\Util::unwrapIfClosure(Object(Closure))
#6 /200/TwitchAnalytics/vendor/illuminate/container/BoundMethod.php(35): Illuminate\\Container\\BoundMethod::callBoundMethod(Object(Laravel\\Lumen\\Application), Array, Object(Closure))
#7 /200/TwitchAnalytics/vendor/illuminate/container/Container.php(662): Illuminate\\Container\\BoundMethod::call(Object(Laravel\\Lumen\\Application), Array, Array, NULL)
#8 /200/TwitchAnalytics/vendor/laravel/lumen-framework/src/Concerns/RoutesRequests.php(391): Illuminate\\Container\\Container->call(Array, Array)
#9 /200/TwitchAnalytics/vendor/laravel/lumen-framework/src/Concerns/RoutesRequests.php(356): Laravel\\Lumen\\Application->callControllerCallable(Array, Array)
#10 /200/TwitchAnalytics/vendor/laravel/lumen-framework/src/Concerns/RoutesRequests.php(331): Laravel\\Lumen\\Application->callLumenController(Object(App\\Http\\Controllers\\Register\\RegisterController), 'register', Array)
#11 /200/TwitchAnalytics/vendor/laravel/lumen-framework/src/Concerns/RoutesRequests.php(284): Laravel\\Lumen\\Application->callControllerAction(Array)
#12 /200/TwitchAnalytics/vendor/laravel/lumen-framework/src/Concerns/RoutesRequests.php(269): Laravel\\Lumen\\Application->callActionOnArrayBasedRoute(Array)
#13 /200/TwitchAnalytics/vendor/laravel/lumen-framework/src/Concerns/RoutesRequests.php(171): Laravel\\Lumen\\Application->handleFoundRoute(Array)
#14 /200/TwitchAnalytics/vendor/laravel/lumen-framework/src/Concerns/RoutesRequests.php(431): Laravel\\Lumen\\Application->Laravel\\Lumen\\Concerns\\{closure}(Object(Laravel\\Lumen\\Http\\Request))
#15 /200/TwitchAnalytics/vendor/laravel/lumen-framework/src/Concerns/RoutesRequests.php(167): Laravel\\Lumen\\Application->sendThroughPipeline(Array, Object(Closure))
#16 /200/TwitchAnalytics/vendor/laravel/lumen-framework/src/Concerns/RoutesRequests.php(112): Laravel\\Lumen\\Application->dispatch(NULL)
#17 /200/TwitchAnalytics/public/index.php(28): Laravel\\Lumen\\Application->run()
#18 {main}
"} 
[2025-05-11 18:20:33] production.ERROR: App\Repositories\DataBaseRepository::getConnection(): Return value must be of type PDO, null returned {"exception":"[object] (TypeError(code: 0): App\\Repositories\\DataBaseRepository::getConnection(): Return value must be of type PDO, null returned at /200/TwitchAnalytics/app/Repositories/DataBaseRepository.php:88)
[stacktrace]
#0 /200/TwitchAnalytics/app/Repositories/DataBaseRepository.php(44): App\\Repositories\\DataBaseRepository->getConnection()
#1 /200/TwitchAnalytics/app/Services/GetUserByIdService.php(22): App\\Repositories\\DataBaseRepository->getUserFromDataBase('12344')
#2 /200/TwitchAnalytics/app/Http/Controllers/GetUserById/GetUserByIdController.php(46): App\\Services\\GetUserByIdService->getUser('12344')
#3 /200/TwitchAnalytics/vendor/illuminate/container/BoundMethod.php(36): App\\Http\\Controllers\\GetUserById\\GetUserByIdController->getUser(Object(Laravel\\Lumen\\Http\\Request))
#4 /200/TwitchAnalytics/vendor/illuminate/container/Util.php(41): Illuminate\\Container\\BoundMethod::Illuminate\\Container\\{closure}()
#5 /200/TwitchAnalytics/vendor/illuminate/container/BoundMethod.php(93): Illuminate\\Container\\Util::unwrapIfClosure(Object(Closure))
#6 /200/TwitchAnalytics/vendor/illuminate/container/BoundMethod.php(35): Illuminate\\Container\\BoundMethod::callBoundMethod(Object(Laravel\\Lumen\\Application), Array, Object(Closure))
#7 /200/TwitchAnalytics/vendor/illuminate/container/Container.php(662): Illuminate\\Container\\BoundMethod::call(Object(Laravel\\Lumen\\Application), Array, Array, NULL)
#8 /200/TwitchAnalytics/vendor/laravel/lumen-framework/src/Concerns/RoutesRequests.php(391): Illuminate\\Container\\Container->call(Array, Array)
#9 /200/TwitchAnalytics/vendor/laravel/lumen-framework/src/Concerns/RoutesRequests.php(356): Laravel\\Lumen\\Application->callControllerCallable(Array, Array)
#10 /200/TwitchAnalytics/vendor/laravel/lumen-framework/src/Concerns/RoutesRequests.php(331): Laravel\\Lumen\\Application->callLumenController(Object(App\\Http\\Controllers\\GetUserById\\GetUserByIdController), 'getUser', Array)
#11 /200/TwitchAnalytics/vendor/laravel/lumen-framework/src/Concerns/RoutesRequests.php(284): Laravel\\Lumen\\Application->callControllerAction(Array)
#12 /200/TwitchAnalytics/vendor/laravel/lumen-framework/src/Concerns/RoutesRequests.php(269): Laravel\\Lumen\\Application->callActionOnArrayBasedRoute(Array)
#13 /200/TwitchAnalytics/vendor/laravel/lumen-framework/src/Concerns/RoutesRequests.php(171): Laravel\\Lumen\\Application->handleFoundRoute(Array)
#14 /200/TwitchAnalytics/vendor/laravel/lumen-framework/src/Concerns/RoutesRequests.php(431): Laravel\\Lumen\\Application->Laravel\\Lumen\\Concerns\\{closure}(Object(Laravel\\Lumen\\Http\\Request))
#15 /200/TwitchAnalytics/vendor/laravel/lumen-framework/src/Concerns/RoutesRequests.php(167): Laravel\\Lumen\\Application->sendThroughPipeline(Array, Object(Closure))
#16 /200/TwitchAnalytics/vendor/laravel/lumen-framework/src/Concerns/RoutesRequests.php(112): Laravel\\Lumen\\Application->dispatch(NULL)
#17 /200/TwitchAnalytics/public/index.php(28): Laravel\\Lumen\\Application->run()
#18 {main}
"} 
[2025-05-11 18:20:37] production.ERROR: App\Repositories\DataBaseRepository::getConnection(): Return value must be of type PDO, null returned {"exception":"[object] (TypeError(code: 0): App\\Repositories\\DataBaseRepository::getConnection(): Return value must be of type PDO, null returned at /200/TwitchAnalytics/app/Repositories/DataBaseRepository.php:88)
[stacktrace]
#0 /200/TwitchAnalytics/app/Repositories/DataBaseRepository.php(44): App\\Repositories\\DataBaseRepository->getConnection()
#1 /200/TwitchAnalytics/app/Services/GetUserByIdService.php(22): App\\Repositories\\DataBaseRepository->getUserFromDataBase('999999')
#2 /200/TwitchAnalytics/app/Http/Controllers/GetUserById/GetUserByIdController.php(46): App\\Services\\GetUserByIdService->getUser('999999')
#3 /200/TwitchAnalytics/vendor/illuminate/container/BoundMethod.php(36): App\\Http\\Controllers\\GetUserById\\GetUserByIdController->getUser(Object(Laravel\\Lumen\\Http\\Request))
#4 /200/TwitchAnalytics/vendor/illuminate/container/Util.php(41): Illuminate\\Container\\BoundMethod::Illuminate\\Container\\{closure}()
#5 /200/TwitchAnalytics/vendor/illuminate/container/BoundMethod.php(93): Illuminate\\Container\\Util::unwrapIfClosure(Object(Closure))
#6 /200/TwitchAnalytics/vendor/illuminate/container/BoundMethod.php(35): Illuminate\\Container\\BoundMethod::callBoundMethod(Object(Laravel\\Lumen\\Application), Array, Object(Closure))
#7 /200/TwitchAnalytics/vendor/illuminate/container/Container.php(662): Illuminate\\Container\\BoundMethod::call(Object(Laravel\\Lumen\\Application), Array, Array, NULL)
#8 /200/TwitchAnalytics/vendor/laravel/lumen-framework/src/Concerns/RoutesRequests.php(391): Illuminate\\Container\\Container->call(Array, Array)
#9 /200/TwitchAnalytics/vendor/laravel/lumen-framework/src/Concerns/RoutesRequests.php(356): Laravel\\Lumen\\Application->callControllerCallable(Array, Array)
#10 /200/TwitchAnalytics/vendor/laravel/lumen-framework/src/Concerns/RoutesRequests.php(331): Laravel\\Lumen\\Application->callLumenController(Object(App\\Http\\Controllers\\GetUserById\\GetUserByIdController), 'getUser', Array)
#11 /200/TwitchAnalytics/vendor/laravel/lumen-framework/src/Concerns/RoutesRequests.php(284): Laravel\\Lumen\\Application->callControllerAction(Array)
#12 /200/TwitchAnalytics/vendor/laravel/lumen-framework/src/Concerns/RoutesRequests.php(269): Laravel\\Lumen\\Application->callActionOnArrayBasedRoute(Array)
#13 /200/TwitchAnalytics/vendor/laravel/lumen-framework/src/Concerns/RoutesRequests.php(171): Laravel\\Lumen\\Application->handleFoundRoute(Array)
#14 /200/TwitchAnalytics/vendor/laravel/lumen-framework/src/Concerns/RoutesRequests.php(431): Laravel\\Lumen\\Application->Laravel\\Lumen\\Concerns\\{closure}(Object(Laravel\\Lumen\\Http\\Request))
#15 /200/TwitchAnalytics/vendor/laravel/lumen-framework/src/Concerns/RoutesRequests.php(167): Laravel\\Lumen\\Application->sendThroughPipeline(Array, Object(Closure))
#16 /200/TwitchAnalytics/vendor/laravel/lumen-framework/src/Concerns/RoutesRequests.php(112): Laravel\\Lumen\\Application->dispatch(NULL)
#17 /200/TwitchAnalytics/public/index.php(28): Laravel\\Lumen\\Application->run()
#18 {main}
"} 
[2025-05-11 18:20:47] production.ERROR: Undefined array key 0 {"exception":"[object] (ErrorException(code: 0): Undefined array key 0 at /200/TwitchAnalytics/getTopsOfTops.php:18)
[stacktrace]
#0 /200/TwitchAnalytics/vendor/laravel/lumen-framework/src/Concerns/RegistersExceptionHandlers.php(47): Laravel\\Lumen\\Application->handleError(2, 'Undefined array...', '/200/TwitchAnal...', 18)
#1 /200/TwitchAnalytics/getTopsOfTops.php(18): Laravel\\Lumen\\Application->Laravel\\Lumen\\Concerns\\{closure}(2, 'Undefined array...', '/200/TwitchAnal...', 18)
#2 /200/TwitchAnalytics/routes/web.php(76): getTopOfTops(600)
#3 /200/TwitchAnalytics/vendor/illuminate/container/BoundMethod.php(36): Closure->{closure}()
#4 /200/TwitchAnalytics/vendor/illuminate/container/Util.php(41): Illuminate\\Container\\BoundMethod::Illuminate\\Container\\{closure}()
#5 /200/TwitchAnalytics/vendor/illuminate/container/BoundMethod.php(81): Illuminate\\Container\\Util::unwrapIfClosure(Object(Closure))
#6 /200/TwitchAnalytics/vendor/illuminate/container/BoundMethod.php(35): Illuminate\\Container\\BoundMethod::callBoundMethod(Object(Laravel\\Lumen\\Application), Object(Closure), Object(Closure))
#7 /200/TwitchAnalytics/vendor/illuminate/container/Container.php(662): Illuminate\\Container\\BoundMethod::call(Object(Laravel\\Lumen\\Application), Object(Closure), Array, NULL)
#8 /200/TwitchAnalytics/vendor/laravel/lumen-framework/src/Concerns/RoutesRequests.php(304): Illuminate\\Container\\Container->call(Object(Closure), Array)
#9 /200/TwitchAnalytics/vendor/laravel/lumen-framework/src/Concerns/RoutesRequests.php(269): Laravel\\Lumen\\Application->callActionOnArrayBasedRoute(Array)
#10 /200/TwitchAnalytics/vendor/laravel/lumen-framework/src/Concerns/RoutesRequests.php(171): Laravel\\Lumen\\Application->handleFoundRoute(Array)
#11 /200/TwitchAnalytics/vendor/laravel/lumen-framework/src/Concerns/RoutesRequests.php(431): Laravel\\Lumen\\Application->Laravel\\Lumen\\Concerns\\{closure}(Object(Laravel\\Lumen\\Http\\Request))
#12 /200/TwitchAnalytics/vendor/laravel/lumen-framework/src/Concerns/RoutesRequests.php(167): Laravel\\Lumen\\Application->sendThroughPipeline(Array, Object(Closure))
#13 /200/TwitchAnalytics/vendor/laravel/lumen-framework/src/Concerns/RoutesRequests.php(112): Laravel\\Lumen\\Application->dispatch(NULL)
#14 /200/TwitchAnalytics/public/index.php(28): Laravel\\Lumen\\Application->run()
#15 {main}
"} 
[2025-05-11 18:20:52] production.ERROR: Undefined array key 0 {"exception":"[object] (ErrorException(code: 0): Undefined array key 0 at /200/TwitchAnalytics/getTopsOfTops.php:18)
[stacktrace]
#0 /200/TwitchAnalytics/vendor/laravel/lumen-framework/src/Concerns/RegistersExceptionHandlers.php(47): Laravel\\Lumen\\Application->handleError(2, 'Undefined array...', '/200/TwitchAnal...', 18)
#1 /200/TwitchAnalytics/getTopsOfTops.php(18): Laravel\\Lumen\\Application->Laravel\\Lumen\\Concerns\\{closure}(2, 'Undefined array...', '/200/TwitchAnal...', 18)
#2 /200/TwitchAnalytics/routes/web.php(76): getTopOfTops(600)
#3 /200/TwitchAnalytics/vendor/illuminate/container/BoundMethod.php(36): Closure->{closure}()
#4 /200/TwitchAnalytics/vendor/illuminate/container/Util.php(41): Illuminate\\Container\\BoundMethod::Illuminate\\Container\\{closure}()
#5 /200/TwitchAnalytics/vendor/illuminate/container/BoundMethod.php(81): Illuminate\\Container\\Util::unwrapIfClosure(Object(Closure))
#6 /200/TwitchAnalytics/vendor/illuminate/container/BoundMethod.php(35): Illuminate\\Container\\BoundMethod::callBoundMethod(Object(Laravel\\Lumen\\Application), Object(Closure), Object(Closure))
#7 /200/TwitchAnalytics/vendor/illuminate/container/Container.php(662): Illuminate\\Container\\BoundMethod::call(Object(Laravel\\Lumen\\Application), Object(Closure), Array, NULL)
#8 /200/TwitchAnalytics/vendor/laravel/lumen-framework/src/Concerns/RoutesRequests.php(304): Illuminate\\Container\\Container->call(Object(Closure), Array)
#9 /200/TwitchAnalytics/vendor/laravel/lumen-framework/src/Concerns/RoutesRequests.php(269): Laravel\\Lumen\\Application->callActionOnArrayBasedRoute(Array)
#10 /200/TwitchAnalytics/vendor/laravel/lumen-framework/src/Concerns/RoutesRequests.php(171): Laravel\\Lumen\\Application->handleFoundRoute(Array)
#11 /200/TwitchAnalytics/vendor/laravel/lumen-framework/src/Concerns/RoutesRequests.php(431): Laravel\\Lumen\\Application->Laravel\\Lumen\\Concerns\\{closure}(Object(Laravel\\Lumen\\Http\\Request))
#12 /200/TwitchAnalytics/vendor/laravel/lumen-framework/src/Concerns/RoutesRequests.php(167): Laravel\\Lumen\\Application->sendThroughPipeline(Array, Object(Closure))
#13 /200/TwitchAnalytics/vendor/laravel/lumen-framework/src/Concerns/RoutesRequests.php(112): Laravel\\Lumen\\Application->dispatch(NULL)
#14 /200/TwitchAnalytics/public/index.php(28): Laravel\\Lumen\\Application->run()
#15 {main}
"} 
[2025-05-11 18:39:34] production.ERROR: App\Repositories\DataBaseRepository::getConnection(): Return value must be of type PDO, null returned {"exception":"[object] (TypeError(code: 0): App\\Repositories\\DataBaseRepository::getConnection(): Return value must be of type PDO, null returned at /200/TwitchAnalytics/app/Repositories/DataBaseRepository.php:88)
[stacktrace]
#0 /200/TwitchAnalytics/app/Repositories/DataBaseRepository.php(13): App\\Repositories\\DataBaseRepository->getConnection()
#1 /200/TwitchAnalytics/app/Services/UserRegisterService.php(18): App\\Repositories\\DataBaseRepository->getApiKey('usuario@example...')
#2 /200/TwitchAnalytics/app/Http/Controllers/Register/RegisterController.php(30): App\\Services\\UserRegisterService->register('usuario@example...')
#3 /200/TwitchAnalytics/vendor/illuminate/container/BoundMethod.php(36): App\\Http\\Controllers\\Register\\RegisterController->register(Object(Laravel\\Lumen\\Http\\Request))
#4 /200/TwitchAnalytics/vendor/illuminate/container/Util.php(41): Illuminate\\Container\\BoundMethod::Illuminate\\Container\\{closure}()
#5 /200/TwitchAnalytics/vendor/illuminate/container/BoundMethod.php(93): Illuminate\\Container\\Util::unwrapIfClosure(Object(Closure))
#6 /200/TwitchAnalytics/vendor/illuminate/container/BoundMethod.php(35): Illuminate\\Container\\BoundMethod::callBoundMethod(Object(Laravel\\Lumen\\Application), Array, Object(Closure))
#7 /200/TwitchAnalytics/vendor/illuminate/container/Container.php(662): Illuminate\\Container\\BoundMethod::call(Object(Laravel\\Lumen\\Application), Array, Array, NULL)
#8 /200/TwitchAnalytics/vendor/laravel/lumen-framework/src/Concerns/RoutesRequests.php(391): Illuminate\\Container\\Container->call(Array, Array)
#9 /200/TwitchAnalytics/vendor/laravel/lumen-framework/src/Concerns/RoutesRequests.php(356): Laravel\\Lumen\\Application->callControllerCallable(Array, Array)
#10 /200/TwitchAnalytics/vendor/laravel/lumen-framework/src/Concerns/RoutesRequests.php(331): Laravel\\Lumen\\Application->callLumenController(Object(App\\Http\\Controllers\\Register\\RegisterController), 'register', Array)
#11 /200/TwitchAnalytics/vendor/laravel/lumen-framework/src/Concerns/RoutesRequests.php(284): Laravel\\Lumen\\Application->callControllerAction(Array)
#12 /200/TwitchAnalytics/vendor/laravel/lumen-framework/src/Concerns/RoutesRequests.php(269): Laravel\\Lumen\\Application->callActionOnArrayBasedRoute(Array)
#13 /200/TwitchAnalytics/vendor/laravel/lumen-framework/src/Concerns/RoutesRequests.php(171): Laravel\\Lumen\\Application->handleFoundRoute(Array)
#14 /200/TwitchAnalytics/vendor/laravel/lumen-framework/src/Concerns/RoutesRequests.php(431): Laravel\\Lumen\\Application->Laravel\\Lumen\\Concerns\\{closure}(Object(Laravel\\Lumen\\Http\\Request))
#15 /200/TwitchAnalytics/vendor/laravel/lumen-framework/src/Concerns/RoutesRequests.php(167): Laravel\\Lumen\\Application->sendThroughPipeline(Array, Object(Closure))
#16 /200/TwitchAnalytics/vendor/laravel/lumen-framework/src/Concerns/RoutesRequests.php(112): Laravel\\Lumen\\Application->dispatch(NULL)
#17 /200/TwitchAnalytics/public/index.php(28): Laravel\\Lumen\\Application->run()
#18 {main}
"} 
[2025-05-11 18:39:35] production.ERROR: App\Repositories\DataBaseRepository::getConnection(): Return value must be of type PDO, null returned {"exception":"[object] (TypeError(code: 0): App\\Repositories\\DataBaseRepository::getConnection(): Return value must be of type PDO, null returned at /200/TwitchAnalytics/app/Repositories/DataBaseRepository.php:88)
[stacktrace]
#0 /200/TwitchAnalytics/app/Repositories/DataBaseRepository.php(13): App\\Repositories\\DataBaseRepository->getConnection()
#1 /200/TwitchAnalytics/app/Services/UserRegisterService.php(18): App\\Repositories\\DataBaseRepository->getApiKey('usuario@example...')
#2 /200/TwitchAnalytics/app/Http/Controllers/Register/RegisterController.php(30): App\\Services\\UserRegisterService->register('usuario@example...')
#3 /200/TwitchAnalytics/vendor/illuminate/container/BoundMethod.php(36): App\\Http\\Controllers\\Register\\RegisterController->register(Object(Laravel\\Lumen\\Http\\Request))
#4 /200/TwitchAnalytics/vendor/illuminate/container/Util.php(41): Illuminate\\Container\\BoundMethod::Illuminate\\Container\\{closure}()
#5 /200/TwitchAnalytics/vendor/illuminate/container/BoundMethod.php(93): Illuminate\\Container\\Util::unwrapIfClosure(Object(Closure))
#6 /200/TwitchAnalytics/vendor/illuminate/container/BoundMethod.php(35): Illuminate\\Container\\BoundMethod::callBoundMethod(Object(Laravel\\Lumen\\Application), Array, Object(Closure))
#7 /200/TwitchAnalytics/vendor/illuminate/container/Container.php(662): Illuminate\\Container\\BoundMethod::call(Object(Laravel\\Lumen\\Application), Array, Array, NULL)
#8 /200/TwitchAnalytics/vendor/laravel/lumen-framework/src/Concerns/RoutesRequests.php(391): Illuminate\\Container\\Container->call(Array, Array)
#9 /200/TwitchAnalytics/vendor/laravel/lumen-framework/src/Concerns/RoutesRequests.php(356): Laravel\\Lumen\\Application->callControllerCallable(Array, Array)
#10 /200/TwitchAnalytics/vendor/laravel/lumen-framework/src/Concerns/RoutesRequests.php(331): Laravel\\Lumen\\Application->callLumenController(Object(App\\Http\\Controllers\\Register\\RegisterController), 'register', Array)
#11 /200/TwitchAnalytics/vendor/laravel/lumen-framework/src/Concerns/RoutesRequests.php(284): Laravel\\Lumen\\Application->callControllerAction(Array)
#12 /200/TwitchAnalytics/vendor/laravel/lumen-framework/src/Concerns/RoutesRequests.php(269): Laravel\\Lumen\\Application->callActionOnArrayBasedRoute(Array)
#13 /200/TwitchAnalytics/vendor/laravel/lumen-framework/src/Concerns/RoutesRequests.php(171): Laravel\\Lumen\\Application->handleFoundRoute(Array)
#14 /200/TwitchAnalytics/vendor/laravel/lumen-framework/src/Concerns/RoutesRequests.php(431): Laravel\\Lumen\\Application->Laravel\\Lumen\\Concerns\\{closure}(Object(Laravel\\Lumen\\Http\\Request))
#15 /200/TwitchAnalytics/vendor/laravel/lumen-framework/src/Concerns/RoutesRequests.php(167): Laravel\\Lumen\\Application->sendThroughPipeline(Array, Object(Closure))
#16 /200/TwitchAnalytics/vendor/laravel/lumen-framework/src/Concerns/RoutesRequests.php(112): Laravel\\Lumen\\Application->dispatch(NULL)
#17 /200/TwitchAnalytics/public/index.php(28): Laravel\\Lumen\\Application->run()
#18 {main}
"} 
[2025-05-11 18:39:43] production.ERROR: App\Repositories\DataBaseRepository::getConnection(): Return value must be of type PDO, null returned {"exception":"[object] (TypeError(code: 0): App\\Repositories\\DataBaseRepository::getConnection(): Return value must be of type PDO, null returned at /200/TwitchAnalytics/app/Repositories/DataBaseRepository.php:88)
[stacktrace]
#0 /200/TwitchAnalytics/app/Repositories/DataBaseRepository.php(44): App\\Repositories\\DataBaseRepository->getConnection()
#1 /200/TwitchAnalytics/app/Services/GetUserByIdService.php(22): App\\Repositories\\DataBaseRepository->getUserFromDataBase('12344')
#2 /200/TwitchAnalytics/app/Http/Controllers/GetUserById/GetUserByIdController.php(46): App\\Services\\GetUserByIdService->getUser('12344')
#3 /200/TwitchAnalytics/vendor/illuminate/container/BoundMethod.php(36): App\\Http\\Controllers\\GetUserById\\GetUserByIdController->getUser(Object(Laravel\\Lumen\\Http\\Request))
#4 /200/TwitchAnalytics/vendor/illuminate/container/Util.php(41): Illuminate\\Container\\BoundMethod::Illuminate\\Container\\{closure}()
#5 /200/TwitchAnalytics/vendor/illuminate/container/BoundMethod.php(93): Illuminate\\Container\\Util::unwrapIfClosure(Object(Closure))
#6 /200/TwitchAnalytics/vendor/illuminate/container/BoundMethod.php(35): Illuminate\\Container\\BoundMethod::callBoundMethod(Object(Laravel\\Lumen\\Application), Array, Object(Closure))
#7 /200/TwitchAnalytics/vendor/illuminate/container/Container.php(662): Illuminate\\Container\\BoundMethod::call(Object(Laravel\\Lumen\\Application), Array, Array, NULL)
#8 /200/TwitchAnalytics/vendor/laravel/lumen-framework/src/Concerns/RoutesRequests.php(391): Illuminate\\Container\\Container->call(Array, Array)
#9 /200/TwitchAnalytics/vendor/laravel/lumen-framework/src/Concerns/RoutesRequests.php(356): Laravel\\Lumen\\Application->callControllerCallable(Array, Array)
#10 /200/TwitchAnalytics/vendor/laravel/lumen-framework/src/Concerns/RoutesRequests.php(331): Laravel\\Lumen\\Application->callLumenController(Object(App\\Http\\Controllers\\GetUserById\\GetUserByIdController), 'getUser', Array)
#11 /200/TwitchAnalytics/vendor/laravel/lumen-framework/src/Concerns/RoutesRequests.php(284): Laravel\\Lumen\\Application->callControllerAction(Array)
#12 /200/TwitchAnalytics/vendor/laravel/lumen-framework/src/Concerns/RoutesRequests.php(269): Laravel\\Lumen\\Application->callActionOnArrayBasedRoute(Array)
#13 /200/TwitchAnalytics/vendor/laravel/lumen-framework/src/Concerns/RoutesRequests.php(171): Laravel\\Lumen\\Application->handleFoundRoute(Array)
#14 /200/TwitchAnalytics/vendor/laravel/lumen-framework/src/Concerns/RoutesRequests.php(431): Laravel\\Lumen\\Application->Laravel\\Lumen\\Concerns\\{closure}(Object(Laravel\\Lumen\\Http\\Request))
#15 /200/TwitchAnalytics/vendor/laravel/lumen-framework/src/Concerns/RoutesRequests.php(167): Laravel\\Lumen\\Application->sendThroughPipeline(Array, Object(Closure))
#16 /200/TwitchAnalytics/vendor/laravel/lumen-framework/src/Concerns/RoutesRequests.php(112): Laravel\\Lumen\\Application->dispatch(NULL)
#17 /200/TwitchAnalytics/public/index.php(28): Laravel\\Lumen\\Application->run()
#18 {main}
"} 
[2025-05-11 18:39:47] production.ERROR: App\Repositories\DataBaseRepository::getConnection(): Return value must be of type PDO, null returned {"exception":"[object] (TypeError(code: 0): App\\Repositories\\DataBaseRepository::getConnection(): Return value must be of type PDO, null returned at /200/TwitchAnalytics/app/Repositories/DataBaseRepository.php:88)
[stacktrace]
#0 /200/TwitchAnalytics/app/Repositories/DataBaseRepository.php(44): App\\Repositories\\DataBaseRepository->getConnection()
#1 /200/TwitchAnalytics/app/Services/GetUserByIdService.php(22): App\\Repositories\\DataBaseRepository->getUserFromDataBase('999999')
#2 /200/TwitchAnalytics/app/Http/Controllers/GetUserById/GetUserByIdController.php(46): App\\Services\\GetUserByIdService->getUser('999999')
#3 /200/TwitchAnalytics/vendor/illuminate/container/BoundMethod.php(36): App\\Http\\Controllers\\GetUserById\\GetUserByIdController->getUser(Object(Laravel\\Lumen\\Http\\Request))
#4 /200/TwitchAnalytics/vendor/illuminate/container/Util.php(41): Illuminate\\Container\\BoundMethod::Illuminate\\Container\\{closure}()
#5 /200/TwitchAnalytics/vendor/illuminate/container/BoundMethod.php(93): Illuminate\\Container\\Util::unwrapIfClosure(Object(Closure))
#6 /200/TwitchAnalytics/vendor/illuminate/container/BoundMethod.php(35): Illuminate\\Container\\BoundMethod::callBoundMethod(Object(Laravel\\Lumen\\Application), Array, Object(Closure))
#7 /200/TwitchAnalytics/vendor/illuminate/container/Container.php(662): Illuminate\\Container\\BoundMethod::call(Object(Laravel\\Lumen\\Application), Array, Array, NULL)
#8 /200/TwitchAnalytics/vendor/laravel/lumen-framework/src/Concerns/RoutesRequests.php(391): Illuminate\\Container\\Container->call(Array, Array)
#9 /200/TwitchAnalytics/vendor/laravel/lumen-framework/src/Concerns/RoutesRequests.php(356): Laravel\\Lumen\\Application->callControllerCallable(Array, Array)
#10 /200/TwitchAnalytics/vendor/laravel/lumen-framework/src/Concerns/RoutesRequests.php(331): Laravel\\Lumen\\Application->callLumenController(Object(App\\Http\\Controllers\\GetUserById\\GetUserByIdController), 'getUser', Array)
#11 /200/TwitchAnalytics/vendor/laravel/lumen-framework/src/Concerns/RoutesRequests.php(284): Laravel\\Lumen\\Application->callControllerAction(Array)
#12 /200/TwitchAnalytics/vendor/laravel/lumen-framework/src/Concerns/RoutesRequests.php(269): Laravel\\Lumen\\Application->callActionOnArrayBasedRoute(Array)
#13 /200/TwitchAnalytics/vendor/laravel/lumen-framework/src/Concerns/RoutesRequests.php(171): Laravel\\Lumen\\Application->handleFoundRoute(Array)
#14 /200/TwitchAnalytics/vendor/laravel/lumen-framework/src/Concerns/RoutesRequests.php(431): Laravel\\Lumen\\Application->Laravel\\Lumen\\Concerns\\{closure}(Object(Laravel\\Lumen\\Http\\Request))
#15 /200/TwitchAnalytics/vendor/laravel/lumen-framework/src/Concerns/RoutesRequests.php(167): Laravel\\Lumen\\Application->sendThroughPipeline(Array, Object(Closure))
#16 /200/TwitchAnalytics/vendor/laravel/lumen-framework/src/Concerns/RoutesRequests.php(112): Laravel\\Lumen\\Application->dispatch(NULL)
#17 /200/TwitchAnalytics/public/index.php(28): Laravel\\Lumen\\Application->run()
#18 {main}
"} 
[2025-05-11 18:39:58] production.ERROR: Undefined array key 0 {"exception":"[object] (ErrorException(code: 0): Undefined array key 0 at /200/TwitchAnalytics/getTopsOfTops.php:18)
[stacktrace]
#0 /200/TwitchAnalytics/vendor/laravel/lumen-framework/src/Concerns/RegistersExceptionHandlers.php(47): Laravel\\Lumen\\Application->handleError(2, 'Undefined array...', '/200/TwitchAnal...', 18)
#1 /200/TwitchAnalytics/getTopsOfTops.php(18): Laravel\\Lumen\\Application->Laravel\\Lumen\\Concerns\\{closure}(2, 'Undefined array...', '/200/TwitchAnal...', 18)
#2 /200/TwitchAnalytics/routes/web.php(76): getTopOfTops(600)
#3 /200/TwitchAnalytics/vendor/illuminate/container/BoundMethod.php(36): Closure->{closure}()
#4 /200/TwitchAnalytics/vendor/illuminate/container/Util.php(41): Illuminate\\Container\\BoundMethod::Illuminate\\Container\\{closure}()
#5 /200/TwitchAnalytics/vendor/illuminate/container/BoundMethod.php(81): Illuminate\\Container\\Util::unwrapIfClosure(Object(Closure))
#6 /200/TwitchAnalytics/vendor/illuminate/container/BoundMethod.php(35): Illuminate\\Container\\BoundMethod::callBoundMethod(Object(Laravel\\Lumen\\Application), Object(Closure), Object(Closure))
#7 /200/TwitchAnalytics/vendor/illuminate/container/Container.php(662): Illuminate\\Container\\BoundMethod::call(Object(Laravel\\Lumen\\Application), Object(Closure), Array, NULL)
#8 /200/TwitchAnalytics/vendor/laravel/lumen-framework/src/Concerns/RoutesRequests.php(304): Illuminate\\Container\\Container->call(Object(Closure), Array)
#9 /200/TwitchAnalytics/vendor/laravel/lumen-framework/src/Concerns/RoutesRequests.php(269): Laravel\\Lumen\\Application->callActionOnArrayBasedRoute(Array)
#10 /200/TwitchAnalytics/vendor/laravel/lumen-framework/src/Concerns/RoutesRequests.php(171): Laravel\\Lumen\\Application->handleFoundRoute(Array)
#11 /200/TwitchAnalytics/vendor/laravel/lumen-framework/src/Concerns/RoutesRequests.php(431): Laravel\\Lumen\\Application->Laravel\\Lumen\\Concerns\\{closure}(Object(Laravel\\Lumen\\Http\\Request))
#12 /200/TwitchAnalytics/vendor/laravel/lumen-framework/src/Concerns/RoutesRequests.php(167): Laravel\\Lumen\\Application->sendThroughPipeline(Array, Object(Closure))
#13 /200/TwitchAnalytics/vendor/laravel/lumen-framework/src/Concerns/RoutesRequests.php(112): Laravel\\Lumen\\Application->dispatch(NULL)
#14 /200/TwitchAnalytics/public/index.php(28): Laravel\\Lumen\\Application->run()
#15 {main}
"} 
[2025-05-11 18:42:38] production.ERROR: App\Repositories\DataBaseRepository::getConnection(): Return value must be of type PDO, null returned {"exception":"[object] (TypeError(code: 0): App\\Repositories\\DataBaseRepository::getConnection(): Return value must be of type PDO, null returned at /200/TwitchAnalytics/app/Repositories/DataBaseRepository.php:88)
[stacktrace]
#0 /200/TwitchAnalytics/app/Repositories/DataBaseRepository.php(13): App\\Repositories\\DataBaseRepository->getConnection()
#1 /200/TwitchAnalytics/app/Services/UserRegisterService.php(18): App\\Repositories\\DataBaseRepository->getApiKey('usuario@example...')
#2 /200/TwitchAnalytics/app/Http/Controllers/Register/RegisterController.php(30): App\\Services\\UserRegisterService->register('usuario@example...')
#3 /200/TwitchAnalytics/vendor/illuminate/container/BoundMethod.php(36): App\\Http\\Controllers\\Register\\RegisterController->register(Object(Laravel\\Lumen\\Http\\Request))
#4 /200/TwitchAnalytics/vendor/illuminate/container/Util.php(41): Illuminate\\Container\\BoundMethod::Illuminate\\Container\\{closure}()
#5 /200/TwitchAnalytics/vendor/illuminate/container/BoundMethod.php(93): Illuminate\\Container\\Util::unwrapIfClosure(Object(Closure))
#6 /200/TwitchAnalytics/vendor/illuminate/container/BoundMethod.php(35): Illuminate\\Container\\BoundMethod::callBoundMethod(Object(Laravel\\Lumen\\Application), Array, Object(Closure))
#7 /200/TwitchAnalytics/vendor/illuminate/container/Container.php(662): Illuminate\\Container\\BoundMethod::call(Object(Laravel\\Lumen\\Application), Array, Array, NULL)
#8 /200/TwitchAnalytics/vendor/laravel/lumen-framework/src/Concerns/RoutesRequests.php(391): Illuminate\\Container\\Container->call(Array, Array)
#9 /200/TwitchAnalytics/vendor/laravel/lumen-framework/src/Concerns/RoutesRequests.php(356): Laravel\\Lumen\\Application->callControllerCallable(Array, Array)
#10 /200/TwitchAnalytics/vendor/laravel/lumen-framework/src/Concerns/RoutesRequests.php(331): Laravel\\Lumen\\Application->callLumenController(Object(App\\Http\\Controllers\\Register\\RegisterController), 'register', Array)
#11 /200/TwitchAnalytics/vendor/laravel/lumen-framework/src/Concerns/RoutesRequests.php(284): Laravel\\Lumen\\Application->callControllerAction(Array)
#12 /200/TwitchAnalytics/vendor/laravel/lumen-framework/src/Concerns/RoutesRequests.php(269): Laravel\\Lumen\\Application->callActionOnArrayBasedRoute(Array)
#13 /200/TwitchAnalytics/vendor/laravel/lumen-framework/src/Concerns/RoutesRequests.php(171): Laravel\\Lumen\\Application->handleFoundRoute(Array)
#14 /200/TwitchAnalytics/vendor/laravel/lumen-framework/src/Concerns/RoutesRequests.php(431): Laravel\\Lumen\\Application->Laravel\\Lumen\\Concerns\\{closure}(Object(Laravel\\Lumen\\Http\\Request))
#15 /200/TwitchAnalytics/vendor/laravel/lumen-framework/src/Concerns/RoutesRequests.php(167): Laravel\\Lumen\\Application->sendThroughPipeline(Array, Object(Closure))
#16 /200/TwitchAnalytics/vendor/laravel/lumen-framework/src/Concerns/RoutesRequests.php(112): Laravel\\Lumen\\Application->dispatch(NULL)
#17 /200/TwitchAnalytics/public/index.php(28): Laravel\\Lumen\\Application->run()
#18 {main}
"} 
[2025-05-11 18:42:39] production.ERROR: App\Repositories\DataBaseRepository::getConnection(): Return value must be of type PDO, null returned {"exception":"[object] (TypeError(code: 0): App\\Repositories\\DataBaseRepository::getConnection(): Return value must be of type PDO, null returned at /200/TwitchAnalytics/app/Repositories/DataBaseRepository.php:88)
[stacktrace]
#0 /200/TwitchAnalytics/app/Repositories/DataBaseRepository.php(13): App\\Repositories\\DataBaseRepository->getConnection()
#1 /200/TwitchAnalytics/app/Services/UserRegisterService.php(18): App\\Repositories\\DataBaseRepository->getApiKey('usuario@example...')
#2 /200/TwitchAnalytics/app/Http/Controllers/Register/RegisterController.php(30): App\\Services\\UserRegisterService->register('usuario@example...')
#3 /200/TwitchAnalytics/vendor/illuminate/container/BoundMethod.php(36): App\\Http\\Controllers\\Register\\RegisterController->register(Object(Laravel\\Lumen\\Http\\Request))
#4 /200/TwitchAnalytics/vendor/illuminate/container/Util.php(41): Illuminate\\Container\\BoundMethod::Illuminate\\Container\\{closure}()
#5 /200/TwitchAnalytics/vendor/illuminate/container/BoundMethod.php(93): Illuminate\\Container\\Util::unwrapIfClosure(Object(Closure))
#6 /200/TwitchAnalytics/vendor/illuminate/container/BoundMethod.php(35): Illuminate\\Container\\BoundMethod::callBoundMethod(Object(Laravel\\Lumen\\Application), Array, Object(Closure))
#7 /200/TwitchAnalytics/vendor/illuminate/container/Container.php(662): Illuminate\\Container\\BoundMethod::call(Object(Laravel\\Lumen\\Application), Array, Array, NULL)
#8 /200/TwitchAnalytics/vendor/laravel/lumen-framework/src/Concerns/RoutesRequests.php(391): Illuminate\\Container\\Container->call(Array, Array)
#9 /200/TwitchAnalytics/vendor/laravel/lumen-framework/src/Concerns/RoutesRequests.php(356): Laravel\\Lumen\\Application->callControllerCallable(Array, Array)
#10 /200/TwitchAnalytics/vendor/laravel/lumen-framework/src/Concerns/RoutesRequests.php(331): Laravel\\Lumen\\Application->callLumenController(Object(App\\Http\\Controllers\\Register\\RegisterController), 'register', Array)
#11 /200/TwitchAnalytics/vendor/laravel/lumen-framework/src/Concerns/RoutesRequests.php(284): Laravel\\Lumen\\Application->callControllerAction(Array)
#12 /200/TwitchAnalytics/vendor/laravel/lumen-framework/src/Concerns/RoutesRequests.php(269): Laravel\\Lumen\\Application->callActionOnArrayBasedRoute(Array)
#13 /200/TwitchAnalytics/vendor/laravel/lumen-framework/src/Concerns/RoutesRequests.php(171): Laravel\\Lumen\\Application->handleFoundRoute(Array)
#14 /200/TwitchAnalytics/vendor/laravel/lumen-framework/src/Concerns/RoutesRequests.php(431): Laravel\\Lumen\\Application->Laravel\\Lumen\\Concerns\\{closure}(Object(Laravel\\Lumen\\Http\\Request))
#15 /200/TwitchAnalytics/vendor/laravel/lumen-framework/src/Concerns/RoutesRequests.php(167): Laravel\\Lumen\\Application->sendThroughPipeline(Array, Object(Closure))
#16 /200/TwitchAnalytics/vendor/laravel/lumen-framework/src/Concerns/RoutesRequests.php(112): Laravel\\Lumen\\Application->dispatch(NULL)
#17 /200/TwitchAnalytics/public/index.php(28): Laravel\\Lumen\\Application->run()
#18 {main}
"} 
