[2025-05-03 00:17:01] local.ERROR: require_once(/200/TwitchAnalytics/routes/../getTopOfTops.php): Failed to open stream: No such file or directory {"exception":"[object] (ErrorException(code: 0): require_once(/200/TwitchAnalytics/routes/../getTopOfTops.php): Failed to open stream: No such file or directory at /200/TwitchAnalytics/routes/web.php:78)
[stacktrace]
#0 /200/TwitchAnalytics/vendor/laravel/lumen-framework/src/Concerns/RegistersExceptionHandlers.php(47): Laravel\\Lumen\\Application->handleError(2, 'require_once(/2...', '/200/TwitchAnal...', 78)
#1 /200/TwitchAnalytics/routes/web.php(78): Laravel\\Lumen\\Application->Laravel\\Lumen\\Concerns\\{closure}(2, 'require_once(/2...', '/200/TwitchAnal...', 78)
#2 /200/TwitchAnalytics/routes/web.php(78): require_once('/200/TwitchAnal...')
#3 /200/TwitchAnalytics/vendor/illuminate/container/BoundMethod.php(36): Closure->{closure}()
#4 /200/TwitchAnalytics/vendor/illuminate/container/Util.php(41): Illuminate\\Container\\BoundMethod::Illuminate\\Container\\{closure}()
#5 /200/TwitchAnalytics/vendor/illuminate/container/BoundMethod.php(81): Illuminate\\Container\\Util::unwrapIfClosure(Object(Closure))
#6 /200/TwitchAnalytics/vendor/illuminate/container/BoundMethod.php(35): Illuminate\\Container\\BoundMethod::callBoundMethod(Object(Laravel\\Lumen\\Application), Object(Closure), Object(Closure))
#7 /200/TwitchAnalytics/vendor/illuminate/container/Container.php(662): Illuminate\\Container\\BoundMethod::call(Object(Laravel\\Lumen\\Application), Object(Closure), Array, NULL)
#8 /200/TwitchAnalytics/vendor/laravel/lumen-framework/src/Concerns/RoutesRequests.php(304): Illuminate\\Container\\Container->call(Object(Closure), Array)
#9 /200/TwitchAnalytics/vendor/laravel/lumen-framework/src/Concerns/RoutesRequests.php(269): Laravel\\Lumen\\Application->callActionOnArrayBasedRoute(Array)
#10 /200/TwitchAnalytics/vendor/laravel/lumen-framework/src/Concerns/RoutesRequests.php(171): Laravel\\Lumen\\Application->handleFoundRoute(Array)
#11 /200/TwitchAnalytics/vendor/laravel/lumen-framework/src/Concerns/RoutesRequests.php(431): Laravel\\Lumen\\Application->Laravel\\Lumen\\Concerns\\{closure}(Object(Laravel\\Lumen\\Http\\Request))
#12 /200/TwitchAnalytics/vendor/laravel/lumen-framework/src/Concerns/RoutesRequests.php(167): Laravel\\Lumen\\Application->sendThroughPipeline(Array, Object(Closure))
#13 /200/TwitchAnalytics/vendor/laravel/lumen-framework/src/Concerns/RoutesRequests.php(112): Laravel\\Lumen\\Application->dispatch(NULL)
#14 /200/TwitchAnalytics/public/index.php(28): Laravel\\Lumen\\Application->run()
#15 {main}
"} 
[2025-05-03 00:17:03] local.ERROR: require_once(/200/TwitchAnalytics/routes/../getTopOfTops.php): Failed to open stream: No such file or directory {"exception":"[object] (ErrorException(code: 0): require_once(/200/TwitchAnalytics/routes/../getTopOfTops.php): Failed to open stream: No such file or directory at /200/TwitchAnalytics/routes/web.php:78)
[stacktrace]
#0 /200/TwitchAnalytics/vendor/laravel/lumen-framework/src/Concerns/RegistersExceptionHandlers.php(47): Laravel\\Lumen\\Application->handleError(2, 'require_once(/2...', '/200/TwitchAnal...', 78)
#1 /200/TwitchAnalytics/routes/web.php(78): Laravel\\Lumen\\Application->Laravel\\Lumen\\Concerns\\{closure}(2, 'require_once(/2...', '/200/TwitchAnal...', 78)
#2 /200/TwitchAnalytics/routes/web.php(78): require_once('/200/TwitchAnal...')
#3 /200/TwitchAnalytics/vendor/illuminate/container/BoundMethod.php(36): Closure->{closure}()
#4 /200/TwitchAnalytics/vendor/illuminate/container/Util.php(41): Illuminate\\Container\\BoundMethod::Illuminate\\Container\\{closure}()
#5 /200/TwitchAnalytics/vendor/illuminate/container/BoundMethod.php(81): Illuminate\\Container\\Util::unwrapIfClosure(Object(Closure))
#6 /200/TwitchAnalytics/vendor/illuminate/container/BoundMethod.php(35): Illuminate\\Container\\BoundMethod::callBoundMethod(Object(Laravel\\Lumen\\Application), Object(Closure), Object(Closure))
#7 /200/TwitchAnalytics/vendor/illuminate/container/Container.php(662): Illuminate\\Container\\BoundMethod::call(Object(Laravel\\Lumen\\Application), Object(Closure), Array, NULL)
#8 /200/TwitchAnalytics/vendor/laravel/lumen-framework/src/Concerns/RoutesRequests.php(304): Illuminate\\Container\\Container->call(Object(Closure), Array)
#9 /200/TwitchAnalytics/vendor/laravel/lumen-framework/src/Concerns/RoutesRequests.php(269): Laravel\\Lumen\\Application->callActionOnArrayBasedRoute(Array)
#10 /200/TwitchAnalytics/vendor/laravel/lumen-framework/src/Concerns/RoutesRequests.php(171): Laravel\\Lumen\\Application->handleFoundRoute(Array)
#11 /200/TwitchAnalytics/vendor/laravel/lumen-framework/src/Concerns/RoutesRequests.php(431): Laravel\\Lumen\\Application->Laravel\\Lumen\\Concerns\\{closure}(Object(Laravel\\Lumen\\Http\\Request))
#12 /200/TwitchAnalytics/vendor/laravel/lumen-framework/src/Concerns/RoutesRequests.php(167): Laravel\\Lumen\\Application->sendThroughPipeline(Array, Object(Closure))
#13 /200/TwitchAnalytics/vendor/laravel/lumen-framework/src/Concerns/RoutesRequests.php(112): Laravel\\Lumen\\Application->dispatch(NULL)
#14 /200/TwitchAnalytics/public/index.php(28): Laravel\\Lumen\\Application->run()
#15 {main}
"} 
[2025-05-03 00:17:04] local.ERROR: require_once(/200/TwitchAnalytics/routes/../getTopOfTops.php): Failed to open stream: No such file or directory {"exception":"[object] (ErrorException(code: 0): require_once(/200/TwitchAnalytics/routes/../getTopOfTops.php): Failed to open stream: No such file or directory at /200/TwitchAnalytics/routes/web.php:78)
[stacktrace]
#0 /200/TwitchAnalytics/vendor/laravel/lumen-framework/src/Concerns/RegistersExceptionHandlers.php(47): Laravel\\Lumen\\Application->handleError(2, 'require_once(/2...', '/200/TwitchAnal...', 78)
#1 /200/TwitchAnalytics/routes/web.php(78): Laravel\\Lumen\\Application->Laravel\\Lumen\\Concerns\\{closure}(2, 'require_once(/2...', '/200/TwitchAnal...', 78)
#2 /200/TwitchAnalytics/routes/web.php(78): require_once('/200/TwitchAnal...')
#3 /200/TwitchAnalytics/vendor/illuminate/container/BoundMethod.php(36): Closure->{closure}()
#4 /200/TwitchAnalytics/vendor/illuminate/container/Util.php(41): Illuminate\\Container\\BoundMethod::Illuminate\\Container\\{closure}()
#5 /200/TwitchAnalytics/vendor/illuminate/container/BoundMethod.php(81): Illuminate\\Container\\Util::unwrapIfClosure(Object(Closure))
#6 /200/TwitchAnalytics/vendor/illuminate/container/BoundMethod.php(35): Illuminate\\Container\\BoundMethod::callBoundMethod(Object(Laravel\\Lumen\\Application), Object(Closure), Object(Closure))
#7 /200/TwitchAnalytics/vendor/illuminate/container/Container.php(662): Illuminate\\Container\\BoundMethod::call(Object(Laravel\\Lumen\\Application), Object(Closure), Array, NULL)
#8 /200/TwitchAnalytics/vendor/laravel/lumen-framework/src/Concerns/RoutesRequests.php(304): Illuminate\\Container\\Container->call(Object(Closure), Array)
#9 /200/TwitchAnalytics/vendor/laravel/lumen-framework/src/Concerns/RoutesRequests.php(269): Laravel\\Lumen\\Application->callActionOnArrayBasedRoute(Array)
#10 /200/TwitchAnalytics/vendor/laravel/lumen-framework/src/Concerns/RoutesRequests.php(171): Laravel\\Lumen\\Application->handleFoundRoute(Array)
#11 /200/TwitchAnalytics/vendor/laravel/lumen-framework/src/Concerns/RoutesRequests.php(431): Laravel\\Lumen\\Application->Laravel\\Lumen\\Concerns\\{closure}(Object(Laravel\\Lumen\\Http\\Request))
#12 /200/TwitchAnalytics/vendor/laravel/lumen-framework/src/Concerns/RoutesRequests.php(167): Laravel\\Lumen\\Application->sendThroughPipeline(Array, Object(Closure))
#13 /200/TwitchAnalytics/vendor/laravel/lumen-framework/src/Concerns/RoutesRequests.php(112): Laravel\\Lumen\\Application->dispatch(NULL)
#14 /200/TwitchAnalytics/public/index.php(28): Laravel\\Lumen\\Application->run()
#15 {main}
"} 
[2025-05-03 00:17:06] local.ERROR: require_once(/200/TwitchAnalytics/routes/../getTopOfTops.php): Failed to open stream: No such file or directory {"exception":"[object] (ErrorException(code: 0): require_once(/200/TwitchAnalytics/routes/../getTopOfTops.php): Failed to open stream: No such file or directory at /200/TwitchAnalytics/routes/web.php:78)
[stacktrace]
#0 /200/TwitchAnalytics/vendor/laravel/lumen-framework/src/Concerns/RegistersExceptionHandlers.php(47): Laravel\\Lumen\\Application->handleError(2, 'require_once(/2...', '/200/TwitchAnal...', 78)
#1 /200/TwitchAnalytics/routes/web.php(78): Laravel\\Lumen\\Application->Laravel\\Lumen\\Concerns\\{closure}(2, 'require_once(/2...', '/200/TwitchAnal...', 78)
#2 /200/TwitchAnalytics/routes/web.php(78): require_once('/200/TwitchAnal...')
#3 /200/TwitchAnalytics/vendor/illuminate/container/BoundMethod.php(36): Closure->{closure}()
#4 /200/TwitchAnalytics/vendor/illuminate/container/Util.php(41): Illuminate\\Container\\BoundMethod::Illuminate\\Container\\{closure}()
#5 /200/TwitchAnalytics/vendor/illuminate/container/BoundMethod.php(81): Illuminate\\Container\\Util::unwrapIfClosure(Object(Closure))
#6 /200/TwitchAnalytics/vendor/illuminate/container/BoundMethod.php(35): Illuminate\\Container\\BoundMethod::callBoundMethod(Object(Laravel\\Lumen\\Application), Object(Closure), Object(Closure))
#7 /200/TwitchAnalytics/vendor/illuminate/container/Container.php(662): Illuminate\\Container\\BoundMethod::call(Object(Laravel\\Lumen\\Application), Object(Closure), Array, NULL)
#8 /200/TwitchAnalytics/vendor/laravel/lumen-framework/src/Concerns/RoutesRequests.php(304): Illuminate\\Container\\Container->call(Object(Closure), Array)
#9 /200/TwitchAnalytics/vendor/laravel/lumen-framework/src/Concerns/RoutesRequests.php(269): Laravel\\Lumen\\Application->callActionOnArrayBasedRoute(Array)
#10 /200/TwitchAnalytics/vendor/laravel/lumen-framework/src/Concerns/RoutesRequests.php(171): Laravel\\Lumen\\Application->handleFoundRoute(Array)
#11 /200/TwitchAnalytics/vendor/laravel/lumen-framework/src/Concerns/RoutesRequests.php(431): Laravel\\Lumen\\Application->Laravel\\Lumen\\Concerns\\{closure}(Object(Laravel\\Lumen\\Http\\Request))
#12 /200/TwitchAnalytics/vendor/laravel/lumen-framework/src/Concerns/RoutesRequests.php(167): Laravel\\Lumen\\Application->sendThroughPipeline(Array, Object(Closure))
#13 /200/TwitchAnalytics/vendor/laravel/lumen-framework/src/Concerns/RoutesRequests.php(112): Laravel\\Lumen\\Application->dispatch(NULL)
#14 /200/TwitchAnalytics/public/index.php(28): Laravel\\Lumen\\Application->run()
#15 {main}
"} 
[2025-05-03 00:17:08] local.ERROR: require_once(/200/TwitchAnalytics/routes/../getTopOfTops.php): Failed to open stream: No such file or directory {"exception":"[object] (ErrorException(code: 0): require_once(/200/TwitchAnalytics/routes/../getTopOfTops.php): Failed to open stream: No such file or directory at /200/TwitchAnalytics/routes/web.php:78)
[stacktrace]
#0 /200/TwitchAnalytics/vendor/laravel/lumen-framework/src/Concerns/RegistersExceptionHandlers.php(47): Laravel\\Lumen\\Application->handleError(2, 'require_once(/2...', '/200/TwitchAnal...', 78)
#1 /200/TwitchAnalytics/routes/web.php(78): Laravel\\Lumen\\Application->Laravel\\Lumen\\Concerns\\{closure}(2, 'require_once(/2...', '/200/TwitchAnal...', 78)
#2 /200/TwitchAnalytics/routes/web.php(78): require_once('/200/TwitchAnal...')
#3 /200/TwitchAnalytics/vendor/illuminate/container/BoundMethod.php(36): Closure->{closure}()
#4 /200/TwitchAnalytics/vendor/illuminate/container/Util.php(41): Illuminate\\Container\\BoundMethod::Illuminate\\Container\\{closure}()
#5 /200/TwitchAnalytics/vendor/illuminate/container/BoundMethod.php(81): Illuminate\\Container\\Util::unwrapIfClosure(Object(Closure))
#6 /200/TwitchAnalytics/vendor/illuminate/container/BoundMethod.php(35): Illuminate\\Container\\BoundMethod::callBoundMethod(Object(Laravel\\Lumen\\Application), Object(Closure), Object(Closure))
#7 /200/TwitchAnalytics/vendor/illuminate/container/Container.php(662): Illuminate\\Container\\BoundMethod::call(Object(Laravel\\Lumen\\Application), Object(Closure), Array, NULL)
#8 /200/TwitchAnalytics/vendor/laravel/lumen-framework/src/Concerns/RoutesRequests.php(304): Illuminate\\Container\\Container->call(Object(Closure), Array)
#9 /200/TwitchAnalytics/vendor/laravel/lumen-framework/src/Concerns/RoutesRequests.php(269): Laravel\\Lumen\\Application->callActionOnArrayBasedRoute(Array)
#10 /200/TwitchAnalytics/vendor/laravel/lumen-framework/src/Concerns/RoutesRequests.php(171): Laravel\\Lumen\\Application->handleFoundRoute(Array)
#11 /200/TwitchAnalytics/vendor/laravel/lumen-framework/src/Concerns/RoutesRequests.php(431): Laravel\\Lumen\\Application->Laravel\\Lumen\\Concerns\\{closure}(Object(Laravel\\Lumen\\Http\\Request))
#12 /200/TwitchAnalytics/vendor/laravel/lumen-framework/src/Concerns/RoutesRequests.php(167): Laravel\\Lumen\\Application->sendThroughPipeline(Array, Object(Closure))
#13 /200/TwitchAnalytics/vendor/laravel/lumen-framework/src/Concerns/RoutesRequests.php(112): Laravel\\Lumen\\Application->dispatch(NULL)
#14 /200/TwitchAnalytics/public/index.php(28): Laravel\\Lumen\\Application->run()
#15 {main}
"} 
[2025-05-03 00:22:10] local.ERROR: Call to undefined function comprobarAuthorization() {"exception":"[object] (Error(code: 0): Call to undefined function comprobarAuthorization() at /200/TwitchAnalytics/getTopsOfTops.php:28)
[stacktrace]
#0 /200/TwitchAnalytics/getTopsOfTops.php(8): validarPeticion(600)
#1 /200/TwitchAnalytics/routes/web.php(80): getTopOfTops(600)
#2 /200/TwitchAnalytics/vendor/illuminate/container/BoundMethod.php(36): Closure->{closure}()
#3 /200/TwitchAnalytics/vendor/illuminate/container/Util.php(41): Illuminate\\Container\\BoundMethod::Illuminate\\Container\\{closure}()
#4 /200/TwitchAnalytics/vendor/illuminate/container/BoundMethod.php(81): Illuminate\\Container\\Util::unwrapIfClosure(Object(Closure))
#5 /200/TwitchAnalytics/vendor/illuminate/container/BoundMethod.php(35): Illuminate\\Container\\BoundMethod::callBoundMethod(Object(Laravel\\Lumen\\Application), Object(Closure), Object(Closure))
#6 /200/TwitchAnalytics/vendor/illuminate/container/Container.php(662): Illuminate\\Container\\BoundMethod::call(Object(Laravel\\Lumen\\Application), Object(Closure), Array, NULL)
#7 /200/TwitchAnalytics/vendor/laravel/lumen-framework/src/Concerns/RoutesRequests.php(304): Illuminate\\Container\\Container->call(Object(Closure), Array)
#8 /200/TwitchAnalytics/vendor/laravel/lumen-framework/src/Concerns/RoutesRequests.php(269): Laravel\\Lumen\\Application->callActionOnArrayBasedRoute(Array)
#9 /200/TwitchAnalytics/vendor/laravel/lumen-framework/src/Concerns/RoutesRequests.php(171): Laravel\\Lumen\\Application->handleFoundRoute(Array)
#10 /200/TwitchAnalytics/vendor/laravel/lumen-framework/src/Concerns/RoutesRequests.php(431): Laravel\\Lumen\\Application->Laravel\\Lumen\\Concerns\\{closure}(Object(Laravel\\Lumen\\Http\\Request))
#11 /200/TwitchAnalytics/vendor/laravel/lumen-framework/src/Concerns/RoutesRequests.php(167): Laravel\\Lumen\\Application->sendThroughPipeline(Array, Object(Closure))
#12 /200/TwitchAnalytics/vendor/laravel/lumen-framework/src/Concerns/RoutesRequests.php(112): Laravel\\Lumen\\Application->dispatch(NULL)
#13 /200/TwitchAnalytics/public/index.php(28): Laravel\\Lumen\\Application->run()
#14 {main}
"} 
[2025-05-03 00:22:12] local.ERROR: Call to undefined function comprobarAuthorization() {"exception":"[object] (Error(code: 0): Call to undefined function comprobarAuthorization() at /200/TwitchAnalytics/getTopsOfTops.php:28)
[stacktrace]
#0 /200/TwitchAnalytics/getTopsOfTops.php(8): validarPeticion('abc')
#1 /200/TwitchAnalytics/routes/web.php(80): getTopOfTops('abc')
#2 /200/TwitchAnalytics/vendor/illuminate/container/BoundMethod.php(36): Closure->{closure}()
#3 /200/TwitchAnalytics/vendor/illuminate/container/Util.php(41): Illuminate\\Container\\BoundMethod::Illuminate\\Container\\{closure}()
#4 /200/TwitchAnalytics/vendor/illuminate/container/BoundMethod.php(81): Illuminate\\Container\\Util::unwrapIfClosure(Object(Closure))
#5 /200/TwitchAnalytics/vendor/illuminate/container/BoundMethod.php(35): Illuminate\\Container\\BoundMethod::callBoundMethod(Object(Laravel\\Lumen\\Application), Object(Closure), Object(Closure))
#6 /200/TwitchAnalytics/vendor/illuminate/container/Container.php(662): Illuminate\\Container\\BoundMethod::call(Object(Laravel\\Lumen\\Application), Object(Closure), Array, NULL)
#7 /200/TwitchAnalytics/vendor/laravel/lumen-framework/src/Concerns/RoutesRequests.php(304): Illuminate\\Container\\Container->call(Object(Closure), Array)
#8 /200/TwitchAnalytics/vendor/laravel/lumen-framework/src/Concerns/RoutesRequests.php(269): Laravel\\Lumen\\Application->callActionOnArrayBasedRoute(Array)
#9 /200/TwitchAnalytics/vendor/laravel/lumen-framework/src/Concerns/RoutesRequests.php(171): Laravel\\Lumen\\Application->handleFoundRoute(Array)
#10 /200/TwitchAnalytics/vendor/laravel/lumen-framework/src/Concerns/RoutesRequests.php(431): Laravel\\Lumen\\Application->Laravel\\Lumen\\Concerns\\{closure}(Object(Laravel\\Lumen\\Http\\Request))
#11 /200/TwitchAnalytics/vendor/laravel/lumen-framework/src/Concerns/RoutesRequests.php(167): Laravel\\Lumen\\Application->sendThroughPipeline(Array, Object(Closure))
#12 /200/TwitchAnalytics/vendor/laravel/lumen-framework/src/Concerns/RoutesRequests.php(112): Laravel\\Lumen\\Application->dispatch(NULL)
#13 /200/TwitchAnalytics/public/index.php(28): Laravel\\Lumen\\Application->run()
#14 {main}
"} 
[2025-05-03 00:22:14] local.ERROR: Call to undefined function comprobarAuthorization() {"exception":"[object] (Error(code: 0): Call to undefined function comprobarAuthorization() at /200/TwitchAnalytics/getTopsOfTops.php:28)
[stacktrace]
#0 /200/TwitchAnalytics/getTopsOfTops.php(8): validarPeticion('')
#1 /200/TwitchAnalytics/routes/web.php(80): getTopOfTops('')
#2 /200/TwitchAnalytics/vendor/illuminate/container/BoundMethod.php(36): Closure->{closure}()
#3 /200/TwitchAnalytics/vendor/illuminate/container/Util.php(41): Illuminate\\Container\\BoundMethod::Illuminate\\Container\\{closure}()
#4 /200/TwitchAnalytics/vendor/illuminate/container/BoundMethod.php(81): Illuminate\\Container\\Util::unwrapIfClosure(Object(Closure))
#5 /200/TwitchAnalytics/vendor/illuminate/container/BoundMethod.php(35): Illuminate\\Container\\BoundMethod::callBoundMethod(Object(Laravel\\Lumen\\Application), Object(Closure), Object(Closure))
#6 /200/TwitchAnalytics/vendor/illuminate/container/Container.php(662): Illuminate\\Container\\BoundMethod::call(Object(Laravel\\Lumen\\Application), Object(Closure), Array, NULL)
#7 /200/TwitchAnalytics/vendor/laravel/lumen-framework/src/Concerns/RoutesRequests.php(304): Illuminate\\Container\\Container->call(Object(Closure), Array)
#8 /200/TwitchAnalytics/vendor/laravel/lumen-framework/src/Concerns/RoutesRequests.php(269): Laravel\\Lumen\\Application->callActionOnArrayBasedRoute(Array)
#9 /200/TwitchAnalytics/vendor/laravel/lumen-framework/src/Concerns/RoutesRequests.php(171): Laravel\\Lumen\\Application->handleFoundRoute(Array)
#10 /200/TwitchAnalytics/vendor/laravel/lumen-framework/src/Concerns/RoutesRequests.php(431): Laravel\\Lumen\\Application->Laravel\\Lumen\\Concerns\\{closure}(Object(Laravel\\Lumen\\Http\\Request))
#11 /200/TwitchAnalytics/vendor/laravel/lumen-framework/src/Concerns/RoutesRequests.php(167): Laravel\\Lumen\\Application->sendThroughPipeline(Array, Object(Closure))
#12 /200/TwitchAnalytics/vendor/laravel/lumen-framework/src/Concerns/RoutesRequests.php(112): Laravel\\Lumen\\Application->dispatch(NULL)
#13 /200/TwitchAnalytics/public/index.php(28): Laravel\\Lumen\\Application->run()
#14 {main}
"} 
[2025-05-03 00:22:15] local.ERROR: Call to undefined function comprobarAuthorization() {"exception":"[object] (Error(code: 0): Call to undefined function comprobarAuthorization() at /200/TwitchAnalytics/getTopsOfTops.php:28)
[stacktrace]
#0 /200/TwitchAnalytics/getTopsOfTops.php(8): validarPeticion(600)
#1 /200/TwitchAnalytics/routes/web.php(80): getTopOfTops(600)
#2 /200/TwitchAnalytics/vendor/illuminate/container/BoundMethod.php(36): Closure->{closure}()
#3 /200/TwitchAnalytics/vendor/illuminate/container/Util.php(41): Illuminate\\Container\\BoundMethod::Illuminate\\Container\\{closure}()
#4 /200/TwitchAnalytics/vendor/illuminate/container/BoundMethod.php(81): Illuminate\\Container\\Util::unwrapIfClosure(Object(Closure))
#5 /200/TwitchAnalytics/vendor/illuminate/container/BoundMethod.php(35): Illuminate\\Container\\BoundMethod::callBoundMethod(Object(Laravel\\Lumen\\Application), Object(Closure), Object(Closure))
#6 /200/TwitchAnalytics/vendor/illuminate/container/Container.php(662): Illuminate\\Container\\BoundMethod::call(Object(Laravel\\Lumen\\Application), Object(Closure), Array, NULL)
#7 /200/TwitchAnalytics/vendor/laravel/lumen-framework/src/Concerns/RoutesRequests.php(304): Illuminate\\Container\\Container->call(Object(Closure), Array)
#8 /200/TwitchAnalytics/vendor/laravel/lumen-framework/src/Concerns/RoutesRequests.php(269): Laravel\\Lumen\\Application->callActionOnArrayBasedRoute(Array)
#9 /200/TwitchAnalytics/vendor/laravel/lumen-framework/src/Concerns/RoutesRequests.php(171): Laravel\\Lumen\\Application->handleFoundRoute(Array)
#10 /200/TwitchAnalytics/vendor/laravel/lumen-framework/src/Concerns/RoutesRequests.php(431): Laravel\\Lumen\\Application->Laravel\\Lumen\\Concerns\\{closure}(Object(Laravel\\Lumen\\Http\\Request))
#11 /200/TwitchAnalytics/vendor/laravel/lumen-framework/src/Concerns/RoutesRequests.php(167): Laravel\\Lumen\\Application->sendThroughPipeline(Array, Object(Closure))
#12 /200/TwitchAnalytics/vendor/laravel/lumen-framework/src/Concerns/RoutesRequests.php(112): Laravel\\Lumen\\Application->dispatch(NULL)
#13 /200/TwitchAnalytics/public/index.php(28): Laravel\\Lumen\\Application->run()
#14 {main}
"} 
[2025-05-03 00:22:17] local.ERROR: Call to undefined function comprobarAuthorization() {"exception":"[object] (Error(code: 0): Call to undefined function comprobarAuthorization() at /200/TwitchAnalytics/getTopsOfTops.php:28)
[stacktrace]
#0 /200/TwitchAnalytics/getTopsOfTops.php(8): validarPeticion(600)
#1 /200/TwitchAnalytics/routes/web.php(80): getTopOfTops(600)
#2 /200/TwitchAnalytics/vendor/illuminate/container/BoundMethod.php(36): Closure->{closure}()
#3 /200/TwitchAnalytics/vendor/illuminate/container/Util.php(41): Illuminate\\Container\\BoundMethod::Illuminate\\Container\\{closure}()
#4 /200/TwitchAnalytics/vendor/illuminate/container/BoundMethod.php(81): Illuminate\\Container\\Util::unwrapIfClosure(Object(Closure))
#5 /200/TwitchAnalytics/vendor/illuminate/container/BoundMethod.php(35): Illuminate\\Container\\BoundMethod::callBoundMethod(Object(Laravel\\Lumen\\Application), Object(Closure), Object(Closure))
#6 /200/TwitchAnalytics/vendor/illuminate/container/Container.php(662): Illuminate\\Container\\BoundMethod::call(Object(Laravel\\Lumen\\Application), Object(Closure), Array, NULL)
#7 /200/TwitchAnalytics/vendor/laravel/lumen-framework/src/Concerns/RoutesRequests.php(304): Illuminate\\Container\\Container->call(Object(Closure), Array)
#8 /200/TwitchAnalytics/vendor/laravel/lumen-framework/src/Concerns/RoutesRequests.php(269): Laravel\\Lumen\\Application->callActionOnArrayBasedRoute(Array)
#9 /200/TwitchAnalytics/vendor/laravel/lumen-framework/src/Concerns/RoutesRequests.php(171): Laravel\\Lumen\\Application->handleFoundRoute(Array)
#10 /200/TwitchAnalytics/vendor/laravel/lumen-framework/src/Concerns/RoutesRequests.php(431): Laravel\\Lumen\\Application->Laravel\\Lumen\\Concerns\\{closure}(Object(Laravel\\Lumen\\Http\\Request))
#11 /200/TwitchAnalytics/vendor/laravel/lumen-framework/src/Concerns/RoutesRequests.php(167): Laravel\\Lumen\\Application->sendThroughPipeline(Array, Object(Closure))
#12 /200/TwitchAnalytics/vendor/laravel/lumen-framework/src/Concerns/RoutesRequests.php(112): Laravel\\Lumen\\Application->dispatch(NULL)
#13 /200/TwitchAnalytics/public/index.php(28): Laravel\\Lumen\\Application->run()
#14 {main}
"} 
[2025-05-03 00:25:34] local.ERROR: Call to undefined function manejarSSLVerifyer() {"exception":"[object] (Error(code: 0): Call to undefined function manejarSSLVerifyer() at /200/TwitchAnalytics/getTopsOfTops.php:16)
[stacktrace]
#0 /200/TwitchAnalytics/routes/web.php(80): getTopOfTops(600)
#1 /200/TwitchAnalytics/vendor/illuminate/container/BoundMethod.php(36): Closure->{closure}()
#2 /200/TwitchAnalytics/vendor/illuminate/container/Util.php(41): Illuminate\\Container\\BoundMethod::Illuminate\\Container\\{closure}()
#3 /200/TwitchAnalytics/vendor/illuminate/container/BoundMethod.php(81): Illuminate\\Container\\Util::unwrapIfClosure(Object(Closure))
#4 /200/TwitchAnalytics/vendor/illuminate/container/BoundMethod.php(35): Illuminate\\Container\\BoundMethod::callBoundMethod(Object(Laravel\\Lumen\\Application), Object(Closure), Object(Closure))
#5 /200/TwitchAnalytics/vendor/illuminate/container/Container.php(662): Illuminate\\Container\\BoundMethod::call(Object(Laravel\\Lumen\\Application), Object(Closure), Array, NULL)
#6 /200/TwitchAnalytics/vendor/laravel/lumen-framework/src/Concerns/RoutesRequests.php(304): Illuminate\\Container\\Container->call(Object(Closure), Array)
#7 /200/TwitchAnalytics/vendor/laravel/lumen-framework/src/Concerns/RoutesRequests.php(269): Laravel\\Lumen\\Application->callActionOnArrayBasedRoute(Array)
#8 /200/TwitchAnalytics/vendor/laravel/lumen-framework/src/Concerns/RoutesRequests.php(171): Laravel\\Lumen\\Application->handleFoundRoute(Array)
#9 /200/TwitchAnalytics/vendor/laravel/lumen-framework/src/Concerns/RoutesRequests.php(431): Laravel\\Lumen\\Application->Laravel\\Lumen\\Concerns\\{closure}(Object(Laravel\\Lumen\\Http\\Request))
#10 /200/TwitchAnalytics/vendor/laravel/lumen-framework/src/Concerns/RoutesRequests.php(167): Laravel\\Lumen\\Application->sendThroughPipeline(Array, Object(Closure))
#11 /200/TwitchAnalytics/vendor/laravel/lumen-framework/src/Concerns/RoutesRequests.php(112): Laravel\\Lumen\\Application->dispatch(NULL)
#12 /200/TwitchAnalytics/public/index.php(28): Laravel\\Lumen\\Application->run()
#13 {main}
"} 
[2025-05-03 00:25:39] local.ERROR: Call to undefined function manejarSSLVerifyer() {"exception":"[object] (Error(code: 0): Call to undefined function manejarSSLVerifyer() at /200/TwitchAnalytics/getTopsOfTops.php:16)
[stacktrace]
#0 /200/TwitchAnalytics/routes/web.php(80): getTopOfTops(600)
#1 /200/TwitchAnalytics/vendor/illuminate/container/BoundMethod.php(36): Closure->{closure}()
#2 /200/TwitchAnalytics/vendor/illuminate/container/Util.php(41): Illuminate\\Container\\BoundMethod::Illuminate\\Container\\{closure}()
#3 /200/TwitchAnalytics/vendor/illuminate/container/BoundMethod.php(81): Illuminate\\Container\\Util::unwrapIfClosure(Object(Closure))
#4 /200/TwitchAnalytics/vendor/illuminate/container/BoundMethod.php(35): Illuminate\\Container\\BoundMethod::callBoundMethod(Object(Laravel\\Lumen\\Application), Object(Closure), Object(Closure))
#5 /200/TwitchAnalytics/vendor/illuminate/container/Container.php(662): Illuminate\\Container\\BoundMethod::call(Object(Laravel\\Lumen\\Application), Object(Closure), Array, NULL)
#6 /200/TwitchAnalytics/vendor/laravel/lumen-framework/src/Concerns/RoutesRequests.php(304): Illuminate\\Container\\Container->call(Object(Closure), Array)
#7 /200/TwitchAnalytics/vendor/laravel/lumen-framework/src/Concerns/RoutesRequests.php(269): Laravel\\Lumen\\Application->callActionOnArrayBasedRoute(Array)
#8 /200/TwitchAnalytics/vendor/laravel/lumen-framework/src/Concerns/RoutesRequests.php(171): Laravel\\Lumen\\Application->handleFoundRoute(Array)
#9 /200/TwitchAnalytics/vendor/laravel/lumen-framework/src/Concerns/RoutesRequests.php(431): Laravel\\Lumen\\Application->Laravel\\Lumen\\Concerns\\{closure}(Object(Laravel\\Lumen\\Http\\Request))
#10 /200/TwitchAnalytics/vendor/laravel/lumen-framework/src/Concerns/RoutesRequests.php(167): Laravel\\Lumen\\Application->sendThroughPipeline(Array, Object(Closure))
#11 /200/TwitchAnalytics/vendor/laravel/lumen-framework/src/Concerns/RoutesRequests.php(112): Laravel\\Lumen\\Application->dispatch(NULL)
#12 /200/TwitchAnalytics/public/index.php(28): Laravel\\Lumen\\Application->run()
#13 {main}
"} 
[2025-05-03 00:28:02] local.ERROR: Undefined array key 0 {"exception":"[object] (ErrorException(code: 0): Undefined array key 0 at /200/TwitchAnalytics/getTopsOfTops.php:17)
[stacktrace]
#0 /200/TwitchAnalytics/vendor/laravel/lumen-framework/src/Concerns/RegistersExceptionHandlers.php(47): Laravel\\Lumen\\Application->handleError(2, 'Undefined array...', '/200/TwitchAnal...', 17)
#1 /200/TwitchAnalytics/getTopsOfTops.php(17): Laravel\\Lumen\\Application->Laravel\\Lumen\\Concerns\\{closure}(2, 'Undefined array...', '/200/TwitchAnal...', 17)
#2 /200/TwitchAnalytics/routes/web.php(80): getTopOfTops(600)
#3 /200/TwitchAnalytics/vendor/illuminate/container/BoundMethod.php(36): Closure->{closure}()
#4 /200/TwitchAnalytics/vendor/illuminate/container/Util.php(41): Illuminate\\Container\\BoundMethod::Illuminate\\Container\\{closure}()
#5 /200/TwitchAnalytics/vendor/illuminate/container/BoundMethod.php(81): Illuminate\\Container\\Util::unwrapIfClosure(Object(Closure))
#6 /200/TwitchAnalytics/vendor/illuminate/container/BoundMethod.php(35): Illuminate\\Container\\BoundMethod::callBoundMethod(Object(Laravel\\Lumen\\Application), Object(Closure), Object(Closure))
#7 /200/TwitchAnalytics/vendor/illuminate/container/Container.php(662): Illuminate\\Container\\BoundMethod::call(Object(Laravel\\Lumen\\Application), Object(Closure), Array, NULL)
#8 /200/TwitchAnalytics/vendor/laravel/lumen-framework/src/Concerns/RoutesRequests.php(304): Illuminate\\Container\\Container->call(Object(Closure), Array)
#9 /200/TwitchAnalytics/vendor/laravel/lumen-framework/src/Concerns/RoutesRequests.php(269): Laravel\\Lumen\\Application->callActionOnArrayBasedRoute(Array)
#10 /200/TwitchAnalytics/vendor/laravel/lumen-framework/src/Concerns/RoutesRequests.php(171): Laravel\\Lumen\\Application->handleFoundRoute(Array)
#11 /200/TwitchAnalytics/vendor/laravel/lumen-framework/src/Concerns/RoutesRequests.php(431): Laravel\\Lumen\\Application->Laravel\\Lumen\\Concerns\\{closure}(Object(Laravel\\Lumen\\Http\\Request))
#12 /200/TwitchAnalytics/vendor/laravel/lumen-framework/src/Concerns/RoutesRequests.php(167): Laravel\\Lumen\\Application->sendThroughPipeline(Array, Object(Closure))
#13 /200/TwitchAnalytics/vendor/laravel/lumen-framework/src/Concerns/RoutesRequests.php(112): Laravel\\Lumen\\Application->dispatch(NULL)
#14 /200/TwitchAnalytics/public/index.php(28): Laravel\\Lumen\\Application->run()
#15 {main}
"} 
[2025-05-03 00:28:08] local.ERROR: Undefined array key 0 {"exception":"[object] (ErrorException(code: 0): Undefined array key 0 at /200/TwitchAnalytics/getTopsOfTops.php:17)
[stacktrace]
#0 /200/TwitchAnalytics/vendor/laravel/lumen-framework/src/Concerns/RegistersExceptionHandlers.php(47): Laravel\\Lumen\\Application->handleError(2, 'Undefined array...', '/200/TwitchAnal...', 17)
#1 /200/TwitchAnalytics/getTopsOfTops.php(17): Laravel\\Lumen\\Application->Laravel\\Lumen\\Concerns\\{closure}(2, 'Undefined array...', '/200/TwitchAnal...', 17)
#2 /200/TwitchAnalytics/routes/web.php(80): getTopOfTops(600)
#3 /200/TwitchAnalytics/vendor/illuminate/container/BoundMethod.php(36): Closure->{closure}()
#4 /200/TwitchAnalytics/vendor/illuminate/container/Util.php(41): Illuminate\\Container\\BoundMethod::Illuminate\\Container\\{closure}()
#5 /200/TwitchAnalytics/vendor/illuminate/container/BoundMethod.php(81): Illuminate\\Container\\Util::unwrapIfClosure(Object(Closure))
#6 /200/TwitchAnalytics/vendor/illuminate/container/BoundMethod.php(35): Illuminate\\Container\\BoundMethod::callBoundMethod(Object(Laravel\\Lumen\\Application), Object(Closure), Object(Closure))
#7 /200/TwitchAnalytics/vendor/illuminate/container/Container.php(662): Illuminate\\Container\\BoundMethod::call(Object(Laravel\\Lumen\\Application), Object(Closure), Array, NULL)
#8 /200/TwitchAnalytics/vendor/laravel/lumen-framework/src/Concerns/RoutesRequests.php(304): Illuminate\\Container\\Container->call(Object(Closure), Array)
#9 /200/TwitchAnalytics/vendor/laravel/lumen-framework/src/Concerns/RoutesRequests.php(269): Laravel\\Lumen\\Application->callActionOnArrayBasedRoute(Array)
#10 /200/TwitchAnalytics/vendor/laravel/lumen-framework/src/Concerns/RoutesRequests.php(171): Laravel\\Lumen\\Application->handleFoundRoute(Array)
#11 /200/TwitchAnalytics/vendor/laravel/lumen-framework/src/Concerns/RoutesRequests.php(431): Laravel\\Lumen\\Application->Laravel\\Lumen\\Concerns\\{closure}(Object(Laravel\\Lumen\\Http\\Request))
#12 /200/TwitchAnalytics/vendor/laravel/lumen-framework/src/Concerns/RoutesRequests.php(167): Laravel\\Lumen\\Application->sendThroughPipeline(Array, Object(Closure))
#13 /200/TwitchAnalytics/vendor/laravel/lumen-framework/src/Concerns/RoutesRequests.php(112): Laravel\\Lumen\\Application->dispatch(NULL)
#14 /200/TwitchAnalytics/public/index.php(28): Laravel\\Lumen\\Application->run()
#15 {main}
"} 
[2025-05-03 00:33:18] local.ERROR: Undefined array key 0 {"exception":"[object] (ErrorException(code: 0): Undefined array key 0 at /200/TwitchAnalytics/getTopsOfTops.php:17)
[stacktrace]
#0 /200/TwitchAnalytics/vendor/laravel/lumen-framework/src/Concerns/RegistersExceptionHandlers.php(47): Laravel\\Lumen\\Application->handleError(2, 'Undefined array...', '/200/TwitchAnal...', 17)
#1 /200/TwitchAnalytics/getTopsOfTops.php(17): Laravel\\Lumen\\Application->Laravel\\Lumen\\Concerns\\{closure}(2, 'Undefined array...', '/200/TwitchAnal...', 17)
#2 /200/TwitchAnalytics/routes/web.php(80): getTopOfTops(600)
#3 /200/TwitchAnalytics/vendor/illuminate/container/BoundMethod.php(36): Closure->{closure}()
#4 /200/TwitchAnalytics/vendor/illuminate/container/Util.php(41): Illuminate\\Container\\BoundMethod::Illuminate\\Container\\{closure}()
#5 /200/TwitchAnalytics/vendor/illuminate/container/BoundMethod.php(81): Illuminate\\Container\\Util::unwrapIfClosure(Object(Closure))
#6 /200/TwitchAnalytics/vendor/illuminate/container/BoundMethod.php(35): Illuminate\\Container\\BoundMethod::callBoundMethod(Object(Laravel\\Lumen\\Application), Object(Closure), Object(Closure))
#7 /200/TwitchAnalytics/vendor/illuminate/container/Container.php(662): Illuminate\\Container\\BoundMethod::call(Object(Laravel\\Lumen\\Application), Object(Closure), Array, NULL)
#8 /200/TwitchAnalytics/vendor/laravel/lumen-framework/src/Concerns/RoutesRequests.php(304): Illuminate\\Container\\Container->call(Object(Closure), Array)
#9 /200/TwitchAnalytics/vendor/laravel/lumen-framework/src/Concerns/RoutesRequests.php(269): Laravel\\Lumen\\Application->callActionOnArrayBasedRoute(Array)
#10 /200/TwitchAnalytics/vendor/laravel/lumen-framework/src/Concerns/RoutesRequests.php(171): Laravel\\Lumen\\Application->handleFoundRoute(Array)
#11 /200/TwitchAnalytics/vendor/laravel/lumen-framework/src/Concerns/RoutesRequests.php(431): Laravel\\Lumen\\Application->Laravel\\Lumen\\Concerns\\{closure}(Object(Laravel\\Lumen\\Http\\Request))
#12 /200/TwitchAnalytics/vendor/laravel/lumen-framework/src/Concerns/RoutesRequests.php(167): Laravel\\Lumen\\Application->sendThroughPipeline(Array, Object(Closure))
#13 /200/TwitchAnalytics/vendor/laravel/lumen-framework/src/Concerns/RoutesRequests.php(112): Laravel\\Lumen\\Application->dispatch(NULL)
#14 /200/TwitchAnalytics/public/index.php(28): Laravel\\Lumen\\Application->run()
#15 {main}
"} 
[2025-05-03 00:33:24] local.ERROR: Undefined array key 0 {"exception":"[object] (ErrorException(code: 0): Undefined array key 0 at /200/TwitchAnalytics/getTopsOfTops.php:17)
[stacktrace]
#0 /200/TwitchAnalytics/vendor/laravel/lumen-framework/src/Concerns/RegistersExceptionHandlers.php(47): Laravel\\Lumen\\Application->handleError(2, 'Undefined array...', '/200/TwitchAnal...', 17)
#1 /200/TwitchAnalytics/getTopsOfTops.php(17): Laravel\\Lumen\\Application->Laravel\\Lumen\\Concerns\\{closure}(2, 'Undefined array...', '/200/TwitchAnal...', 17)
#2 /200/TwitchAnalytics/routes/web.php(80): getTopOfTops(600)
#3 /200/TwitchAnalytics/vendor/illuminate/container/BoundMethod.php(36): Closure->{closure}()
#4 /200/TwitchAnalytics/vendor/illuminate/container/Util.php(41): Illuminate\\Container\\BoundMethod::Illuminate\\Container\\{closure}()
#5 /200/TwitchAnalytics/vendor/illuminate/container/BoundMethod.php(81): Illuminate\\Container\\Util::unwrapIfClosure(Object(Closure))
#6 /200/TwitchAnalytics/vendor/illuminate/container/BoundMethod.php(35): Illuminate\\Container\\BoundMethod::callBoundMethod(Object(Laravel\\Lumen\\Application), Object(Closure), Object(Closure))
#7 /200/TwitchAnalytics/vendor/illuminate/container/Container.php(662): Illuminate\\Container\\BoundMethod::call(Object(Laravel\\Lumen\\Application), Object(Closure), Array, NULL)
#8 /200/TwitchAnalytics/vendor/laravel/lumen-framework/src/Concerns/RoutesRequests.php(304): Illuminate\\Container\\Container->call(Object(Closure), Array)
#9 /200/TwitchAnalytics/vendor/laravel/lumen-framework/src/Concerns/RoutesRequests.php(269): Laravel\\Lumen\\Application->callActionOnArrayBasedRoute(Array)
#10 /200/TwitchAnalytics/vendor/laravel/lumen-framework/src/Concerns/RoutesRequests.php(171): Laravel\\Lumen\\Application->handleFoundRoute(Array)
#11 /200/TwitchAnalytics/vendor/laravel/lumen-framework/src/Concerns/RoutesRequests.php(431): Laravel\\Lumen\\Application->Laravel\\Lumen\\Concerns\\{closure}(Object(Laravel\\Lumen\\Http\\Request))
#12 /200/TwitchAnalytics/vendor/laravel/lumen-framework/src/Concerns/RoutesRequests.php(167): Laravel\\Lumen\\Application->sendThroughPipeline(Array, Object(Closure))
#13 /200/TwitchAnalytics/vendor/laravel/lumen-framework/src/Concerns/RoutesRequests.php(112): Laravel\\Lumen\\Application->dispatch(NULL)
#14 /200/TwitchAnalytics/public/index.php(28): Laravel\\Lumen\\Application->run()
#15 {main}
"} 
[2025-05-03 00:39:51] local.ERROR: Undefined array key 0 {"exception":"[object] (ErrorException(code: 0): Undefined array key 0 at /200/TwitchAnalytics/getTopsOfTops.php:17)
[stacktrace]
#0 /200/TwitchAnalytics/vendor/laravel/lumen-framework/src/Concerns/RegistersExceptionHandlers.php(47): Laravel\\Lumen\\Application->handleError(2, 'Undefined array...', '/200/TwitchAnal...', 17)
#1 /200/TwitchAnalytics/getTopsOfTops.php(17): Laravel\\Lumen\\Application->Laravel\\Lumen\\Concerns\\{closure}(2, 'Undefined array...', '/200/TwitchAnal...', 17)
#2 /200/TwitchAnalytics/routes/web.php(80): getTopOfTops(600)
#3 /200/TwitchAnalytics/vendor/illuminate/container/BoundMethod.php(36): Closure->{closure}()
#4 /200/TwitchAnalytics/vendor/illuminate/container/Util.php(41): Illuminate\\Container\\BoundMethod::Illuminate\\Container\\{closure}()
#5 /200/TwitchAnalytics/vendor/illuminate/container/BoundMethod.php(81): Illuminate\\Container\\Util::unwrapIfClosure(Object(Closure))
#6 /200/TwitchAnalytics/vendor/illuminate/container/BoundMethod.php(35): Illuminate\\Container\\BoundMethod::callBoundMethod(Object(Laravel\\Lumen\\Application), Object(Closure), Object(Closure))
#7 /200/TwitchAnalytics/vendor/illuminate/container/Container.php(662): Illuminate\\Container\\BoundMethod::call(Object(Laravel\\Lumen\\Application), Object(Closure), Array, NULL)
#8 /200/TwitchAnalytics/vendor/laravel/lumen-framework/src/Concerns/RoutesRequests.php(304): Illuminate\\Container\\Container->call(Object(Closure), Array)
#9 /200/TwitchAnalytics/vendor/laravel/lumen-framework/src/Concerns/RoutesRequests.php(269): Laravel\\Lumen\\Application->callActionOnArrayBasedRoute(Array)
#10 /200/TwitchAnalytics/vendor/laravel/lumen-framework/src/Concerns/RoutesRequests.php(171): Laravel\\Lumen\\Application->handleFoundRoute(Array)
#11 /200/TwitchAnalytics/vendor/laravel/lumen-framework/src/Concerns/RoutesRequests.php(431): Laravel\\Lumen\\Application->Laravel\\Lumen\\Concerns\\{closure}(Object(Laravel\\Lumen\\Http\\Request))
#12 /200/TwitchAnalytics/vendor/laravel/lumen-framework/src/Concerns/RoutesRequests.php(167): Laravel\\Lumen\\Application->sendThroughPipeline(Array, Object(Closure))
#13 /200/TwitchAnalytics/vendor/laravel/lumen-framework/src/Concerns/RoutesRequests.php(112): Laravel\\Lumen\\Application->dispatch(NULL)
#14 /200/TwitchAnalytics/public/index.php(28): Laravel\\Lumen\\Application->run()
#15 {main}
"} 
[2025-05-03 00:39:56] local.ERROR: Undefined array key 0 {"exception":"[object] (ErrorException(code: 0): Undefined array key 0 at /200/TwitchAnalytics/getTopsOfTops.php:17)
[stacktrace]
#0 /200/TwitchAnalytics/vendor/laravel/lumen-framework/src/Concerns/RegistersExceptionHandlers.php(47): Laravel\\Lumen\\Application->handleError(2, 'Undefined array...', '/200/TwitchAnal...', 17)
#1 /200/TwitchAnalytics/getTopsOfTops.php(17): Laravel\\Lumen\\Application->Laravel\\Lumen\\Concerns\\{closure}(2, 'Undefined array...', '/200/TwitchAnal...', 17)
#2 /200/TwitchAnalytics/routes/web.php(80): getTopOfTops(600)
#3 /200/TwitchAnalytics/vendor/illuminate/container/BoundMethod.php(36): Closure->{closure}()
#4 /200/TwitchAnalytics/vendor/illuminate/container/Util.php(41): Illuminate\\Container\\BoundMethod::Illuminate\\Container\\{closure}()
#5 /200/TwitchAnalytics/vendor/illuminate/container/BoundMethod.php(81): Illuminate\\Container\\Util::unwrapIfClosure(Object(Closure))
#6 /200/TwitchAnalytics/vendor/illuminate/container/BoundMethod.php(35): Illuminate\\Container\\BoundMethod::callBoundMethod(Object(Laravel\\Lumen\\Application), Object(Closure), Object(Closure))
#7 /200/TwitchAnalytics/vendor/illuminate/container/Container.php(662): Illuminate\\Container\\BoundMethod::call(Object(Laravel\\Lumen\\Application), Object(Closure), Array, NULL)
#8 /200/TwitchAnalytics/vendor/laravel/lumen-framework/src/Concerns/RoutesRequests.php(304): Illuminate\\Container\\Container->call(Object(Closure), Array)
#9 /200/TwitchAnalytics/vendor/laravel/lumen-framework/src/Concerns/RoutesRequests.php(269): Laravel\\Lumen\\Application->callActionOnArrayBasedRoute(Array)
#10 /200/TwitchAnalytics/vendor/laravel/lumen-framework/src/Concerns/RoutesRequests.php(171): Laravel\\Lumen\\Application->handleFoundRoute(Array)
#11 /200/TwitchAnalytics/vendor/laravel/lumen-framework/src/Concerns/RoutesRequests.php(431): Laravel\\Lumen\\Application->Laravel\\Lumen\\Concerns\\{closure}(Object(Laravel\\Lumen\\Http\\Request))
#12 /200/TwitchAnalytics/vendor/laravel/lumen-framework/src/Concerns/RoutesRequests.php(167): Laravel\\Lumen\\Application->sendThroughPipeline(Array, Object(Closure))
#13 /200/TwitchAnalytics/vendor/laravel/lumen-framework/src/Concerns/RoutesRequests.php(112): Laravel\\Lumen\\Application->dispatch(NULL)
#14 /200/TwitchAnalytics/public/index.php(28): Laravel\\Lumen\\Application->run()
#15 {main}
"} 
[2025-05-03 00:45:12] local.ERROR: Undefined array key 0 {"exception":"[object] (ErrorException(code: 0): Undefined array key 0 at /200/TwitchAnalytics/getTopsOfTops.php:17)
[stacktrace]
#0 /200/TwitchAnalytics/vendor/laravel/lumen-framework/src/Concerns/RegistersExceptionHandlers.php(47): Laravel\\Lumen\\Application->handleError(2, 'Undefined array...', '/200/TwitchAnal...', 17)
#1 /200/TwitchAnalytics/getTopsOfTops.php(17): Laravel\\Lumen\\Application->Laravel\\Lumen\\Concerns\\{closure}(2, 'Undefined array...', '/200/TwitchAnal...', 17)
#2 /200/TwitchAnalytics/routes/web.php(80): getTopOfTops(600)
#3 /200/TwitchAnalytics/vendor/illuminate/container/BoundMethod.php(36): Closure->{closure}()
#4 /200/TwitchAnalytics/vendor/illuminate/container/Util.php(41): Illuminate\\Container\\BoundMethod::Illuminate\\Container\\{closure}()
#5 /200/TwitchAnalytics/vendor/illuminate/container/BoundMethod.php(81): Illuminate\\Container\\Util::unwrapIfClosure(Object(Closure))
#6 /200/TwitchAnalytics/vendor/illuminate/container/BoundMethod.php(35): Illuminate\\Container\\BoundMethod::callBoundMethod(Object(Laravel\\Lumen\\Application), Object(Closure), Object(Closure))
#7 /200/TwitchAnalytics/vendor/illuminate/container/Container.php(662): Illuminate\\Container\\BoundMethod::call(Object(Laravel\\Lumen\\Application), Object(Closure), Array, NULL)
#8 /200/TwitchAnalytics/vendor/laravel/lumen-framework/src/Concerns/RoutesRequests.php(304): Illuminate\\Container\\Container->call(Object(Closure), Array)
#9 /200/TwitchAnalytics/vendor/laravel/lumen-framework/src/Concerns/RoutesRequests.php(269): Laravel\\Lumen\\Application->callActionOnArrayBasedRoute(Array)
#10 /200/TwitchAnalytics/vendor/laravel/lumen-framework/src/Concerns/RoutesRequests.php(171): Laravel\\Lumen\\Application->handleFoundRoute(Array)
#11 /200/TwitchAnalytics/vendor/laravel/lumen-framework/src/Concerns/RoutesRequests.php(431): Laravel\\Lumen\\Application->Laravel\\Lumen\\Concerns\\{closure}(Object(Laravel\\Lumen\\Http\\Request))
#12 /200/TwitchAnalytics/vendor/laravel/lumen-framework/src/Concerns/RoutesRequests.php(167): Laravel\\Lumen\\Application->sendThroughPipeline(Array, Object(Closure))
#13 /200/TwitchAnalytics/vendor/laravel/lumen-framework/src/Concerns/RoutesRequests.php(112): Laravel\\Lumen\\Application->dispatch(NULL)
#14 /200/TwitchAnalytics/public/index.php(28): Laravel\\Lumen\\Application->run()
#15 {main}
"} 
[2025-05-03 00:45:18] local.ERROR: Undefined array key 0 {"exception":"[object] (ErrorException(code: 0): Undefined array key 0 at /200/TwitchAnalytics/getTopsOfTops.php:17)
[stacktrace]
#0 /200/TwitchAnalytics/vendor/laravel/lumen-framework/src/Concerns/RegistersExceptionHandlers.php(47): Laravel\\Lumen\\Application->handleError(2, 'Undefined array...', '/200/TwitchAnal...', 17)
#1 /200/TwitchAnalytics/getTopsOfTops.php(17): Laravel\\Lumen\\Application->Laravel\\Lumen\\Concerns\\{closure}(2, 'Undefined array...', '/200/TwitchAnal...', 17)
#2 /200/TwitchAnalytics/routes/web.php(80): getTopOfTops(600)
#3 /200/TwitchAnalytics/vendor/illuminate/container/BoundMethod.php(36): Closure->{closure}()
#4 /200/TwitchAnalytics/vendor/illuminate/container/Util.php(41): Illuminate\\Container\\BoundMethod::Illuminate\\Container\\{closure}()
#5 /200/TwitchAnalytics/vendor/illuminate/container/BoundMethod.php(81): Illuminate\\Container\\Util::unwrapIfClosure(Object(Closure))
#6 /200/TwitchAnalytics/vendor/illuminate/container/BoundMethod.php(35): Illuminate\\Container\\BoundMethod::callBoundMethod(Object(Laravel\\Lumen\\Application), Object(Closure), Object(Closure))
#7 /200/TwitchAnalytics/vendor/illuminate/container/Container.php(662): Illuminate\\Container\\BoundMethod::call(Object(Laravel\\Lumen\\Application), Object(Closure), Array, NULL)
#8 /200/TwitchAnalytics/vendor/laravel/lumen-framework/src/Concerns/RoutesRequests.php(304): Illuminate\\Container\\Container->call(Object(Closure), Array)
#9 /200/TwitchAnalytics/vendor/laravel/lumen-framework/src/Concerns/RoutesRequests.php(269): Laravel\\Lumen\\Application->callActionOnArrayBasedRoute(Array)
#10 /200/TwitchAnalytics/vendor/laravel/lumen-framework/src/Concerns/RoutesRequests.php(171): Laravel\\Lumen\\Application->handleFoundRoute(Array)
#11 /200/TwitchAnalytics/vendor/laravel/lumen-framework/src/Concerns/RoutesRequests.php(431): Laravel\\Lumen\\Application->Laravel\\Lumen\\Concerns\\{closure}(Object(Laravel\\Lumen\\Http\\Request))
#12 /200/TwitchAnalytics/vendor/laravel/lumen-framework/src/Concerns/RoutesRequests.php(167): Laravel\\Lumen\\Application->sendThroughPipeline(Array, Object(Closure))
#13 /200/TwitchAnalytics/vendor/laravel/lumen-framework/src/Concerns/RoutesRequests.php(112): Laravel\\Lumen\\Application->dispatch(NULL)
#14 /200/TwitchAnalytics/public/index.php(28): Laravel\\Lumen\\Application->run()
#15 {main}
"} 
[2025-05-03 00:49:08] local.ERROR: Undefined array key 0 {"exception":"[object] (ErrorException(code: 0): Undefined array key 0 at /200/TwitchAnalytics/getTopsOfTops.php:17)
[stacktrace]
#0 /200/TwitchAnalytics/vendor/laravel/lumen-framework/src/Concerns/RegistersExceptionHandlers.php(47): Laravel\\Lumen\\Application->handleError(2, 'Undefined array...', '/200/TwitchAnal...', 17)
#1 /200/TwitchAnalytics/getTopsOfTops.php(17): Laravel\\Lumen\\Application->Laravel\\Lumen\\Concerns\\{closure}(2, 'Undefined array...', '/200/TwitchAnal...', 17)
#2 /200/TwitchAnalytics/routes/web.php(80): getTopOfTops(600)
#3 /200/TwitchAnalytics/vendor/illuminate/container/BoundMethod.php(36): Closure->{closure}()
#4 /200/TwitchAnalytics/vendor/illuminate/container/Util.php(41): Illuminate\\Container\\BoundMethod::Illuminate\\Container\\{closure}()
#5 /200/TwitchAnalytics/vendor/illuminate/container/BoundMethod.php(81): Illuminate\\Container\\Util::unwrapIfClosure(Object(Closure))
#6 /200/TwitchAnalytics/vendor/illuminate/container/BoundMethod.php(35): Illuminate\\Container\\BoundMethod::callBoundMethod(Object(Laravel\\Lumen\\Application), Object(Closure), Object(Closure))
#7 /200/TwitchAnalytics/vendor/illuminate/container/Container.php(662): Illuminate\\Container\\BoundMethod::call(Object(Laravel\\Lumen\\Application), Object(Closure), Array, NULL)
#8 /200/TwitchAnalytics/vendor/laravel/lumen-framework/src/Concerns/RoutesRequests.php(304): Illuminate\\Container\\Container->call(Object(Closure), Array)
#9 /200/TwitchAnalytics/vendor/laravel/lumen-framework/src/Concerns/RoutesRequests.php(269): Laravel\\Lumen\\Application->callActionOnArrayBasedRoute(Array)
#10 /200/TwitchAnalytics/vendor/laravel/lumen-framework/src/Concerns/RoutesRequests.php(171): Laravel\\Lumen\\Application->handleFoundRoute(Array)
#11 /200/TwitchAnalytics/vendor/laravel/lumen-framework/src/Concerns/RoutesRequests.php(431): Laravel\\Lumen\\Application->Laravel\\Lumen\\Concerns\\{closure}(Object(Laravel\\Lumen\\Http\\Request))
#12 /200/TwitchAnalytics/vendor/laravel/lumen-framework/src/Concerns/RoutesRequests.php(167): Laravel\\Lumen\\Application->sendThroughPipeline(Array, Object(Closure))
#13 /200/TwitchAnalytics/vendor/laravel/lumen-framework/src/Concerns/RoutesRequests.php(112): Laravel\\Lumen\\Application->dispatch(NULL)
#14 /200/TwitchAnalytics/public/index.php(28): Laravel\\Lumen\\Application->run()
#15 {main}
"} 
[2025-05-03 00:49:14] local.ERROR: Undefined array key 0 {"exception":"[object] (ErrorException(code: 0): Undefined array key 0 at /200/TwitchAnalytics/getTopsOfTops.php:17)
[stacktrace]
#0 /200/TwitchAnalytics/vendor/laravel/lumen-framework/src/Concerns/RegistersExceptionHandlers.php(47): Laravel\\Lumen\\Application->handleError(2, 'Undefined array...', '/200/TwitchAnal...', 17)
#1 /200/TwitchAnalytics/getTopsOfTops.php(17): Laravel\\Lumen\\Application->Laravel\\Lumen\\Concerns\\{closure}(2, 'Undefined array...', '/200/TwitchAnal...', 17)
#2 /200/TwitchAnalytics/routes/web.php(80): getTopOfTops(600)
#3 /200/TwitchAnalytics/vendor/illuminate/container/BoundMethod.php(36): Closure->{closure}()
#4 /200/TwitchAnalytics/vendor/illuminate/container/Util.php(41): Illuminate\\Container\\BoundMethod::Illuminate\\Container\\{closure}()
#5 /200/TwitchAnalytics/vendor/illuminate/container/BoundMethod.php(81): Illuminate\\Container\\Util::unwrapIfClosure(Object(Closure))
#6 /200/TwitchAnalytics/vendor/illuminate/container/BoundMethod.php(35): Illuminate\\Container\\BoundMethod::callBoundMethod(Object(Laravel\\Lumen\\Application), Object(Closure), Object(Closure))
#7 /200/TwitchAnalytics/vendor/illuminate/container/Container.php(662): Illuminate\\Container\\BoundMethod::call(Object(Laravel\\Lumen\\Application), Object(Closure), Array, NULL)
#8 /200/TwitchAnalytics/vendor/laravel/lumen-framework/src/Concerns/RoutesRequests.php(304): Illuminate\\Container\\Container->call(Object(Closure), Array)
#9 /200/TwitchAnalytics/vendor/laravel/lumen-framework/src/Concerns/RoutesRequests.php(269): Laravel\\Lumen\\Application->callActionOnArrayBasedRoute(Array)
#10 /200/TwitchAnalytics/vendor/laravel/lumen-framework/src/Concerns/RoutesRequests.php(171): Laravel\\Lumen\\Application->handleFoundRoute(Array)
#11 /200/TwitchAnalytics/vendor/laravel/lumen-framework/src/Concerns/RoutesRequests.php(431): Laravel\\Lumen\\Application->Laravel\\Lumen\\Concerns\\{closure}(Object(Laravel\\Lumen\\Http\\Request))
#12 /200/TwitchAnalytics/vendor/laravel/lumen-framework/src/Concerns/RoutesRequests.php(167): Laravel\\Lumen\\Application->sendThroughPipeline(Array, Object(Closure))
#13 /200/TwitchAnalytics/vendor/laravel/lumen-framework/src/Concerns/RoutesRequests.php(112): Laravel\\Lumen\\Application->dispatch(NULL)
#14 /200/TwitchAnalytics/public/index.php(28): Laravel\\Lumen\\Application->run()
#15 {main}
"} 
[2025-05-03 01:00:51] local.ERROR: Undefined array key 0 {"exception":"[object] (ErrorException(code: 0): Undefined array key 0 at /200/TwitchAnalytics/getTopsOfTops.php:17)
[stacktrace]
#0 /200/TwitchAnalytics/vendor/laravel/lumen-framework/src/Concerns/RegistersExceptionHandlers.php(47): Laravel\\Lumen\\Application->handleError(2, 'Undefined array...', '/200/TwitchAnal...', 17)
#1 /200/TwitchAnalytics/getTopsOfTops.php(17): Laravel\\Lumen\\Application->Laravel\\Lumen\\Concerns\\{closure}(2, 'Undefined array...', '/200/TwitchAnal...', 17)
#2 /200/TwitchAnalytics/routes/web.php(80): getTopOfTops(600)
#3 /200/TwitchAnalytics/vendor/illuminate/container/BoundMethod.php(36): Closure->{closure}()
#4 /200/TwitchAnalytics/vendor/illuminate/container/Util.php(41): Illuminate\\Container\\BoundMethod::Illuminate\\Container\\{closure}()
#5 /200/TwitchAnalytics/vendor/illuminate/container/BoundMethod.php(81): Illuminate\\Container\\Util::unwrapIfClosure(Object(Closure))
#6 /200/TwitchAnalytics/vendor/illuminate/container/BoundMethod.php(35): Illuminate\\Container\\BoundMethod::callBoundMethod(Object(Laravel\\Lumen\\Application), Object(Closure), Object(Closure))
#7 /200/TwitchAnalytics/vendor/illuminate/container/Container.php(662): Illuminate\\Container\\BoundMethod::call(Object(Laravel\\Lumen\\Application), Object(Closure), Array, NULL)
#8 /200/TwitchAnalytics/vendor/laravel/lumen-framework/src/Concerns/RoutesRequests.php(304): Illuminate\\Container\\Container->call(Object(Closure), Array)
#9 /200/TwitchAnalytics/vendor/laravel/lumen-framework/src/Concerns/RoutesRequests.php(269): Laravel\\Lumen\\Application->callActionOnArrayBasedRoute(Array)
#10 /200/TwitchAnalytics/vendor/laravel/lumen-framework/src/Concerns/RoutesRequests.php(171): Laravel\\Lumen\\Application->handleFoundRoute(Array)
#11 /200/TwitchAnalytics/vendor/laravel/lumen-framework/src/Concerns/RoutesRequests.php(431): Laravel\\Lumen\\Application->Laravel\\Lumen\\Concerns\\{closure}(Object(Laravel\\Lumen\\Http\\Request))
#12 /200/TwitchAnalytics/vendor/laravel/lumen-framework/src/Concerns/RoutesRequests.php(167): Laravel\\Lumen\\Application->sendThroughPipeline(Array, Object(Closure))
#13 /200/TwitchAnalytics/vendor/laravel/lumen-framework/src/Concerns/RoutesRequests.php(112): Laravel\\Lumen\\Application->dispatch(NULL)
#14 /200/TwitchAnalytics/public/index.php(28): Laravel\\Lumen\\Application->run()
#15 {main}
"} 
[2025-05-03 01:00:57] local.ERROR: Undefined array key 0 {"exception":"[object] (ErrorException(code: 0): Undefined array key 0 at /200/TwitchAnalytics/getTopsOfTops.php:17)
[stacktrace]
#0 /200/TwitchAnalytics/vendor/laravel/lumen-framework/src/Concerns/RegistersExceptionHandlers.php(47): Laravel\\Lumen\\Application->handleError(2, 'Undefined array...', '/200/TwitchAnal...', 17)
#1 /200/TwitchAnalytics/getTopsOfTops.php(17): Laravel\\Lumen\\Application->Laravel\\Lumen\\Concerns\\{closure}(2, 'Undefined array...', '/200/TwitchAnal...', 17)
#2 /200/TwitchAnalytics/routes/web.php(80): getTopOfTops(600)
#3 /200/TwitchAnalytics/vendor/illuminate/container/BoundMethod.php(36): Closure->{closure}()
#4 /200/TwitchAnalytics/vendor/illuminate/container/Util.php(41): Illuminate\\Container\\BoundMethod::Illuminate\\Container\\{closure}()
#5 /200/TwitchAnalytics/vendor/illuminate/container/BoundMethod.php(81): Illuminate\\Container\\Util::unwrapIfClosure(Object(Closure))
#6 /200/TwitchAnalytics/vendor/illuminate/container/BoundMethod.php(35): Illuminate\\Container\\BoundMethod::callBoundMethod(Object(Laravel\\Lumen\\Application), Object(Closure), Object(Closure))
#7 /200/TwitchAnalytics/vendor/illuminate/container/Container.php(662): Illuminate\\Container\\BoundMethod::call(Object(Laravel\\Lumen\\Application), Object(Closure), Array, NULL)
#8 /200/TwitchAnalytics/vendor/laravel/lumen-framework/src/Concerns/RoutesRequests.php(304): Illuminate\\Container\\Container->call(Object(Closure), Array)
#9 /200/TwitchAnalytics/vendor/laravel/lumen-framework/src/Concerns/RoutesRequests.php(269): Laravel\\Lumen\\Application->callActionOnArrayBasedRoute(Array)
#10 /200/TwitchAnalytics/vendor/laravel/lumen-framework/src/Concerns/RoutesRequests.php(171): Laravel\\Lumen\\Application->handleFoundRoute(Array)
#11 /200/TwitchAnalytics/vendor/laravel/lumen-framework/src/Concerns/RoutesRequests.php(431): Laravel\\Lumen\\Application->Laravel\\Lumen\\Concerns\\{closure}(Object(Laravel\\Lumen\\Http\\Request))
#12 /200/TwitchAnalytics/vendor/laravel/lumen-framework/src/Concerns/RoutesRequests.php(167): Laravel\\Lumen\\Application->sendThroughPipeline(Array, Object(Closure))
#13 /200/TwitchAnalytics/vendor/laravel/lumen-framework/src/Concerns/RoutesRequests.php(112): Laravel\\Lumen\\Application->dispatch(NULL)
#14 /200/TwitchAnalytics/public/index.php(28): Laravel\\Lumen\\Application->run()
#15 {main}
"} 
