[2025-05-06 11:48:56] production.ERROR: Call to a member function prepare() on null {"exception":"[object] (Error(code: 0): Call to a member function prepare() on null at /mnt/wsl/docker-desktop-bind-mounts/Ubuntu/062c3f0f1db4f48311f2e8b489fb629059264efdf5a2e2170574835712167ff7/src/funcionesAuxiliares/comprobarExpiracion.php:8)
[stacktrace]
#0 /mnt/wsl/docker-desktop-bind-mounts/Ubuntu/062c3f0f1db4f48311f2e8b489fb629059264efdf5a2e2170574835712167ff7/getUserById.php(15): comprobarExpiracion()
#1 /mnt/wsl/docker-desktop-bind-mounts/Ubuntu/062c3f0f1db4f48311f2e8b489fb629059264efdf5a2e2170574835712167ff7/routes/web.php(64): getUserById()
#2 /mnt/wsl/docker-desktop-bind-mounts/Ubuntu/062c3f0f1db4f48311f2e8b489fb629059264efdf5a2e2170574835712167ff7/vendor/illuminate/container/BoundMethod.php(36): Closure->{closure}()
#3 /mnt/wsl/docker-desktop-bind-mounts/Ubuntu/062c3f0f1db4f48311f2e8b489fb629059264efdf5a2e2170574835712167ff7/vendor/illuminate/container/Util.php(41): Illuminate\\Container\\BoundMethod::Illuminate\\Container\\{closure}()
#4 /mnt/wsl/docker-desktop-bind-mounts/Ubuntu/062c3f0f1db4f48311f2e8b489fb629059264efdf5a2e2170574835712167ff7/vendor/illuminate/container/BoundMethod.php(81): Illuminate\\Container\\Util::unwrapIfClosure()
#5 /mnt/wsl/docker-desktop-bind-mounts/Ubuntu/062c3f0f1db4f48311f2e8b489fb629059264efdf5a2e2170574835712167ff7/vendor/illuminate/container/BoundMethod.php(35): Illuminate\\Container\\BoundMethod::callBoundMethod()
#6 /mnt/wsl/docker-desktop-bind-mounts/Ubuntu/062c3f0f1db4f48311f2e8b489fb629059264efdf5a2e2170574835712167ff7/vendor/illuminate/container/Container.php(662): Illuminate\\Container\\BoundMethod::call()
#7 /mnt/wsl/docker-desktop-bind-mounts/Ubuntu/062c3f0f1db4f48311f2e8b489fb629059264efdf5a2e2170574835712167ff7/vendor/laravel/lumen-framework/src/Concerns/RoutesRequests.php(304): Illuminate\\Container\\Container->call()
#8 /mnt/wsl/docker-desktop-bind-mounts/Ubuntu/062c3f0f1db4f48311f2e8b489fb629059264efdf5a2e2170574835712167ff7/vendor/laravel/lumen-framework/src/Concerns/RoutesRequests.php(269): Laravel\\Lumen\\Application->callActionOnArrayBasedRoute()
#9 /mnt/wsl/docker-desktop-bind-mounts/Ubuntu/062c3f0f1db4f48311f2e8b489fb629059264efdf5a2e2170574835712167ff7/vendor/laravel/lumen-framework/src/Concerns/RoutesRequests.php(171): Laravel\\Lumen\\Application->handleFoundRoute()
#10 /mnt/wsl/docker-desktop-bind-mounts/Ubuntu/062c3f0f1db4f48311f2e8b489fb629059264efdf5a2e2170574835712167ff7/vendor/laravel/lumen-framework/src/Concerns/RoutesRequests.php(431): Laravel\\Lumen\\Application->Laravel\\Lumen\\Concerns\\{closure}()
#11 /mnt/wsl/docker-desktop-bind-mounts/Ubuntu/062c3f0f1db4f48311f2e8b489fb629059264efdf5a2e2170574835712167ff7/vendor/laravel/lumen-framework/src/Concerns/RoutesRequests.php(167): Laravel\\Lumen\\Application->sendThroughPipeline()
#12 /mnt/wsl/docker-desktop-bind-mounts/Ubuntu/062c3f0f1db4f48311f2e8b489fb629059264efdf5a2e2170574835712167ff7/vendor/laravel/lumen-framework/src/Concerns/RoutesRequests.php(112): Laravel\\Lumen\\Application->dispatch()
#13 /mnt/wsl/docker-desktop-bind-mounts/Ubuntu/062c3f0f1db4f48311f2e8b489fb629059264efdf5a2e2170574835712167ff7/public/index.php(28): Laravel\\Lumen\\Application->run()
#14 {main}
"} 
[2025-05-06 11:48:57] production.ERROR: Call to a member function prepare() on null {"exception":"[object] (Error(code: 0): Call to a member function prepare() on null at /mnt/wsl/docker-desktop-bind-mounts/Ubuntu/062c3f0f1db4f48311f2e8b489fb629059264efdf5a2e2170574835712167ff7/src/funcionesAuxiliares/comprobarExpiracion.php:8)
[stacktrace]
#0 /mnt/wsl/docker-desktop-bind-mounts/Ubuntu/062c3f0f1db4f48311f2e8b489fb629059264efdf5a2e2170574835712167ff7/getUserById.php(15): comprobarExpiracion()
#1 /mnt/wsl/docker-desktop-bind-mounts/Ubuntu/062c3f0f1db4f48311f2e8b489fb629059264efdf5a2e2170574835712167ff7/routes/web.php(64): getUserById()
#2 /mnt/wsl/docker-desktop-bind-mounts/Ubuntu/062c3f0f1db4f48311f2e8b489fb629059264efdf5a2e2170574835712167ff7/vendor/illuminate/container/BoundMethod.php(36): Closure->{closure}()
#3 /mnt/wsl/docker-desktop-bind-mounts/Ubuntu/062c3f0f1db4f48311f2e8b489fb629059264efdf5a2e2170574835712167ff7/vendor/illuminate/container/Util.php(41): Illuminate\\Container\\BoundMethod::Illuminate\\Container\\{closure}()
#4 /mnt/wsl/docker-desktop-bind-mounts/Ubuntu/062c3f0f1db4f48311f2e8b489fb629059264efdf5a2e2170574835712167ff7/vendor/illuminate/container/BoundMethod.php(81): Illuminate\\Container\\Util::unwrapIfClosure()
#5 /mnt/wsl/docker-desktop-bind-mounts/Ubuntu/062c3f0f1db4f48311f2e8b489fb629059264efdf5a2e2170574835712167ff7/vendor/illuminate/container/BoundMethod.php(35): Illuminate\\Container\\BoundMethod::callBoundMethod()
#6 /mnt/wsl/docker-desktop-bind-mounts/Ubuntu/062c3f0f1db4f48311f2e8b489fb629059264efdf5a2e2170574835712167ff7/vendor/illuminate/container/Container.php(662): Illuminate\\Container\\BoundMethod::call()
#7 /mnt/wsl/docker-desktop-bind-mounts/Ubuntu/062c3f0f1db4f48311f2e8b489fb629059264efdf5a2e2170574835712167ff7/vendor/laravel/lumen-framework/src/Concerns/RoutesRequests.php(304): Illuminate\\Container\\Container->call()
#8 /mnt/wsl/docker-desktop-bind-mounts/Ubuntu/062c3f0f1db4f48311f2e8b489fb629059264efdf5a2e2170574835712167ff7/vendor/laravel/lumen-framework/src/Concerns/RoutesRequests.php(269): Laravel\\Lumen\\Application->callActionOnArrayBasedRoute()
#9 /mnt/wsl/docker-desktop-bind-mounts/Ubuntu/062c3f0f1db4f48311f2e8b489fb629059264efdf5a2e2170574835712167ff7/vendor/laravel/lumen-framework/src/Concerns/RoutesRequests.php(171): Laravel\\Lumen\\Application->handleFoundRoute()
#10 /mnt/wsl/docker-desktop-bind-mounts/Ubuntu/062c3f0f1db4f48311f2e8b489fb629059264efdf5a2e2170574835712167ff7/vendor/laravel/lumen-framework/src/Concerns/RoutesRequests.php(431): Laravel\\Lumen\\Application->Laravel\\Lumen\\Concerns\\{closure}()
#11 /mnt/wsl/docker-desktop-bind-mounts/Ubuntu/062c3f0f1db4f48311f2e8b489fb629059264efdf5a2e2170574835712167ff7/vendor/laravel/lumen-framework/src/Concerns/RoutesRequests.php(167): Laravel\\Lumen\\Application->sendThroughPipeline()
#12 /mnt/wsl/docker-desktop-bind-mounts/Ubuntu/062c3f0f1db4f48311f2e8b489fb629059264efdf5a2e2170574835712167ff7/vendor/laravel/lumen-framework/src/Concerns/RoutesRequests.php(112): Laravel\\Lumen\\Application->dispatch()
#13 /mnt/wsl/docker-desktop-bind-mounts/Ubuntu/062c3f0f1db4f48311f2e8b489fb629059264efdf5a2e2170574835712167ff7/public/index.php(28): Laravel\\Lumen\\Application->run()
#14 {main}
"} 
[2025-05-06 11:48:58] production.ERROR: Call to a member function prepare() on null {"exception":"[object] (Error(code: 0): Call to a member function prepare() on null at /mnt/wsl/docker-desktop-bind-mounts/Ubuntu/062c3f0f1db4f48311f2e8b489fb629059264efdf5a2e2170574835712167ff7/src/funcionesAuxiliares/comprobarExpiracion.php:8)
[stacktrace]
#0 /mnt/wsl/docker-desktop-bind-mounts/Ubuntu/062c3f0f1db4f48311f2e8b489fb629059264efdf5a2e2170574835712167ff7/getUserById.php(15): comprobarExpiracion()
#1 /mnt/wsl/docker-desktop-bind-mounts/Ubuntu/062c3f0f1db4f48311f2e8b489fb629059264efdf5a2e2170574835712167ff7/routes/web.php(64): getUserById()
#2 /mnt/wsl/docker-desktop-bind-mounts/Ubuntu/062c3f0f1db4f48311f2e8b489fb629059264efdf5a2e2170574835712167ff7/vendor/illuminate/container/BoundMethod.php(36): Closure->{closure}()
#3 /mnt/wsl/docker-desktop-bind-mounts/Ubuntu/062c3f0f1db4f48311f2e8b489fb629059264efdf5a2e2170574835712167ff7/vendor/illuminate/container/Util.php(41): Illuminate\\Container\\BoundMethod::Illuminate\\Container\\{closure}()
#4 /mnt/wsl/docker-desktop-bind-mounts/Ubuntu/062c3f0f1db4f48311f2e8b489fb629059264efdf5a2e2170574835712167ff7/vendor/illuminate/container/BoundMethod.php(81): Illuminate\\Container\\Util::unwrapIfClosure()
#5 /mnt/wsl/docker-desktop-bind-mounts/Ubuntu/062c3f0f1db4f48311f2e8b489fb629059264efdf5a2e2170574835712167ff7/vendor/illuminate/container/BoundMethod.php(35): Illuminate\\Container\\BoundMethod::callBoundMethod()
#6 /mnt/wsl/docker-desktop-bind-mounts/Ubuntu/062c3f0f1db4f48311f2e8b489fb629059264efdf5a2e2170574835712167ff7/vendor/illuminate/container/Container.php(662): Illuminate\\Container\\BoundMethod::call()
#7 /mnt/wsl/docker-desktop-bind-mounts/Ubuntu/062c3f0f1db4f48311f2e8b489fb629059264efdf5a2e2170574835712167ff7/vendor/laravel/lumen-framework/src/Concerns/RoutesRequests.php(304): Illuminate\\Container\\Container->call()
#8 /mnt/wsl/docker-desktop-bind-mounts/Ubuntu/062c3f0f1db4f48311f2e8b489fb629059264efdf5a2e2170574835712167ff7/vendor/laravel/lumen-framework/src/Concerns/RoutesRequests.php(269): Laravel\\Lumen\\Application->callActionOnArrayBasedRoute()
#9 /mnt/wsl/docker-desktop-bind-mounts/Ubuntu/062c3f0f1db4f48311f2e8b489fb629059264efdf5a2e2170574835712167ff7/vendor/laravel/lumen-framework/src/Concerns/RoutesRequests.php(171): Laravel\\Lumen\\Application->handleFoundRoute()
#10 /mnt/wsl/docker-desktop-bind-mounts/Ubuntu/062c3f0f1db4f48311f2e8b489fb629059264efdf5a2e2170574835712167ff7/vendor/laravel/lumen-framework/src/Concerns/RoutesRequests.php(431): Laravel\\Lumen\\Application->Laravel\\Lumen\\Concerns\\{closure}()
#11 /mnt/wsl/docker-desktop-bind-mounts/Ubuntu/062c3f0f1db4f48311f2e8b489fb629059264efdf5a2e2170574835712167ff7/vendor/laravel/lumen-framework/src/Concerns/RoutesRequests.php(167): Laravel\\Lumen\\Application->sendThroughPipeline()
#12 /mnt/wsl/docker-desktop-bind-mounts/Ubuntu/062c3f0f1db4f48311f2e8b489fb629059264efdf5a2e2170574835712167ff7/vendor/laravel/lumen-framework/src/Concerns/RoutesRequests.php(112): Laravel\\Lumen\\Application->dispatch()
#13 /mnt/wsl/docker-desktop-bind-mounts/Ubuntu/062c3f0f1db4f48311f2e8b489fb629059264efdf5a2e2170574835712167ff7/public/index.php(28): Laravel\\Lumen\\Application->run()
#14 {main}
"} 
[2025-05-06 11:48:58] production.ERROR: Call to a member function prepare() on null {"exception":"[object] (Error(code: 0): Call to a member function prepare() on null at /mnt/wsl/docker-desktop-bind-mounts/Ubuntu/062c3f0f1db4f48311f2e8b489fb629059264efdf5a2e2170574835712167ff7/src/funcionesAuxiliares/comprobarExpiracion.php:8)
[stacktrace]
#0 /mnt/wsl/docker-desktop-bind-mounts/Ubuntu/062c3f0f1db4f48311f2e8b489fb629059264efdf5a2e2170574835712167ff7/getStreams.php(19): comprobarExpiracion()
#1 /mnt/wsl/docker-desktop-bind-mounts/Ubuntu/062c3f0f1db4f48311f2e8b489fb629059264efdf5a2e2170574835712167ff7/routes/web.php(69): getStreams()
#2 /mnt/wsl/docker-desktop-bind-mounts/Ubuntu/062c3f0f1db4f48311f2e8b489fb629059264efdf5a2e2170574835712167ff7/vendor/illuminate/container/BoundMethod.php(36): Closure->{closure}()
#3 /mnt/wsl/docker-desktop-bind-mounts/Ubuntu/062c3f0f1db4f48311f2e8b489fb629059264efdf5a2e2170574835712167ff7/vendor/illuminate/container/Util.php(41): Illuminate\\Container\\BoundMethod::Illuminate\\Container\\{closure}()
#4 /mnt/wsl/docker-desktop-bind-mounts/Ubuntu/062c3f0f1db4f48311f2e8b489fb629059264efdf5a2e2170574835712167ff7/vendor/illuminate/container/BoundMethod.php(81): Illuminate\\Container\\Util::unwrapIfClosure()
#5 /mnt/wsl/docker-desktop-bind-mounts/Ubuntu/062c3f0f1db4f48311f2e8b489fb629059264efdf5a2e2170574835712167ff7/vendor/illuminate/container/BoundMethod.php(35): Illuminate\\Container\\BoundMethod::callBoundMethod()
#6 /mnt/wsl/docker-desktop-bind-mounts/Ubuntu/062c3f0f1db4f48311f2e8b489fb629059264efdf5a2e2170574835712167ff7/vendor/illuminate/container/Container.php(662): Illuminate\\Container\\BoundMethod::call()
#7 /mnt/wsl/docker-desktop-bind-mounts/Ubuntu/062c3f0f1db4f48311f2e8b489fb629059264efdf5a2e2170574835712167ff7/vendor/laravel/lumen-framework/src/Concerns/RoutesRequests.php(304): Illuminate\\Container\\Container->call()
#8 /mnt/wsl/docker-desktop-bind-mounts/Ubuntu/062c3f0f1db4f48311f2e8b489fb629059264efdf5a2e2170574835712167ff7/vendor/laravel/lumen-framework/src/Concerns/RoutesRequests.php(269): Laravel\\Lumen\\Application->callActionOnArrayBasedRoute()
#9 /mnt/wsl/docker-desktop-bind-mounts/Ubuntu/062c3f0f1db4f48311f2e8b489fb629059264efdf5a2e2170574835712167ff7/vendor/laravel/lumen-framework/src/Concerns/RoutesRequests.php(171): Laravel\\Lumen\\Application->handleFoundRoute()
#10 /mnt/wsl/docker-desktop-bind-mounts/Ubuntu/062c3f0f1db4f48311f2e8b489fb629059264efdf5a2e2170574835712167ff7/vendor/laravel/lumen-framework/src/Concerns/RoutesRequests.php(431): Laravel\\Lumen\\Application->Laravel\\Lumen\\Concerns\\{closure}()
#11 /mnt/wsl/docker-desktop-bind-mounts/Ubuntu/062c3f0f1db4f48311f2e8b489fb629059264efdf5a2e2170574835712167ff7/vendor/laravel/lumen-framework/src/Concerns/RoutesRequests.php(167): Laravel\\Lumen\\Application->sendThroughPipeline()
#12 /mnt/wsl/docker-desktop-bind-mounts/Ubuntu/062c3f0f1db4f48311f2e8b489fb629059264efdf5a2e2170574835712167ff7/vendor/laravel/lumen-framework/src/Concerns/RoutesRequests.php(112): Laravel\\Lumen\\Application->dispatch()
#13 /mnt/wsl/docker-desktop-bind-mounts/Ubuntu/062c3f0f1db4f48311f2e8b489fb629059264efdf5a2e2170574835712167ff7/public/index.php(28): Laravel\\Lumen\\Application->run()
#14 {main}
"} 
[2025-05-06 11:48:58] production.ERROR: Call to a member function prepare() on null {"exception":"[object] (Error(code: 0): Call to a member function prepare() on null at /mnt/wsl/docker-desktop-bind-mounts/Ubuntu/062c3f0f1db4f48311f2e8b489fb629059264efdf5a2e2170574835712167ff7/src/funcionesAuxiliares/comprobarExpiracion.php:8)
[stacktrace]
#0 /mnt/wsl/docker-desktop-bind-mounts/Ubuntu/062c3f0f1db4f48311f2e8b489fb629059264efdf5a2e2170574835712167ff7/getStreams.php(19): comprobarExpiracion()
#1 /mnt/wsl/docker-desktop-bind-mounts/Ubuntu/062c3f0f1db4f48311f2e8b489fb629059264efdf5a2e2170574835712167ff7/routes/web.php(69): getStreams()
#2 /mnt/wsl/docker-desktop-bind-mounts/Ubuntu/062c3f0f1db4f48311f2e8b489fb629059264efdf5a2e2170574835712167ff7/vendor/illuminate/container/BoundMethod.php(36): Closure->{closure}()
#3 /mnt/wsl/docker-desktop-bind-mounts/Ubuntu/062c3f0f1db4f48311f2e8b489fb629059264efdf5a2e2170574835712167ff7/vendor/illuminate/container/Util.php(41): Illuminate\\Container\\BoundMethod::Illuminate\\Container\\{closure}()
#4 /mnt/wsl/docker-desktop-bind-mounts/Ubuntu/062c3f0f1db4f48311f2e8b489fb629059264efdf5a2e2170574835712167ff7/vendor/illuminate/container/BoundMethod.php(81): Illuminate\\Container\\Util::unwrapIfClosure()
#5 /mnt/wsl/docker-desktop-bind-mounts/Ubuntu/062c3f0f1db4f48311f2e8b489fb629059264efdf5a2e2170574835712167ff7/vendor/illuminate/container/BoundMethod.php(35): Illuminate\\Container\\BoundMethod::callBoundMethod()
#6 /mnt/wsl/docker-desktop-bind-mounts/Ubuntu/062c3f0f1db4f48311f2e8b489fb629059264efdf5a2e2170574835712167ff7/vendor/illuminate/container/Container.php(662): Illuminate\\Container\\BoundMethod::call()
#7 /mnt/wsl/docker-desktop-bind-mounts/Ubuntu/062c3f0f1db4f48311f2e8b489fb629059264efdf5a2e2170574835712167ff7/vendor/laravel/lumen-framework/src/Concerns/RoutesRequests.php(304): Illuminate\\Container\\Container->call()
#8 /mnt/wsl/docker-desktop-bind-mounts/Ubuntu/062c3f0f1db4f48311f2e8b489fb629059264efdf5a2e2170574835712167ff7/vendor/laravel/lumen-framework/src/Concerns/RoutesRequests.php(269): Laravel\\Lumen\\Application->callActionOnArrayBasedRoute()
#9 /mnt/wsl/docker-desktop-bind-mounts/Ubuntu/062c3f0f1db4f48311f2e8b489fb629059264efdf5a2e2170574835712167ff7/vendor/laravel/lumen-framework/src/Concerns/RoutesRequests.php(171): Laravel\\Lumen\\Application->handleFoundRoute()
#10 /mnt/wsl/docker-desktop-bind-mounts/Ubuntu/062c3f0f1db4f48311f2e8b489fb629059264efdf5a2e2170574835712167ff7/vendor/laravel/lumen-framework/src/Concerns/RoutesRequests.php(431): Laravel\\Lumen\\Application->Laravel\\Lumen\\Concerns\\{closure}()
#11 /mnt/wsl/docker-desktop-bind-mounts/Ubuntu/062c3f0f1db4f48311f2e8b489fb629059264efdf5a2e2170574835712167ff7/vendor/laravel/lumen-framework/src/Concerns/RoutesRequests.php(167): Laravel\\Lumen\\Application->sendThroughPipeline()
#12 /mnt/wsl/docker-desktop-bind-mounts/Ubuntu/062c3f0f1db4f48311f2e8b489fb629059264efdf5a2e2170574835712167ff7/vendor/laravel/lumen-framework/src/Concerns/RoutesRequests.php(112): Laravel\\Lumen\\Application->dispatch()
#13 /mnt/wsl/docker-desktop-bind-mounts/Ubuntu/062c3f0f1db4f48311f2e8b489fb629059264efdf5a2e2170574835712167ff7/public/index.php(28): Laravel\\Lumen\\Application->run()
#14 {main}
"} 
[2025-05-06 11:48:59] production.ERROR: Call to a member function prepare() on null {"exception":"[object] (Error(code: 0): Call to a member function prepare() on null at /mnt/wsl/docker-desktop-bind-mounts/Ubuntu/062c3f0f1db4f48311f2e8b489fb629059264efdf5a2e2170574835712167ff7/src/funcionesAuxiliares/comprobarExpiracion.php:8)
[stacktrace]
#0 /mnt/wsl/docker-desktop-bind-mounts/Ubuntu/062c3f0f1db4f48311f2e8b489fb629059264efdf5a2e2170574835712167ff7/getEnrichedStreams.php(15): comprobarExpiracion()
#1 /mnt/wsl/docker-desktop-bind-mounts/Ubuntu/062c3f0f1db4f48311f2e8b489fb629059264efdf5a2e2170574835712167ff7/routes/web.php(74): getEnrichedStreams()
#2 /mnt/wsl/docker-desktop-bind-mounts/Ubuntu/062c3f0f1db4f48311f2e8b489fb629059264efdf5a2e2170574835712167ff7/vendor/illuminate/container/BoundMethod.php(36): Closure->{closure}()
#3 /mnt/wsl/docker-desktop-bind-mounts/Ubuntu/062c3f0f1db4f48311f2e8b489fb629059264efdf5a2e2170574835712167ff7/vendor/illuminate/container/Util.php(41): Illuminate\\Container\\BoundMethod::Illuminate\\Container\\{closure}()
#4 /mnt/wsl/docker-desktop-bind-mounts/Ubuntu/062c3f0f1db4f48311f2e8b489fb629059264efdf5a2e2170574835712167ff7/vendor/illuminate/container/BoundMethod.php(81): Illuminate\\Container\\Util::unwrapIfClosure()
#5 /mnt/wsl/docker-desktop-bind-mounts/Ubuntu/062c3f0f1db4f48311f2e8b489fb629059264efdf5a2e2170574835712167ff7/vendor/illuminate/container/BoundMethod.php(35): Illuminate\\Container\\BoundMethod::callBoundMethod()
#6 /mnt/wsl/docker-desktop-bind-mounts/Ubuntu/062c3f0f1db4f48311f2e8b489fb629059264efdf5a2e2170574835712167ff7/vendor/illuminate/container/Container.php(662): Illuminate\\Container\\BoundMethod::call()
#7 /mnt/wsl/docker-desktop-bind-mounts/Ubuntu/062c3f0f1db4f48311f2e8b489fb629059264efdf5a2e2170574835712167ff7/vendor/laravel/lumen-framework/src/Concerns/RoutesRequests.php(304): Illuminate\\Container\\Container->call()
#8 /mnt/wsl/docker-desktop-bind-mounts/Ubuntu/062c3f0f1db4f48311f2e8b489fb629059264efdf5a2e2170574835712167ff7/vendor/laravel/lumen-framework/src/Concerns/RoutesRequests.php(269): Laravel\\Lumen\\Application->callActionOnArrayBasedRoute()
#9 /mnt/wsl/docker-desktop-bind-mounts/Ubuntu/062c3f0f1db4f48311f2e8b489fb629059264efdf5a2e2170574835712167ff7/vendor/laravel/lumen-framework/src/Concerns/RoutesRequests.php(171): Laravel\\Lumen\\Application->handleFoundRoute()
#10 /mnt/wsl/docker-desktop-bind-mounts/Ubuntu/062c3f0f1db4f48311f2e8b489fb629059264efdf5a2e2170574835712167ff7/vendor/laravel/lumen-framework/src/Concerns/RoutesRequests.php(431): Laravel\\Lumen\\Application->Laravel\\Lumen\\Concerns\\{closure}()
#11 /mnt/wsl/docker-desktop-bind-mounts/Ubuntu/062c3f0f1db4f48311f2e8b489fb629059264efdf5a2e2170574835712167ff7/vendor/laravel/lumen-framework/src/Concerns/RoutesRequests.php(167): Laravel\\Lumen\\Application->sendThroughPipeline()
#12 /mnt/wsl/docker-desktop-bind-mounts/Ubuntu/062c3f0f1db4f48311f2e8b489fb629059264efdf5a2e2170574835712167ff7/vendor/laravel/lumen-framework/src/Concerns/RoutesRequests.php(112): Laravel\\Lumen\\Application->dispatch()
#13 /mnt/wsl/docker-desktop-bind-mounts/Ubuntu/062c3f0f1db4f48311f2e8b489fb629059264efdf5a2e2170574835712167ff7/public/index.php(28): Laravel\\Lumen\\Application->run()
#14 {main}
"} 
[2025-05-06 11:56:32] production.ERROR: Call to a member function prepare() on null {"exception":"[object] (Error(code: 0): Call to a member function prepare() on null at /mnt/wsl/docker-desktop-bind-mounts/Ubuntu/062c3f0f1db4f48311f2e8b489fb629059264efdf5a2e2170574835712167ff7/src/funcionesAuxiliares/comprobarExpiracion.php:8)
[stacktrace]
#0 /mnt/wsl/docker-desktop-bind-mounts/Ubuntu/062c3f0f1db4f48311f2e8b489fb629059264efdf5a2e2170574835712167ff7/getUserById.php(15): comprobarExpiracion()
#1 /mnt/wsl/docker-desktop-bind-mounts/Ubuntu/062c3f0f1db4f48311f2e8b489fb629059264efdf5a2e2170574835712167ff7/routes/web.php(64): getUserById()
#2 /mnt/wsl/docker-desktop-bind-mounts/Ubuntu/062c3f0f1db4f48311f2e8b489fb629059264efdf5a2e2170574835712167ff7/vendor/illuminate/container/BoundMethod.php(36): Closure->{closure}()
#3 /mnt/wsl/docker-desktop-bind-mounts/Ubuntu/062c3f0f1db4f48311f2e8b489fb629059264efdf5a2e2170574835712167ff7/vendor/illuminate/container/Util.php(41): Illuminate\\Container\\BoundMethod::Illuminate\\Container\\{closure}()
#4 /mnt/wsl/docker-desktop-bind-mounts/Ubuntu/062c3f0f1db4f48311f2e8b489fb629059264efdf5a2e2170574835712167ff7/vendor/illuminate/container/BoundMethod.php(81): Illuminate\\Container\\Util::unwrapIfClosure()
#5 /mnt/wsl/docker-desktop-bind-mounts/Ubuntu/062c3f0f1db4f48311f2e8b489fb629059264efdf5a2e2170574835712167ff7/vendor/illuminate/container/BoundMethod.php(35): Illuminate\\Container\\BoundMethod::callBoundMethod()
#6 /mnt/wsl/docker-desktop-bind-mounts/Ubuntu/062c3f0f1db4f48311f2e8b489fb629059264efdf5a2e2170574835712167ff7/vendor/illuminate/container/Container.php(662): Illuminate\\Container\\BoundMethod::call()
#7 /mnt/wsl/docker-desktop-bind-mounts/Ubuntu/062c3f0f1db4f48311f2e8b489fb629059264efdf5a2e2170574835712167ff7/vendor/laravel/lumen-framework/src/Concerns/RoutesRequests.php(304): Illuminate\\Container\\Container->call()
#8 /mnt/wsl/docker-desktop-bind-mounts/Ubuntu/062c3f0f1db4f48311f2e8b489fb629059264efdf5a2e2170574835712167ff7/vendor/laravel/lumen-framework/src/Concerns/RoutesRequests.php(269): Laravel\\Lumen\\Application->callActionOnArrayBasedRoute()
#9 /mnt/wsl/docker-desktop-bind-mounts/Ubuntu/062c3f0f1db4f48311f2e8b489fb629059264efdf5a2e2170574835712167ff7/vendor/laravel/lumen-framework/src/Concerns/RoutesRequests.php(171): Laravel\\Lumen\\Application->handleFoundRoute()
#10 /mnt/wsl/docker-desktop-bind-mounts/Ubuntu/062c3f0f1db4f48311f2e8b489fb629059264efdf5a2e2170574835712167ff7/vendor/laravel/lumen-framework/src/Concerns/RoutesRequests.php(431): Laravel\\Lumen\\Application->Laravel\\Lumen\\Concerns\\{closure}()
#11 /mnt/wsl/docker-desktop-bind-mounts/Ubuntu/062c3f0f1db4f48311f2e8b489fb629059264efdf5a2e2170574835712167ff7/vendor/laravel/lumen-framework/src/Concerns/RoutesRequests.php(167): Laravel\\Lumen\\Application->sendThroughPipeline()
#12 /mnt/wsl/docker-desktop-bind-mounts/Ubuntu/062c3f0f1db4f48311f2e8b489fb629059264efdf5a2e2170574835712167ff7/vendor/laravel/lumen-framework/src/Concerns/RoutesRequests.php(112): Laravel\\Lumen\\Application->dispatch()
#13 /mnt/wsl/docker-desktop-bind-mounts/Ubuntu/062c3f0f1db4f48311f2e8b489fb629059264efdf5a2e2170574835712167ff7/public/index.php(28): Laravel\\Lumen\\Application->run()
#14 {main}
"} 
[2025-05-06 11:56:33] production.ERROR: Call to a member function prepare() on null {"exception":"[object] (Error(code: 0): Call to a member function prepare() on null at /mnt/wsl/docker-desktop-bind-mounts/Ubuntu/062c3f0f1db4f48311f2e8b489fb629059264efdf5a2e2170574835712167ff7/src/funcionesAuxiliares/comprobarExpiracion.php:8)
[stacktrace]
#0 /mnt/wsl/docker-desktop-bind-mounts/Ubuntu/062c3f0f1db4f48311f2e8b489fb629059264efdf5a2e2170574835712167ff7/getUserById.php(15): comprobarExpiracion()
#1 /mnt/wsl/docker-desktop-bind-mounts/Ubuntu/062c3f0f1db4f48311f2e8b489fb629059264efdf5a2e2170574835712167ff7/routes/web.php(64): getUserById()
#2 /mnt/wsl/docker-desktop-bind-mounts/Ubuntu/062c3f0f1db4f48311f2e8b489fb629059264efdf5a2e2170574835712167ff7/vendor/illuminate/container/BoundMethod.php(36): Closure->{closure}()
#3 /mnt/wsl/docker-desktop-bind-mounts/Ubuntu/062c3f0f1db4f48311f2e8b489fb629059264efdf5a2e2170574835712167ff7/vendor/illuminate/container/Util.php(41): Illuminate\\Container\\BoundMethod::Illuminate\\Container\\{closure}()
#4 /mnt/wsl/docker-desktop-bind-mounts/Ubuntu/062c3f0f1db4f48311f2e8b489fb629059264efdf5a2e2170574835712167ff7/vendor/illuminate/container/BoundMethod.php(81): Illuminate\\Container\\Util::unwrapIfClosure()
#5 /mnt/wsl/docker-desktop-bind-mounts/Ubuntu/062c3f0f1db4f48311f2e8b489fb629059264efdf5a2e2170574835712167ff7/vendor/illuminate/container/BoundMethod.php(35): Illuminate\\Container\\BoundMethod::callBoundMethod()
#6 /mnt/wsl/docker-desktop-bind-mounts/Ubuntu/062c3f0f1db4f48311f2e8b489fb629059264efdf5a2e2170574835712167ff7/vendor/illuminate/container/Container.php(662): Illuminate\\Container\\BoundMethod::call()
#7 /mnt/wsl/docker-desktop-bind-mounts/Ubuntu/062c3f0f1db4f48311f2e8b489fb629059264efdf5a2e2170574835712167ff7/vendor/laravel/lumen-framework/src/Concerns/RoutesRequests.php(304): Illuminate\\Container\\Container->call()
#8 /mnt/wsl/docker-desktop-bind-mounts/Ubuntu/062c3f0f1db4f48311f2e8b489fb629059264efdf5a2e2170574835712167ff7/vendor/laravel/lumen-framework/src/Concerns/RoutesRequests.php(269): Laravel\\Lumen\\Application->callActionOnArrayBasedRoute()
#9 /mnt/wsl/docker-desktop-bind-mounts/Ubuntu/062c3f0f1db4f48311f2e8b489fb629059264efdf5a2e2170574835712167ff7/vendor/laravel/lumen-framework/src/Concerns/RoutesRequests.php(171): Laravel\\Lumen\\Application->handleFoundRoute()
#10 /mnt/wsl/docker-desktop-bind-mounts/Ubuntu/062c3f0f1db4f48311f2e8b489fb629059264efdf5a2e2170574835712167ff7/vendor/laravel/lumen-framework/src/Concerns/RoutesRequests.php(431): Laravel\\Lumen\\Application->Laravel\\Lumen\\Concerns\\{closure}()
#11 /mnt/wsl/docker-desktop-bind-mounts/Ubuntu/062c3f0f1db4f48311f2e8b489fb629059264efdf5a2e2170574835712167ff7/vendor/laravel/lumen-framework/src/Concerns/RoutesRequests.php(167): Laravel\\Lumen\\Application->sendThroughPipeline()
#12 /mnt/wsl/docker-desktop-bind-mounts/Ubuntu/062c3f0f1db4f48311f2e8b489fb629059264efdf5a2e2170574835712167ff7/vendor/laravel/lumen-framework/src/Concerns/RoutesRequests.php(112): Laravel\\Lumen\\Application->dispatch()
#13 /mnt/wsl/docker-desktop-bind-mounts/Ubuntu/062c3f0f1db4f48311f2e8b489fb629059264efdf5a2e2170574835712167ff7/public/index.php(28): Laravel\\Lumen\\Application->run()
#14 {main}
"} 
[2025-05-06 11:56:33] production.ERROR: Call to a member function prepare() on null {"exception":"[object] (Error(code: 0): Call to a member function prepare() on null at /mnt/wsl/docker-desktop-bind-mounts/Ubuntu/062c3f0f1db4f48311f2e8b489fb629059264efdf5a2e2170574835712167ff7/src/funcionesAuxiliares/comprobarExpiracion.php:8)
[stacktrace]
#0 /mnt/wsl/docker-desktop-bind-mounts/Ubuntu/062c3f0f1db4f48311f2e8b489fb629059264efdf5a2e2170574835712167ff7/getUserById.php(15): comprobarExpiracion()
#1 /mnt/wsl/docker-desktop-bind-mounts/Ubuntu/062c3f0f1db4f48311f2e8b489fb629059264efdf5a2e2170574835712167ff7/routes/web.php(64): getUserById()
#2 /mnt/wsl/docker-desktop-bind-mounts/Ubuntu/062c3f0f1db4f48311f2e8b489fb629059264efdf5a2e2170574835712167ff7/vendor/illuminate/container/BoundMethod.php(36): Closure->{closure}()
#3 /mnt/wsl/docker-desktop-bind-mounts/Ubuntu/062c3f0f1db4f48311f2e8b489fb629059264efdf5a2e2170574835712167ff7/vendor/illuminate/container/Util.php(41): Illuminate\\Container\\BoundMethod::Illuminate\\Container\\{closure}()
#4 /mnt/wsl/docker-desktop-bind-mounts/Ubuntu/062c3f0f1db4f48311f2e8b489fb629059264efdf5a2e2170574835712167ff7/vendor/illuminate/container/BoundMethod.php(81): Illuminate\\Container\\Util::unwrapIfClosure()
#5 /mnt/wsl/docker-desktop-bind-mounts/Ubuntu/062c3f0f1db4f48311f2e8b489fb629059264efdf5a2e2170574835712167ff7/vendor/illuminate/container/BoundMethod.php(35): Illuminate\\Container\\BoundMethod::callBoundMethod()
#6 /mnt/wsl/docker-desktop-bind-mounts/Ubuntu/062c3f0f1db4f48311f2e8b489fb629059264efdf5a2e2170574835712167ff7/vendor/illuminate/container/Container.php(662): Illuminate\\Container\\BoundMethod::call()
#7 /mnt/wsl/docker-desktop-bind-mounts/Ubuntu/062c3f0f1db4f48311f2e8b489fb629059264efdf5a2e2170574835712167ff7/vendor/laravel/lumen-framework/src/Concerns/RoutesRequests.php(304): Illuminate\\Container\\Container->call()
#8 /mnt/wsl/docker-desktop-bind-mounts/Ubuntu/062c3f0f1db4f48311f2e8b489fb629059264efdf5a2e2170574835712167ff7/vendor/laravel/lumen-framework/src/Concerns/RoutesRequests.php(269): Laravel\\Lumen\\Application->callActionOnArrayBasedRoute()
#9 /mnt/wsl/docker-desktop-bind-mounts/Ubuntu/062c3f0f1db4f48311f2e8b489fb629059264efdf5a2e2170574835712167ff7/vendor/laravel/lumen-framework/src/Concerns/RoutesRequests.php(171): Laravel\\Lumen\\Application->handleFoundRoute()
#10 /mnt/wsl/docker-desktop-bind-mounts/Ubuntu/062c3f0f1db4f48311f2e8b489fb629059264efdf5a2e2170574835712167ff7/vendor/laravel/lumen-framework/src/Concerns/RoutesRequests.php(431): Laravel\\Lumen\\Application->Laravel\\Lumen\\Concerns\\{closure}()
#11 /mnt/wsl/docker-desktop-bind-mounts/Ubuntu/062c3f0f1db4f48311f2e8b489fb629059264efdf5a2e2170574835712167ff7/vendor/laravel/lumen-framework/src/Concerns/RoutesRequests.php(167): Laravel\\Lumen\\Application->sendThroughPipeline()
#12 /mnt/wsl/docker-desktop-bind-mounts/Ubuntu/062c3f0f1db4f48311f2e8b489fb629059264efdf5a2e2170574835712167ff7/vendor/laravel/lumen-framework/src/Concerns/RoutesRequests.php(112): Laravel\\Lumen\\Application->dispatch()
#13 /mnt/wsl/docker-desktop-bind-mounts/Ubuntu/062c3f0f1db4f48311f2e8b489fb629059264efdf5a2e2170574835712167ff7/public/index.php(28): Laravel\\Lumen\\Application->run()
#14 {main}
"} 
[2025-05-06 11:56:33] production.ERROR: Call to a member function prepare() on null {"exception":"[object] (Error(code: 0): Call to a member function prepare() on null at /mnt/wsl/docker-desktop-bind-mounts/Ubuntu/062c3f0f1db4f48311f2e8b489fb629059264efdf5a2e2170574835712167ff7/src/funcionesAuxiliares/comprobarExpiracion.php:8)
[stacktrace]
#0 /mnt/wsl/docker-desktop-bind-mounts/Ubuntu/062c3f0f1db4f48311f2e8b489fb629059264efdf5a2e2170574835712167ff7/getStreams.php(19): comprobarExpiracion()
#1 /mnt/wsl/docker-desktop-bind-mounts/Ubuntu/062c3f0f1db4f48311f2e8b489fb629059264efdf5a2e2170574835712167ff7/routes/web.php(69): getStreams()
#2 /mnt/wsl/docker-desktop-bind-mounts/Ubuntu/062c3f0f1db4f48311f2e8b489fb629059264efdf5a2e2170574835712167ff7/vendor/illuminate/container/BoundMethod.php(36): Closure->{closure}()
#3 /mnt/wsl/docker-desktop-bind-mounts/Ubuntu/062c3f0f1db4f48311f2e8b489fb629059264efdf5a2e2170574835712167ff7/vendor/illuminate/container/Util.php(41): Illuminate\\Container\\BoundMethod::Illuminate\\Container\\{closure}()
#4 /mnt/wsl/docker-desktop-bind-mounts/Ubuntu/062c3f0f1db4f48311f2e8b489fb629059264efdf5a2e2170574835712167ff7/vendor/illuminate/container/BoundMethod.php(81): Illuminate\\Container\\Util::unwrapIfClosure()
#5 /mnt/wsl/docker-desktop-bind-mounts/Ubuntu/062c3f0f1db4f48311f2e8b489fb629059264efdf5a2e2170574835712167ff7/vendor/illuminate/container/BoundMethod.php(35): Illuminate\\Container\\BoundMethod::callBoundMethod()
#6 /mnt/wsl/docker-desktop-bind-mounts/Ubuntu/062c3f0f1db4f48311f2e8b489fb629059264efdf5a2e2170574835712167ff7/vendor/illuminate/container/Container.php(662): Illuminate\\Container\\BoundMethod::call()
#7 /mnt/wsl/docker-desktop-bind-mounts/Ubuntu/062c3f0f1db4f48311f2e8b489fb629059264efdf5a2e2170574835712167ff7/vendor/laravel/lumen-framework/src/Concerns/RoutesRequests.php(304): Illuminate\\Container\\Container->call()
#8 /mnt/wsl/docker-desktop-bind-mounts/Ubuntu/062c3f0f1db4f48311f2e8b489fb629059264efdf5a2e2170574835712167ff7/vendor/laravel/lumen-framework/src/Concerns/RoutesRequests.php(269): Laravel\\Lumen\\Application->callActionOnArrayBasedRoute()
#9 /mnt/wsl/docker-desktop-bind-mounts/Ubuntu/062c3f0f1db4f48311f2e8b489fb629059264efdf5a2e2170574835712167ff7/vendor/laravel/lumen-framework/src/Concerns/RoutesRequests.php(171): Laravel\\Lumen\\Application->handleFoundRoute()
#10 /mnt/wsl/docker-desktop-bind-mounts/Ubuntu/062c3f0f1db4f48311f2e8b489fb629059264efdf5a2e2170574835712167ff7/vendor/laravel/lumen-framework/src/Concerns/RoutesRequests.php(431): Laravel\\Lumen\\Application->Laravel\\Lumen\\Concerns\\{closure}()
#11 /mnt/wsl/docker-desktop-bind-mounts/Ubuntu/062c3f0f1db4f48311f2e8b489fb629059264efdf5a2e2170574835712167ff7/vendor/laravel/lumen-framework/src/Concerns/RoutesRequests.php(167): Laravel\\Lumen\\Application->sendThroughPipeline()
#12 /mnt/wsl/docker-desktop-bind-mounts/Ubuntu/062c3f0f1db4f48311f2e8b489fb629059264efdf5a2e2170574835712167ff7/vendor/laravel/lumen-framework/src/Concerns/RoutesRequests.php(112): Laravel\\Lumen\\Application->dispatch()
#13 /mnt/wsl/docker-desktop-bind-mounts/Ubuntu/062c3f0f1db4f48311f2e8b489fb629059264efdf5a2e2170574835712167ff7/public/index.php(28): Laravel\\Lumen\\Application->run()
#14 {main}
"} 
[2025-05-06 11:56:34] production.ERROR: Call to a member function prepare() on null {"exception":"[object] (Error(code: 0): Call to a member function prepare() on null at /mnt/wsl/docker-desktop-bind-mounts/Ubuntu/062c3f0f1db4f48311f2e8b489fb629059264efdf5a2e2170574835712167ff7/src/funcionesAuxiliares/comprobarExpiracion.php:8)
[stacktrace]
#0 /mnt/wsl/docker-desktop-bind-mounts/Ubuntu/062c3f0f1db4f48311f2e8b489fb629059264efdf5a2e2170574835712167ff7/getStreams.php(19): comprobarExpiracion()
#1 /mnt/wsl/docker-desktop-bind-mounts/Ubuntu/062c3f0f1db4f48311f2e8b489fb629059264efdf5a2e2170574835712167ff7/routes/web.php(69): getStreams()
#2 /mnt/wsl/docker-desktop-bind-mounts/Ubuntu/062c3f0f1db4f48311f2e8b489fb629059264efdf5a2e2170574835712167ff7/vendor/illuminate/container/BoundMethod.php(36): Closure->{closure}()
#3 /mnt/wsl/docker-desktop-bind-mounts/Ubuntu/062c3f0f1db4f48311f2e8b489fb629059264efdf5a2e2170574835712167ff7/vendor/illuminate/container/Util.php(41): Illuminate\\Container\\BoundMethod::Illuminate\\Container\\{closure}()
#4 /mnt/wsl/docker-desktop-bind-mounts/Ubuntu/062c3f0f1db4f48311f2e8b489fb629059264efdf5a2e2170574835712167ff7/vendor/illuminate/container/BoundMethod.php(81): Illuminate\\Container\\Util::unwrapIfClosure()
#5 /mnt/wsl/docker-desktop-bind-mounts/Ubuntu/062c3f0f1db4f48311f2e8b489fb629059264efdf5a2e2170574835712167ff7/vendor/illuminate/container/BoundMethod.php(35): Illuminate\\Container\\BoundMethod::callBoundMethod()
#6 /mnt/wsl/docker-desktop-bind-mounts/Ubuntu/062c3f0f1db4f48311f2e8b489fb629059264efdf5a2e2170574835712167ff7/vendor/illuminate/container/Container.php(662): Illuminate\\Container\\BoundMethod::call()
#7 /mnt/wsl/docker-desktop-bind-mounts/Ubuntu/062c3f0f1db4f48311f2e8b489fb629059264efdf5a2e2170574835712167ff7/vendor/laravel/lumen-framework/src/Concerns/RoutesRequests.php(304): Illuminate\\Container\\Container->call()
#8 /mnt/wsl/docker-desktop-bind-mounts/Ubuntu/062c3f0f1db4f48311f2e8b489fb629059264efdf5a2e2170574835712167ff7/vendor/laravel/lumen-framework/src/Concerns/RoutesRequests.php(269): Laravel\\Lumen\\Application->callActionOnArrayBasedRoute()
#9 /mnt/wsl/docker-desktop-bind-mounts/Ubuntu/062c3f0f1db4f48311f2e8b489fb629059264efdf5a2e2170574835712167ff7/vendor/laravel/lumen-framework/src/Concerns/RoutesRequests.php(171): Laravel\\Lumen\\Application->handleFoundRoute()
#10 /mnt/wsl/docker-desktop-bind-mounts/Ubuntu/062c3f0f1db4f48311f2e8b489fb629059264efdf5a2e2170574835712167ff7/vendor/laravel/lumen-framework/src/Concerns/RoutesRequests.php(431): Laravel\\Lumen\\Application->Laravel\\Lumen\\Concerns\\{closure}()
#11 /mnt/wsl/docker-desktop-bind-mounts/Ubuntu/062c3f0f1db4f48311f2e8b489fb629059264efdf5a2e2170574835712167ff7/vendor/laravel/lumen-framework/src/Concerns/RoutesRequests.php(167): Laravel\\Lumen\\Application->sendThroughPipeline()
#12 /mnt/wsl/docker-desktop-bind-mounts/Ubuntu/062c3f0f1db4f48311f2e8b489fb629059264efdf5a2e2170574835712167ff7/vendor/laravel/lumen-framework/src/Concerns/RoutesRequests.php(112): Laravel\\Lumen\\Application->dispatch()
#13 /mnt/wsl/docker-desktop-bind-mounts/Ubuntu/062c3f0f1db4f48311f2e8b489fb629059264efdf5a2e2170574835712167ff7/public/index.php(28): Laravel\\Lumen\\Application->run()
#14 {main}
"} 
[2025-05-06 11:56:34] production.ERROR: Call to a member function prepare() on null {"exception":"[object] (Error(code: 0): Call to a member function prepare() on null at /mnt/wsl/docker-desktop-bind-mounts/Ubuntu/062c3f0f1db4f48311f2e8b489fb629059264efdf5a2e2170574835712167ff7/src/funcionesAuxiliares/comprobarExpiracion.php:8)
[stacktrace]
#0 /mnt/wsl/docker-desktop-bind-mounts/Ubuntu/062c3f0f1db4f48311f2e8b489fb629059264efdf5a2e2170574835712167ff7/getEnrichedStreams.php(15): comprobarExpiracion()
#1 /mnt/wsl/docker-desktop-bind-mounts/Ubuntu/062c3f0f1db4f48311f2e8b489fb629059264efdf5a2e2170574835712167ff7/routes/web.php(74): getEnrichedStreams()
#2 /mnt/wsl/docker-desktop-bind-mounts/Ubuntu/062c3f0f1db4f48311f2e8b489fb629059264efdf5a2e2170574835712167ff7/vendor/illuminate/container/BoundMethod.php(36): Closure->{closure}()
#3 /mnt/wsl/docker-desktop-bind-mounts/Ubuntu/062c3f0f1db4f48311f2e8b489fb629059264efdf5a2e2170574835712167ff7/vendor/illuminate/container/Util.php(41): Illuminate\\Container\\BoundMethod::Illuminate\\Container\\{closure}()
#4 /mnt/wsl/docker-desktop-bind-mounts/Ubuntu/062c3f0f1db4f48311f2e8b489fb629059264efdf5a2e2170574835712167ff7/vendor/illuminate/container/BoundMethod.php(81): Illuminate\\Container\\Util::unwrapIfClosure()
#5 /mnt/wsl/docker-desktop-bind-mounts/Ubuntu/062c3f0f1db4f48311f2e8b489fb629059264efdf5a2e2170574835712167ff7/vendor/illuminate/container/BoundMethod.php(35): Illuminate\\Container\\BoundMethod::callBoundMethod()
#6 /mnt/wsl/docker-desktop-bind-mounts/Ubuntu/062c3f0f1db4f48311f2e8b489fb629059264efdf5a2e2170574835712167ff7/vendor/illuminate/container/Container.php(662): Illuminate\\Container\\BoundMethod::call()
#7 /mnt/wsl/docker-desktop-bind-mounts/Ubuntu/062c3f0f1db4f48311f2e8b489fb629059264efdf5a2e2170574835712167ff7/vendor/laravel/lumen-framework/src/Concerns/RoutesRequests.php(304): Illuminate\\Container\\Container->call()
#8 /mnt/wsl/docker-desktop-bind-mounts/Ubuntu/062c3f0f1db4f48311f2e8b489fb629059264efdf5a2e2170574835712167ff7/vendor/laravel/lumen-framework/src/Concerns/RoutesRequests.php(269): Laravel\\Lumen\\Application->callActionOnArrayBasedRoute()
#9 /mnt/wsl/docker-desktop-bind-mounts/Ubuntu/062c3f0f1db4f48311f2e8b489fb629059264efdf5a2e2170574835712167ff7/vendor/laravel/lumen-framework/src/Concerns/RoutesRequests.php(171): Laravel\\Lumen\\Application->handleFoundRoute()
#10 /mnt/wsl/docker-desktop-bind-mounts/Ubuntu/062c3f0f1db4f48311f2e8b489fb629059264efdf5a2e2170574835712167ff7/vendor/laravel/lumen-framework/src/Concerns/RoutesRequests.php(431): Laravel\\Lumen\\Application->Laravel\\Lumen\\Concerns\\{closure}()
#11 /mnt/wsl/docker-desktop-bind-mounts/Ubuntu/062c3f0f1db4f48311f2e8b489fb629059264efdf5a2e2170574835712167ff7/vendor/laravel/lumen-framework/src/Concerns/RoutesRequests.php(167): Laravel\\Lumen\\Application->sendThroughPipeline()
#12 /mnt/wsl/docker-desktop-bind-mounts/Ubuntu/062c3f0f1db4f48311f2e8b489fb629059264efdf5a2e2170574835712167ff7/vendor/laravel/lumen-framework/src/Concerns/RoutesRequests.php(112): Laravel\\Lumen\\Application->dispatch()
#13 /mnt/wsl/docker-desktop-bind-mounts/Ubuntu/062c3f0f1db4f48311f2e8b489fb629059264efdf5a2e2170574835712167ff7/public/index.php(28): Laravel\\Lumen\\Application->run()
#14 {main}
"} 
[2025-05-06 11:58:10] production.ERROR: Call to a member function prepare() on null {"exception":"[object] (Error(code: 0): Call to a member function prepare() on null at /mnt/wsl/docker-desktop-bind-mounts/Ubuntu/062c3f0f1db4f48311f2e8b489fb629059264efdf5a2e2170574835712167ff7/src/funcionesAuxiliares/comprobarExpiracion.php:8)
[stacktrace]
#0 /mnt/wsl/docker-desktop-bind-mounts/Ubuntu/062c3f0f1db4f48311f2e8b489fb629059264efdf5a2e2170574835712167ff7/getUserById.php(15): comprobarExpiracion()
#1 /mnt/wsl/docker-desktop-bind-mounts/Ubuntu/062c3f0f1db4f48311f2e8b489fb629059264efdf5a2e2170574835712167ff7/routes/web.php(64): getUserById()
#2 /mnt/wsl/docker-desktop-bind-mounts/Ubuntu/062c3f0f1db4f48311f2e8b489fb629059264efdf5a2e2170574835712167ff7/vendor/illuminate/container/BoundMethod.php(36): Closure->{closure}()
#3 /mnt/wsl/docker-desktop-bind-mounts/Ubuntu/062c3f0f1db4f48311f2e8b489fb629059264efdf5a2e2170574835712167ff7/vendor/illuminate/container/Util.php(41): Illuminate\\Container\\BoundMethod::Illuminate\\Container\\{closure}()
#4 /mnt/wsl/docker-desktop-bind-mounts/Ubuntu/062c3f0f1db4f48311f2e8b489fb629059264efdf5a2e2170574835712167ff7/vendor/illuminate/container/BoundMethod.php(81): Illuminate\\Container\\Util::unwrapIfClosure()
#5 /mnt/wsl/docker-desktop-bind-mounts/Ubuntu/062c3f0f1db4f48311f2e8b489fb629059264efdf5a2e2170574835712167ff7/vendor/illuminate/container/BoundMethod.php(35): Illuminate\\Container\\BoundMethod::callBoundMethod()
#6 /mnt/wsl/docker-desktop-bind-mounts/Ubuntu/062c3f0f1db4f48311f2e8b489fb629059264efdf5a2e2170574835712167ff7/vendor/illuminate/container/Container.php(662): Illuminate\\Container\\BoundMethod::call()
#7 /mnt/wsl/docker-desktop-bind-mounts/Ubuntu/062c3f0f1db4f48311f2e8b489fb629059264efdf5a2e2170574835712167ff7/vendor/laravel/lumen-framework/src/Concerns/RoutesRequests.php(304): Illuminate\\Container\\Container->call()
#8 /mnt/wsl/docker-desktop-bind-mounts/Ubuntu/062c3f0f1db4f48311f2e8b489fb629059264efdf5a2e2170574835712167ff7/vendor/laravel/lumen-framework/src/Concerns/RoutesRequests.php(269): Laravel\\Lumen\\Application->callActionOnArrayBasedRoute()
#9 /mnt/wsl/docker-desktop-bind-mounts/Ubuntu/062c3f0f1db4f48311f2e8b489fb629059264efdf5a2e2170574835712167ff7/vendor/laravel/lumen-framework/src/Concerns/RoutesRequests.php(171): Laravel\\Lumen\\Application->handleFoundRoute()
#10 /mnt/wsl/docker-desktop-bind-mounts/Ubuntu/062c3f0f1db4f48311f2e8b489fb629059264efdf5a2e2170574835712167ff7/vendor/laravel/lumen-framework/src/Concerns/RoutesRequests.php(431): Laravel\\Lumen\\Application->Laravel\\Lumen\\Concerns\\{closure}()
#11 /mnt/wsl/docker-desktop-bind-mounts/Ubuntu/062c3f0f1db4f48311f2e8b489fb629059264efdf5a2e2170574835712167ff7/vendor/laravel/lumen-framework/src/Concerns/RoutesRequests.php(167): Laravel\\Lumen\\Application->sendThroughPipeline()
#12 /mnt/wsl/docker-desktop-bind-mounts/Ubuntu/062c3f0f1db4f48311f2e8b489fb629059264efdf5a2e2170574835712167ff7/vendor/laravel/lumen-framework/src/Concerns/RoutesRequests.php(112): Laravel\\Lumen\\Application->dispatch()
#13 /mnt/wsl/docker-desktop-bind-mounts/Ubuntu/062c3f0f1db4f48311f2e8b489fb629059264efdf5a2e2170574835712167ff7/public/index.php(28): Laravel\\Lumen\\Application->run()
#14 {main}
"} 
[2025-05-06 11:58:11] production.ERROR: Call to a member function prepare() on null {"exception":"[object] (Error(code: 0): Call to a member function prepare() on null at /mnt/wsl/docker-desktop-bind-mounts/Ubuntu/062c3f0f1db4f48311f2e8b489fb629059264efdf5a2e2170574835712167ff7/src/funcionesAuxiliares/comprobarExpiracion.php:8)
[stacktrace]
#0 /mnt/wsl/docker-desktop-bind-mounts/Ubuntu/062c3f0f1db4f48311f2e8b489fb629059264efdf5a2e2170574835712167ff7/getUserById.php(15): comprobarExpiracion()
#1 /mnt/wsl/docker-desktop-bind-mounts/Ubuntu/062c3f0f1db4f48311f2e8b489fb629059264efdf5a2e2170574835712167ff7/routes/web.php(64): getUserById()
#2 /mnt/wsl/docker-desktop-bind-mounts/Ubuntu/062c3f0f1db4f48311f2e8b489fb629059264efdf5a2e2170574835712167ff7/vendor/illuminate/container/BoundMethod.php(36): Closure->{closure}()
#3 /mnt/wsl/docker-desktop-bind-mounts/Ubuntu/062c3f0f1db4f48311f2e8b489fb629059264efdf5a2e2170574835712167ff7/vendor/illuminate/container/Util.php(41): Illuminate\\Container\\BoundMethod::Illuminate\\Container\\{closure}()
#4 /mnt/wsl/docker-desktop-bind-mounts/Ubuntu/062c3f0f1db4f48311f2e8b489fb629059264efdf5a2e2170574835712167ff7/vendor/illuminate/container/BoundMethod.php(81): Illuminate\\Container\\Util::unwrapIfClosure()
#5 /mnt/wsl/docker-desktop-bind-mounts/Ubuntu/062c3f0f1db4f48311f2e8b489fb629059264efdf5a2e2170574835712167ff7/vendor/illuminate/container/BoundMethod.php(35): Illuminate\\Container\\BoundMethod::callBoundMethod()
#6 /mnt/wsl/docker-desktop-bind-mounts/Ubuntu/062c3f0f1db4f48311f2e8b489fb629059264efdf5a2e2170574835712167ff7/vendor/illuminate/container/Container.php(662): Illuminate\\Container\\BoundMethod::call()
#7 /mnt/wsl/docker-desktop-bind-mounts/Ubuntu/062c3f0f1db4f48311f2e8b489fb629059264efdf5a2e2170574835712167ff7/vendor/laravel/lumen-framework/src/Concerns/RoutesRequests.php(304): Illuminate\\Container\\Container->call()
#8 /mnt/wsl/docker-desktop-bind-mounts/Ubuntu/062c3f0f1db4f48311f2e8b489fb629059264efdf5a2e2170574835712167ff7/vendor/laravel/lumen-framework/src/Concerns/RoutesRequests.php(269): Laravel\\Lumen\\Application->callActionOnArrayBasedRoute()
#9 /mnt/wsl/docker-desktop-bind-mounts/Ubuntu/062c3f0f1db4f48311f2e8b489fb629059264efdf5a2e2170574835712167ff7/vendor/laravel/lumen-framework/src/Concerns/RoutesRequests.php(171): Laravel\\Lumen\\Application->handleFoundRoute()
#10 /mnt/wsl/docker-desktop-bind-mounts/Ubuntu/062c3f0f1db4f48311f2e8b489fb629059264efdf5a2e2170574835712167ff7/vendor/laravel/lumen-framework/src/Concerns/RoutesRequests.php(431): Laravel\\Lumen\\Application->Laravel\\Lumen\\Concerns\\{closure}()
#11 /mnt/wsl/docker-desktop-bind-mounts/Ubuntu/062c3f0f1db4f48311f2e8b489fb629059264efdf5a2e2170574835712167ff7/vendor/laravel/lumen-framework/src/Concerns/RoutesRequests.php(167): Laravel\\Lumen\\Application->sendThroughPipeline()
#12 /mnt/wsl/docker-desktop-bind-mounts/Ubuntu/062c3f0f1db4f48311f2e8b489fb629059264efdf5a2e2170574835712167ff7/vendor/laravel/lumen-framework/src/Concerns/RoutesRequests.php(112): Laravel\\Lumen\\Application->dispatch()
#13 /mnt/wsl/docker-desktop-bind-mounts/Ubuntu/062c3f0f1db4f48311f2e8b489fb629059264efdf5a2e2170574835712167ff7/public/index.php(28): Laravel\\Lumen\\Application->run()
#14 {main}
"} 
[2025-05-06 11:58:12] production.ERROR: Call to a member function prepare() on null {"exception":"[object] (Error(code: 0): Call to a member function prepare() on null at /mnt/wsl/docker-desktop-bind-mounts/Ubuntu/062c3f0f1db4f48311f2e8b489fb629059264efdf5a2e2170574835712167ff7/src/funcionesAuxiliares/comprobarExpiracion.php:8)
[stacktrace]
#0 /mnt/wsl/docker-desktop-bind-mounts/Ubuntu/062c3f0f1db4f48311f2e8b489fb629059264efdf5a2e2170574835712167ff7/getUserById.php(15): comprobarExpiracion()
#1 /mnt/wsl/docker-desktop-bind-mounts/Ubuntu/062c3f0f1db4f48311f2e8b489fb629059264efdf5a2e2170574835712167ff7/routes/web.php(64): getUserById()
#2 /mnt/wsl/docker-desktop-bind-mounts/Ubuntu/062c3f0f1db4f48311f2e8b489fb629059264efdf5a2e2170574835712167ff7/vendor/illuminate/container/BoundMethod.php(36): Closure->{closure}()
#3 /mnt/wsl/docker-desktop-bind-mounts/Ubuntu/062c3f0f1db4f48311f2e8b489fb629059264efdf5a2e2170574835712167ff7/vendor/illuminate/container/Util.php(41): Illuminate\\Container\\BoundMethod::Illuminate\\Container\\{closure}()
#4 /mnt/wsl/docker-desktop-bind-mounts/Ubuntu/062c3f0f1db4f48311f2e8b489fb629059264efdf5a2e2170574835712167ff7/vendor/illuminate/container/BoundMethod.php(81): Illuminate\\Container\\Util::unwrapIfClosure()
#5 /mnt/wsl/docker-desktop-bind-mounts/Ubuntu/062c3f0f1db4f48311f2e8b489fb629059264efdf5a2e2170574835712167ff7/vendor/illuminate/container/BoundMethod.php(35): Illuminate\\Container\\BoundMethod::callBoundMethod()
#6 /mnt/wsl/docker-desktop-bind-mounts/Ubuntu/062c3f0f1db4f48311f2e8b489fb629059264efdf5a2e2170574835712167ff7/vendor/illuminate/container/Container.php(662): Illuminate\\Container\\BoundMethod::call()
#7 /mnt/wsl/docker-desktop-bind-mounts/Ubuntu/062c3f0f1db4f48311f2e8b489fb629059264efdf5a2e2170574835712167ff7/vendor/laravel/lumen-framework/src/Concerns/RoutesRequests.php(304): Illuminate\\Container\\Container->call()
#8 /mnt/wsl/docker-desktop-bind-mounts/Ubuntu/062c3f0f1db4f48311f2e8b489fb629059264efdf5a2e2170574835712167ff7/vendor/laravel/lumen-framework/src/Concerns/RoutesRequests.php(269): Laravel\\Lumen\\Application->callActionOnArrayBasedRoute()
#9 /mnt/wsl/docker-desktop-bind-mounts/Ubuntu/062c3f0f1db4f48311f2e8b489fb629059264efdf5a2e2170574835712167ff7/vendor/laravel/lumen-framework/src/Concerns/RoutesRequests.php(171): Laravel\\Lumen\\Application->handleFoundRoute()
#10 /mnt/wsl/docker-desktop-bind-mounts/Ubuntu/062c3f0f1db4f48311f2e8b489fb629059264efdf5a2e2170574835712167ff7/vendor/laravel/lumen-framework/src/Concerns/RoutesRequests.php(431): Laravel\\Lumen\\Application->Laravel\\Lumen\\Concerns\\{closure}()
#11 /mnt/wsl/docker-desktop-bind-mounts/Ubuntu/062c3f0f1db4f48311f2e8b489fb629059264efdf5a2e2170574835712167ff7/vendor/laravel/lumen-framework/src/Concerns/RoutesRequests.php(167): Laravel\\Lumen\\Application->sendThroughPipeline()
#12 /mnt/wsl/docker-desktop-bind-mounts/Ubuntu/062c3f0f1db4f48311f2e8b489fb629059264efdf5a2e2170574835712167ff7/vendor/laravel/lumen-framework/src/Concerns/RoutesRequests.php(112): Laravel\\Lumen\\Application->dispatch()
#13 /mnt/wsl/docker-desktop-bind-mounts/Ubuntu/062c3f0f1db4f48311f2e8b489fb629059264efdf5a2e2170574835712167ff7/public/index.php(28): Laravel\\Lumen\\Application->run()
#14 {main}
"} 
[2025-05-06 11:58:12] production.ERROR: Call to a member function prepare() on null {"exception":"[object] (Error(code: 0): Call to a member function prepare() on null at /mnt/wsl/docker-desktop-bind-mounts/Ubuntu/062c3f0f1db4f48311f2e8b489fb629059264efdf5a2e2170574835712167ff7/src/funcionesAuxiliares/comprobarExpiracion.php:8)
[stacktrace]
#0 /mnt/wsl/docker-desktop-bind-mounts/Ubuntu/062c3f0f1db4f48311f2e8b489fb629059264efdf5a2e2170574835712167ff7/getStreams.php(19): comprobarExpiracion()
#1 /mnt/wsl/docker-desktop-bind-mounts/Ubuntu/062c3f0f1db4f48311f2e8b489fb629059264efdf5a2e2170574835712167ff7/routes/web.php(69): getStreams()
#2 /mnt/wsl/docker-desktop-bind-mounts/Ubuntu/062c3f0f1db4f48311f2e8b489fb629059264efdf5a2e2170574835712167ff7/vendor/illuminate/container/BoundMethod.php(36): Closure->{closure}()
#3 /mnt/wsl/docker-desktop-bind-mounts/Ubuntu/062c3f0f1db4f48311f2e8b489fb629059264efdf5a2e2170574835712167ff7/vendor/illuminate/container/Util.php(41): Illuminate\\Container\\BoundMethod::Illuminate\\Container\\{closure}()
#4 /mnt/wsl/docker-desktop-bind-mounts/Ubuntu/062c3f0f1db4f48311f2e8b489fb629059264efdf5a2e2170574835712167ff7/vendor/illuminate/container/BoundMethod.php(81): Illuminate\\Container\\Util::unwrapIfClosure()
#5 /mnt/wsl/docker-desktop-bind-mounts/Ubuntu/062c3f0f1db4f48311f2e8b489fb629059264efdf5a2e2170574835712167ff7/vendor/illuminate/container/BoundMethod.php(35): Illuminate\\Container\\BoundMethod::callBoundMethod()
#6 /mnt/wsl/docker-desktop-bind-mounts/Ubuntu/062c3f0f1db4f48311f2e8b489fb629059264efdf5a2e2170574835712167ff7/vendor/illuminate/container/Container.php(662): Illuminate\\Container\\BoundMethod::call()
#7 /mnt/wsl/docker-desktop-bind-mounts/Ubuntu/062c3f0f1db4f48311f2e8b489fb629059264efdf5a2e2170574835712167ff7/vendor/laravel/lumen-framework/src/Concerns/RoutesRequests.php(304): Illuminate\\Container\\Container->call()
#8 /mnt/wsl/docker-desktop-bind-mounts/Ubuntu/062c3f0f1db4f48311f2e8b489fb629059264efdf5a2e2170574835712167ff7/vendor/laravel/lumen-framework/src/Concerns/RoutesRequests.php(269): Laravel\\Lumen\\Application->callActionOnArrayBasedRoute()
#9 /mnt/wsl/docker-desktop-bind-mounts/Ubuntu/062c3f0f1db4f48311f2e8b489fb629059264efdf5a2e2170574835712167ff7/vendor/laravel/lumen-framework/src/Concerns/RoutesRequests.php(171): Laravel\\Lumen\\Application->handleFoundRoute()
#10 /mnt/wsl/docker-desktop-bind-mounts/Ubuntu/062c3f0f1db4f48311f2e8b489fb629059264efdf5a2e2170574835712167ff7/vendor/laravel/lumen-framework/src/Concerns/RoutesRequests.php(431): Laravel\\Lumen\\Application->Laravel\\Lumen\\Concerns\\{closure}()
#11 /mnt/wsl/docker-desktop-bind-mounts/Ubuntu/062c3f0f1db4f48311f2e8b489fb629059264efdf5a2e2170574835712167ff7/vendor/laravel/lumen-framework/src/Concerns/RoutesRequests.php(167): Laravel\\Lumen\\Application->sendThroughPipeline()
#12 /mnt/wsl/docker-desktop-bind-mounts/Ubuntu/062c3f0f1db4f48311f2e8b489fb629059264efdf5a2e2170574835712167ff7/vendor/laravel/lumen-framework/src/Concerns/RoutesRequests.php(112): Laravel\\Lumen\\Application->dispatch()
#13 /mnt/wsl/docker-desktop-bind-mounts/Ubuntu/062c3f0f1db4f48311f2e8b489fb629059264efdf5a2e2170574835712167ff7/public/index.php(28): Laravel\\Lumen\\Application->run()
#14 {main}
"} 
[2025-05-06 11:58:12] production.ERROR: Call to a member function prepare() on null {"exception":"[object] (Error(code: 0): Call to a member function prepare() on null at /mnt/wsl/docker-desktop-bind-mounts/Ubuntu/062c3f0f1db4f48311f2e8b489fb629059264efdf5a2e2170574835712167ff7/src/funcionesAuxiliares/comprobarExpiracion.php:8)
[stacktrace]
#0 /mnt/wsl/docker-desktop-bind-mounts/Ubuntu/062c3f0f1db4f48311f2e8b489fb629059264efdf5a2e2170574835712167ff7/getStreams.php(19): comprobarExpiracion()
#1 /mnt/wsl/docker-desktop-bind-mounts/Ubuntu/062c3f0f1db4f48311f2e8b489fb629059264efdf5a2e2170574835712167ff7/routes/web.php(69): getStreams()
#2 /mnt/wsl/docker-desktop-bind-mounts/Ubuntu/062c3f0f1db4f48311f2e8b489fb629059264efdf5a2e2170574835712167ff7/vendor/illuminate/container/BoundMethod.php(36): Closure->{closure}()
#3 /mnt/wsl/docker-desktop-bind-mounts/Ubuntu/062c3f0f1db4f48311f2e8b489fb629059264efdf5a2e2170574835712167ff7/vendor/illuminate/container/Util.php(41): Illuminate\\Container\\BoundMethod::Illuminate\\Container\\{closure}()
#4 /mnt/wsl/docker-desktop-bind-mounts/Ubuntu/062c3f0f1db4f48311f2e8b489fb629059264efdf5a2e2170574835712167ff7/vendor/illuminate/container/BoundMethod.php(81): Illuminate\\Container\\Util::unwrapIfClosure()
#5 /mnt/wsl/docker-desktop-bind-mounts/Ubuntu/062c3f0f1db4f48311f2e8b489fb629059264efdf5a2e2170574835712167ff7/vendor/illuminate/container/BoundMethod.php(35): Illuminate\\Container\\BoundMethod::callBoundMethod()
#6 /mnt/wsl/docker-desktop-bind-mounts/Ubuntu/062c3f0f1db4f48311f2e8b489fb629059264efdf5a2e2170574835712167ff7/vendor/illuminate/container/Container.php(662): Illuminate\\Container\\BoundMethod::call()
#7 /mnt/wsl/docker-desktop-bind-mounts/Ubuntu/062c3f0f1db4f48311f2e8b489fb629059264efdf5a2e2170574835712167ff7/vendor/laravel/lumen-framework/src/Concerns/RoutesRequests.php(304): Illuminate\\Container\\Container->call()
#8 /mnt/wsl/docker-desktop-bind-mounts/Ubuntu/062c3f0f1db4f48311f2e8b489fb629059264efdf5a2e2170574835712167ff7/vendor/laravel/lumen-framework/src/Concerns/RoutesRequests.php(269): Laravel\\Lumen\\Application->callActionOnArrayBasedRoute()
#9 /mnt/wsl/docker-desktop-bind-mounts/Ubuntu/062c3f0f1db4f48311f2e8b489fb629059264efdf5a2e2170574835712167ff7/vendor/laravel/lumen-framework/src/Concerns/RoutesRequests.php(171): Laravel\\Lumen\\Application->handleFoundRoute()
#10 /mnt/wsl/docker-desktop-bind-mounts/Ubuntu/062c3f0f1db4f48311f2e8b489fb629059264efdf5a2e2170574835712167ff7/vendor/laravel/lumen-framework/src/Concerns/RoutesRequests.php(431): Laravel\\Lumen\\Application->Laravel\\Lumen\\Concerns\\{closure}()
#11 /mnt/wsl/docker-desktop-bind-mounts/Ubuntu/062c3f0f1db4f48311f2e8b489fb629059264efdf5a2e2170574835712167ff7/vendor/laravel/lumen-framework/src/Concerns/RoutesRequests.php(167): Laravel\\Lumen\\Application->sendThroughPipeline()
#12 /mnt/wsl/docker-desktop-bind-mounts/Ubuntu/062c3f0f1db4f48311f2e8b489fb629059264efdf5a2e2170574835712167ff7/vendor/laravel/lumen-framework/src/Concerns/RoutesRequests.php(112): Laravel\\Lumen\\Application->dispatch()
#13 /mnt/wsl/docker-desktop-bind-mounts/Ubuntu/062c3f0f1db4f48311f2e8b489fb629059264efdf5a2e2170574835712167ff7/public/index.php(28): Laravel\\Lumen\\Application->run()
#14 {main}
"} 
[2025-05-06 11:58:13] production.ERROR: Call to a member function prepare() on null {"exception":"[object] (Error(code: 0): Call to a member function prepare() on null at /mnt/wsl/docker-desktop-bind-mounts/Ubuntu/062c3f0f1db4f48311f2e8b489fb629059264efdf5a2e2170574835712167ff7/src/funcionesAuxiliares/comprobarExpiracion.php:8)
[stacktrace]
#0 /mnt/wsl/docker-desktop-bind-mounts/Ubuntu/062c3f0f1db4f48311f2e8b489fb629059264efdf5a2e2170574835712167ff7/getEnrichedStreams.php(15): comprobarExpiracion()
#1 /mnt/wsl/docker-desktop-bind-mounts/Ubuntu/062c3f0f1db4f48311f2e8b489fb629059264efdf5a2e2170574835712167ff7/routes/web.php(74): getEnrichedStreams()
#2 /mnt/wsl/docker-desktop-bind-mounts/Ubuntu/062c3f0f1db4f48311f2e8b489fb629059264efdf5a2e2170574835712167ff7/vendor/illuminate/container/BoundMethod.php(36): Closure->{closure}()
#3 /mnt/wsl/docker-desktop-bind-mounts/Ubuntu/062c3f0f1db4f48311f2e8b489fb629059264efdf5a2e2170574835712167ff7/vendor/illuminate/container/Util.php(41): Illuminate\\Container\\BoundMethod::Illuminate\\Container\\{closure}()
#4 /mnt/wsl/docker-desktop-bind-mounts/Ubuntu/062c3f0f1db4f48311f2e8b489fb629059264efdf5a2e2170574835712167ff7/vendor/illuminate/container/BoundMethod.php(81): Illuminate\\Container\\Util::unwrapIfClosure()
#5 /mnt/wsl/docker-desktop-bind-mounts/Ubuntu/062c3f0f1db4f48311f2e8b489fb629059264efdf5a2e2170574835712167ff7/vendor/illuminate/container/BoundMethod.php(35): Illuminate\\Container\\BoundMethod::callBoundMethod()
#6 /mnt/wsl/docker-desktop-bind-mounts/Ubuntu/062c3f0f1db4f48311f2e8b489fb629059264efdf5a2e2170574835712167ff7/vendor/illuminate/container/Container.php(662): Illuminate\\Container\\BoundMethod::call()
#7 /mnt/wsl/docker-desktop-bind-mounts/Ubuntu/062c3f0f1db4f48311f2e8b489fb629059264efdf5a2e2170574835712167ff7/vendor/laravel/lumen-framework/src/Concerns/RoutesRequests.php(304): Illuminate\\Container\\Container->call()
#8 /mnt/wsl/docker-desktop-bind-mounts/Ubuntu/062c3f0f1db4f48311f2e8b489fb629059264efdf5a2e2170574835712167ff7/vendor/laravel/lumen-framework/src/Concerns/RoutesRequests.php(269): Laravel\\Lumen\\Application->callActionOnArrayBasedRoute()
#9 /mnt/wsl/docker-desktop-bind-mounts/Ubuntu/062c3f0f1db4f48311f2e8b489fb629059264efdf5a2e2170574835712167ff7/vendor/laravel/lumen-framework/src/Concerns/RoutesRequests.php(171): Laravel\\Lumen\\Application->handleFoundRoute()
#10 /mnt/wsl/docker-desktop-bind-mounts/Ubuntu/062c3f0f1db4f48311f2e8b489fb629059264efdf5a2e2170574835712167ff7/vendor/laravel/lumen-framework/src/Concerns/RoutesRequests.php(431): Laravel\\Lumen\\Application->Laravel\\Lumen\\Concerns\\{closure}()
#11 /mnt/wsl/docker-desktop-bind-mounts/Ubuntu/062c3f0f1db4f48311f2e8b489fb629059264efdf5a2e2170574835712167ff7/vendor/laravel/lumen-framework/src/Concerns/RoutesRequests.php(167): Laravel\\Lumen\\Application->sendThroughPipeline()
#12 /mnt/wsl/docker-desktop-bind-mounts/Ubuntu/062c3f0f1db4f48311f2e8b489fb629059264efdf5a2e2170574835712167ff7/vendor/laravel/lumen-framework/src/Concerns/RoutesRequests.php(112): Laravel\\Lumen\\Application->dispatch()
#13 /mnt/wsl/docker-desktop-bind-mounts/Ubuntu/062c3f0f1db4f48311f2e8b489fb629059264efdf5a2e2170574835712167ff7/public/index.php(28): Laravel\\Lumen\\Application->run()
#14 {main}
"} 
