[2025-05-12 08:19:49] local.ERROR: Undefined array key 0 {"exception":"[object] (ErrorException(code: 0): Undefined array key 0 at /200/TwitchAnalytics/getTopsOfTops.php:18)
[stacktrace]
#0 /200/TwitchAnalytics/vendor/laravel/lumen-framework/src/Concerns/RegistersExceptionHandlers.php(47): Laravel\\Lumen\\Application->handleError(2, 'Undefined array...', '/200/TwitchAnal...', 18)
#1 /200/TwitchAnalytics/getTopsOfTops.php(18): Laravel\\Lumen\\Application->Laravel\\Lumen\\Concerns\\{closure}(2, 'Undefined array...', '/200/TwitchAnal...', 18)
#2 /200/TwitchAnalytics/routes/web.php(76): getTopOfTops(600)
#3 /200/TwitchAnalytics/vendor/illuminate/container/BoundMethod.php(36): Closure->{closure}()
#4 /200/TwitchAnalytics/vendor/illuminate/container/Util.php(41): Illuminate\\Container\\BoundMethod::Illuminate\\Container\\{closure}()
#5 /200/TwitchAnalytics/vendor/illuminate/container/BoundMethod.php(81): Illuminate\\Container\\Util::unwrapIfClosure(Object(Closure))
#6 /200/TwitchAnalytics/vendor/illuminate/container/BoundMethod.php(35): Illuminate\\Container\\BoundMethod::callBoundMethod(Object(Laravel\\Lumen\\Application), Object(Closure), Object(Closure))
#7 /200/TwitchAnalytics/vendor/illuminate/container/Container.php(662): Illuminate\\Container\\BoundMethod::call(Object(Laravel\\Lumen\\Application), Object(Closure), Array, NULL)
#8 /200/TwitchAnalytics/vendor/laravel/lumen-framework/src/Concerns/RoutesRequests.php(304): Illuminate\\Container\\Container->call(Object(Closure), Array)
#9 /200/TwitchAnalytics/vendor/laravel/lumen-framework/src/Concerns/RoutesRequests.php(269): Laravel\\Lumen\\Application->callActionOnArrayBasedRoute(Array)
#10 /200/TwitchAnalytics/vendor/laravel/lumen-framework/src/Concerns/RoutesRequests.php(171): Laravel\\Lumen\\Application->handleFoundRoute(Array)
#11 /200/TwitchAnalytics/vendor/laravel/lumen-framework/src/Concerns/RoutesRequests.php(431): Laravel\\Lumen\\Application->Laravel\\Lumen\\Concerns\\{closure}(Object(Laravel\\Lumen\\Http\\Request))
#12 /200/TwitchAnalytics/vendor/laravel/lumen-framework/src/Concerns/RoutesRequests.php(167): Laravel\\Lumen\\Application->sendThroughPipeline(Array, Object(Closure))
#13 /200/TwitchAnalytics/vendor/laravel/lumen-framework/src/Concerns/RoutesRequests.php(112): Laravel\\Lumen\\Application->dispatch(NULL)
#14 /200/TwitchAnalytics/public/index.php(28): Laravel\\Lumen\\Application->run()
#15 {main}
"} 
[2025-05-12 08:19:57] local.ERROR: Undefined array key 0 {"exception":"[object] (ErrorException(code: 0): Undefined array key 0 at /200/TwitchAnalytics/getTopsOfTops.php:18)
[stacktrace]
#0 /200/TwitchAnalytics/vendor/laravel/lumen-framework/src/Concerns/RegistersExceptionHandlers.php(47): Laravel\\Lumen\\Application->handleError(2, 'Undefined array...', '/200/TwitchAnal...', 18)
#1 /200/TwitchAnalytics/getTopsOfTops.php(18): Laravel\\Lumen\\Application->Laravel\\Lumen\\Concerns\\{closure}(2, 'Undefined array...', '/200/TwitchAnal...', 18)
#2 /200/TwitchAnalytics/routes/web.php(76): getTopOfTops(600)
#3 /200/TwitchAnalytics/vendor/illuminate/container/BoundMethod.php(36): Closure->{closure}()
#4 /200/TwitchAnalytics/vendor/illuminate/container/Util.php(41): Illuminate\\Container\\BoundMethod::Illuminate\\Container\\{closure}()
#5 /200/TwitchAnalytics/vendor/illuminate/container/BoundMethod.php(81): Illuminate\\Container\\Util::unwrapIfClosure(Object(Closure))
#6 /200/TwitchAnalytics/vendor/illuminate/container/BoundMethod.php(35): Illuminate\\Container\\BoundMethod::callBoundMethod(Object(Laravel\\Lumen\\Application), Object(Closure), Object(Closure))
#7 /200/TwitchAnalytics/vendor/illuminate/container/Container.php(662): Illuminate\\Container\\BoundMethod::call(Object(Laravel\\Lumen\\Application), Object(Closure), Array, NULL)
#8 /200/TwitchAnalytics/vendor/laravel/lumen-framework/src/Concerns/RoutesRequests.php(304): Illuminate\\Container\\Container->call(Object(Closure), Array)
#9 /200/TwitchAnalytics/vendor/laravel/lumen-framework/src/Concerns/RoutesRequests.php(269): Laravel\\Lumen\\Application->callActionOnArrayBasedRoute(Array)
#10 /200/TwitchAnalytics/vendor/laravel/lumen-framework/src/Concerns/RoutesRequests.php(171): Laravel\\Lumen\\Application->handleFoundRoute(Array)
#11 /200/TwitchAnalytics/vendor/laravel/lumen-framework/src/Concerns/RoutesRequests.php(431): Laravel\\Lumen\\Application->Laravel\\Lumen\\Concerns\\{closure}(Object(Laravel\\Lumen\\Http\\Request))
#12 /200/TwitchAnalytics/vendor/laravel/lumen-framework/src/Concerns/RoutesRequests.php(167): Laravel\\Lumen\\Application->sendThroughPipeline(Array, Object(Closure))
#13 /200/TwitchAnalytics/vendor/laravel/lumen-framework/src/Concerns/RoutesRequests.php(112): Laravel\\Lumen\\Application->dispatch(NULL)
#14 /200/TwitchAnalytics/public/index.php(28): Laravel\\Lumen\\Application->run()
#15 {main}
"} 
