[2025-04-30 17:12:03] local.ERROR: include_once(./funcionesAuxiliares/conectarBBDD.php): Failed to open stream: No such file or directory {"exception":"[object] (ErrorException(code: 0): include_once(./funcionesAuxiliares/conectarBBDD.php): Failed to open stream: No such file or directory at /200/TwitchAnalytics/register.php:3)
[stacktrace]
#0 /200/TwitchAnalytics/vendor/laravel/lumen-framework/src/Concerns/RegistersExceptionHandlers.php(47): Laravel\\Lumen\\Application->handleError(2, 'include_once(./...', '/200/TwitchAnal...', 3)
#1 /200/TwitchAnalytics/register.php(3): Laravel\\Lumen\\Application->Laravel\\Lumen\\Concerns\\{closure}(2, 'include_once(./...', '/200/TwitchAnal...', 3)
#2 /200/TwitchAnalytics/register.php(3): include_once('/200/TwitchAnal...')
#3 /200/TwitchAnalytics/routes/web.php(17): require('/200/TwitchAnal...')
#4 /200/TwitchAnalytics/vendor/illuminate/container/BoundMethod.php(36): Closure->{closure}()
#5 /200/TwitchAnalytics/vendor/illuminate/container/Util.php(41): Illuminate\\Container\\BoundMethod::Illuminate\\Container\\{closure}()
#6 /200/TwitchAnalytics/vendor/illuminate/container/BoundMethod.php(81): Illuminate\\Container\\Util::unwrapIfClosure(Object(Closure))
#7 /200/TwitchAnalytics/vendor/illuminate/container/BoundMethod.php(35): Illuminate\\Container\\BoundMethod::callBoundMethod(Object(Laravel\\Lumen\\Application), Object(Closure), Object(Closure))
#8 /200/TwitchAnalytics/vendor/illuminate/container/Container.php(662): Illuminate\\Container\\BoundMethod::call(Object(Laravel\\Lumen\\Application), Object(Closure), Array, NULL)
#9 /200/TwitchAnalytics/vendor/laravel/lumen-framework/src/Concerns/RoutesRequests.php(304): Illuminate\\Container\\Container->call(Object(Closure), Array)
#10 /200/TwitchAnalytics/vendor/laravel/lumen-framework/src/Concerns/RoutesRequests.php(269): Laravel\\Lumen\\Application->callActionOnArrayBasedRoute(Array)
#11 /200/TwitchAnalytics/vendor/laravel/lumen-framework/src/Concerns/RoutesRequests.php(171): Laravel\\Lumen\\Application->handleFoundRoute(Array)
#12 /200/TwitchAnalytics/vendor/laravel/lumen-framework/src/Concerns/RoutesRequests.php(431): Laravel\\Lumen\\Application->Laravel\\Lumen\\Concerns\\{closure}(Object(Laravel\\Lumen\\Http\\Request))
#13 /200/TwitchAnalytics/vendor/laravel/lumen-framework/src/Concerns/RoutesRequests.php(167): Laravel\\Lumen\\Application->sendThroughPipeline(Array, Object(Closure))
#14 /200/TwitchAnalytics/vendor/laravel/lumen-framework/src/Concerns/RoutesRequests.php(112): Laravel\\Lumen\\Application->dispatch(NULL)
#15 /200/TwitchAnalytics/public/index.php(28): Laravel\\Lumen\\Application->run()
#16 {main}
"} 
