[2025-05-10 16:06:29] local.ERROR: Call to undefined function App\Http\Controllers\Register\getMessage() {"exception":"[object] (Error(code: 0): Call to undefined function App\\Http\\Controllers\\Register\\getMessage() at /200/TwitchAnalytics/app/Http/Controllers/Register/RegisterController.php:34)
[stacktrace]
#0 /200/TwitchAnalytics/vendor/illuminate/container/BoundMethod.php(36): App\\Http\\Controllers\\Register\\RegisterController->register(Object(Laravel\\Lumen\\Http\\Request))
#1 /200/TwitchAnalytics/vendor/illuminate/container/Util.php(41): Illuminate\\Container\\BoundMethod::Illuminate\\Container\\{closure}()
#2 /200/TwitchAnalytics/vendor/illuminate/container/BoundMethod.php(93): Illuminate\\Container\\Util::unwrapIfClosure(Object(Closure))
#3 /200/TwitchAnalytics/vendor/illuminate/container/BoundMethod.php(35): Illuminate\\Container\\BoundMethod::callBoundMethod(Object(Laravel\\Lumen\\Application), Array, Object(Closure))
#4 /200/TwitchAnalytics/vendor/illuminate/container/Container.php(662): Illuminate\\Container\\BoundMethod::call(Object(Laravel\\Lumen\\Application), Array, Array, NULL)
#5 /200/TwitchAnalytics/vendor/laravel/lumen-framework/src/Concerns/RoutesRequests.php(391): Illuminate\\Container\\Container->call(Array, Array)
#6 /200/TwitchAnalytics/vendor/laravel/lumen-framework/src/Concerns/RoutesRequests.php(356): Laravel\\Lumen\\Application->callControllerCallable(Array, Array)
#7 /200/TwitchAnalytics/vendor/laravel/lumen-framework/src/Concerns/RoutesRequests.php(331): Laravel\\Lumen\\Application->callLumenController(Object(App\\Http\\Controllers\\Register\\RegisterController), 'register', Array)
#8 /200/TwitchAnalytics/vendor/laravel/lumen-framework/src/Concerns/RoutesRequests.php(284): Laravel\\Lumen\\Application->callControllerAction(Array)
#9 /200/TwitchAnalytics/vendor/laravel/lumen-framework/src/Concerns/RoutesRequests.php(269): Laravel\\Lumen\\Application->callActionOnArrayBasedRoute(Array)
#10 /200/TwitchAnalytics/vendor/laravel/lumen-framework/src/Concerns/RoutesRequests.php(171): Laravel\\Lumen\\Application->handleFoundRoute(Array)
#11 /200/TwitchAnalytics/vendor/laravel/lumen-framework/src/Concerns/RoutesRequests.php(431): Laravel\\Lumen\\Application->Laravel\\Lumen\\Concerns\\{closure}(Object(Laravel\\Lumen\\Http\\Request))
#12 /200/TwitchAnalytics/vendor/laravel/lumen-framework/src/Concerns/RoutesRequests.php(167): Laravel\\Lumen\\Application->sendThroughPipeline(Array, Object(Closure))
#13 /200/TwitchAnalytics/vendor/laravel/lumen-framework/src/Concerns/RoutesRequests.php(112): Laravel\\Lumen\\Application->dispatch(NULL)
#14 /200/TwitchAnalytics/public/index.php(28): Laravel\\Lumen\\Application->run()
#15 {main}
"} 
[2025-05-10 16:16:28] local.ERROR: App\Http\Controllers\GetUserById\GetUserByIdValidator::validateId(): Argument #1 ($id) must be of type ?int, string given, called in /200/TwitchAnalytics/app/Http/Controllers/GetUserById/GetUserByIdController.php on line 39 {"exception":"[object] (TypeError(code: 0): App\\Http\\Controllers\\GetUserById\\GetUserByIdValidator::validateId(): Argument #1 ($id) must be of type ?int, string given, called in /200/TwitchAnalytics/app/Http/Controllers/GetUserById/GetUserByIdController.php on line 39 at /200/TwitchAnalytics/app/Http/Controllers/GetUserById/GetUserByIdValidator.php:9)
[stacktrace]
#0 /200/TwitchAnalytics/app/Http/Controllers/GetUserById/GetUserByIdController.php(39): App\\Http\\Controllers\\GetUserById\\GetUserByIdValidator->validateId('')
#1 /200/TwitchAnalytics/vendor/illuminate/container/BoundMethod.php(36): App\\Http\\Controllers\\GetUserById\\GetUserByIdController->getUser(Object(Laravel\\Lumen\\Http\\Request))
#2 /200/TwitchAnalytics/vendor/illuminate/container/Util.php(41): Illuminate\\Container\\BoundMethod::Illuminate\\Container\\{closure}()
#3 /200/TwitchAnalytics/vendor/illuminate/container/BoundMethod.php(93): Illuminate\\Container\\Util::unwrapIfClosure(Object(Closure))
#4 /200/TwitchAnalytics/vendor/illuminate/container/BoundMethod.php(35): Illuminate\\Container\\BoundMethod::callBoundMethod(Object(Laravel\\Lumen\\Application), Array, Object(Closure))
#5 /200/TwitchAnalytics/vendor/illuminate/container/Container.php(662): Illuminate\\Container\\BoundMethod::call(Object(Laravel\\Lumen\\Application), Array, Array, NULL)
#6 /200/TwitchAnalytics/vendor/laravel/lumen-framework/src/Concerns/RoutesRequests.php(391): Illuminate\\Container\\Container->call(Array, Array)
#7 /200/TwitchAnalytics/vendor/laravel/lumen-framework/src/Concerns/RoutesRequests.php(356): Laravel\\Lumen\\Application->callControllerCallable(Array, Array)
#8 /200/TwitchAnalytics/vendor/laravel/lumen-framework/src/Concerns/RoutesRequests.php(331): Laravel\\Lumen\\Application->callLumenController(Object(App\\Http\\Controllers\\GetUserById\\GetUserByIdController), 'getUser', Array)
#9 /200/TwitchAnalytics/vendor/laravel/lumen-framework/src/Concerns/RoutesRequests.php(284): Laravel\\Lumen\\Application->callControllerAction(Array)
#10 /200/TwitchAnalytics/vendor/laravel/lumen-framework/src/Concerns/RoutesRequests.php(269): Laravel\\Lumen\\Application->callActionOnArrayBasedRoute(Array)
#11 /200/TwitchAnalytics/vendor/laravel/lumen-framework/src/Concerns/RoutesRequests.php(171): Laravel\\Lumen\\Application->handleFoundRoute(Array)
#12 /200/TwitchAnalytics/vendor/laravel/lumen-framework/src/Concerns/RoutesRequests.php(431): Laravel\\Lumen\\Application->Laravel\\Lumen\\Concerns\\{closure}(Object(Laravel\\Lumen\\Http\\Request))
#13 /200/TwitchAnalytics/vendor/laravel/lumen-framework/src/Concerns/RoutesRequests.php(167): Laravel\\Lumen\\Application->sendThroughPipeline(Array, Object(Closure))
#14 /200/TwitchAnalytics/vendor/laravel/lumen-framework/src/Concerns/RoutesRequests.php(112): Laravel\\Lumen\\Application->dispatch(NULL)
#15 /200/TwitchAnalytics/public/index.php(28): Laravel\\Lumen\\Application->run()
#16 {main}
"} 
[2025-05-10 16:49:52] local.ERROR: App\Repositories\DataBaseRepository::getUserFromDataBase(): Return value must be of type array, false returned {"exception":"[object] (TypeError(code: 0): App\\Repositories\\DataBaseRepository::getUserFromDataBase(): Return value must be of type array, false returned at /200/TwitchAnalytics/app/Repositories/DataBaseRepository.php:49)
[stacktrace]
#0 /200/TwitchAnalytics/app/Services/GetUserByIdService.php(23): App\\Repositories\\DataBaseRepository->getUserFromDataBase('999999')
#1 /200/TwitchAnalytics/app/Http/Controllers/GetUserById/GetUserByIdController.php(46): App\\Services\\GetUserByIdService->getUser('999999')
#2 /200/TwitchAnalytics/vendor/illuminate/container/BoundMethod.php(36): App\\Http\\Controllers\\GetUserById\\GetUserByIdController->getUser(Object(Laravel\\Lumen\\Http\\Request))
#3 /200/TwitchAnalytics/vendor/illuminate/container/Util.php(41): Illuminate\\Container\\BoundMethod::Illuminate\\Container\\{closure}()
#4 /200/TwitchAnalytics/vendor/illuminate/container/BoundMethod.php(93): Illuminate\\Container\\Util::unwrapIfClosure(Object(Closure))
#5 /200/TwitchAnalytics/vendor/illuminate/container/BoundMethod.php(35): Illuminate\\Container\\BoundMethod::callBoundMethod(Object(Laravel\\Lumen\\Application), Array, Object(Closure))
#6 /200/TwitchAnalytics/vendor/illuminate/container/Container.php(662): Illuminate\\Container\\BoundMethod::call(Object(Laravel\\Lumen\\Application), Array, Array, NULL)
#7 /200/TwitchAnalytics/vendor/laravel/lumen-framework/src/Concerns/RoutesRequests.php(391): Illuminate\\Container\\Container->call(Array, Array)
#8 /200/TwitchAnalytics/vendor/laravel/lumen-framework/src/Concerns/RoutesRequests.php(356): Laravel\\Lumen\\Application->callControllerCallable(Array, Array)
#9 /200/TwitchAnalytics/vendor/laravel/lumen-framework/src/Concerns/RoutesRequests.php(331): Laravel\\Lumen\\Application->callLumenController(Object(App\\Http\\Controllers\\GetUserById\\GetUserByIdController), 'getUser', Array)
#10 /200/TwitchAnalytics/vendor/laravel/lumen-framework/src/Concerns/RoutesRequests.php(284): Laravel\\Lumen\\Application->callControllerAction(Array)
#11 /200/TwitchAnalytics/vendor/laravel/lumen-framework/src/Concerns/RoutesRequests.php(269): Laravel\\Lumen\\Application->callActionOnArrayBasedRoute(Array)
#12 /200/TwitchAnalytics/vendor/laravel/lumen-framework/src/Concerns/RoutesRequests.php(171): Laravel\\Lumen\\Application->handleFoundRoute(Array)
#13 /200/TwitchAnalytics/vendor/laravel/lumen-framework/src/Concerns/RoutesRequests.php(431): Laravel\\Lumen\\Application->Laravel\\Lumen\\Concerns\\{closure}(Object(Laravel\\Lumen\\Http\\Request))
#14 /200/TwitchAnalytics/vendor/laravel/lumen-framework/src/Concerns/RoutesRequests.php(167): Laravel\\Lumen\\Application->sendThroughPipeline(Array, Object(Closure))
#15 /200/TwitchAnalytics/vendor/laravel/lumen-framework/src/Concerns/RoutesRequests.php(112): Laravel\\Lumen\\Application->dispatch(NULL)
#16 /200/TwitchAnalytics/public/index.php(28): Laravel\\Lumen\\Application->run()
#17 {main}
"} 
[2025-05-10 16:57:54] local.ERROR: App\Repositories\DataBaseRepository::getUserFromDataBase(): Return value must be of type array, false returned {"exception":"[object] (TypeError(code: 0): App\\Repositories\\DataBaseRepository::getUserFromDataBase(): Return value must be of type array, false returned at /200/TwitchAnalytics/app/Repositories/DataBaseRepository.php:49)
[stacktrace]
#0 /200/TwitchAnalytics/app/Services/GetUserByIdService.php(22): App\\Repositories\\DataBaseRepository->getUserFromDataBase('999999')
#1 /200/TwitchAnalytics/app/Http/Controllers/GetUserById/GetUserByIdController.php(46): App\\Services\\GetUserByIdService->getUser('999999')
#2 /200/TwitchAnalytics/vendor/illuminate/container/BoundMethod.php(36): App\\Http\\Controllers\\GetUserById\\GetUserByIdController->getUser(Object(Laravel\\Lumen\\Http\\Request))
#3 /200/TwitchAnalytics/vendor/illuminate/container/Util.php(41): Illuminate\\Container\\BoundMethod::Illuminate\\Container\\{closure}()
#4 /200/TwitchAnalytics/vendor/illuminate/container/BoundMethod.php(93): Illuminate\\Container\\Util::unwrapIfClosure(Object(Closure))
#5 /200/TwitchAnalytics/vendor/illuminate/container/BoundMethod.php(35): Illuminate\\Container\\BoundMethod::callBoundMethod(Object(Laravel\\Lumen\\Application), Array, Object(Closure))
#6 /200/TwitchAnalytics/vendor/illuminate/container/Container.php(662): Illuminate\\Container\\BoundMethod::call(Object(Laravel\\Lumen\\Application), Array, Array, NULL)
#7 /200/TwitchAnalytics/vendor/laravel/lumen-framework/src/Concerns/RoutesRequests.php(391): Illuminate\\Container\\Container->call(Array, Array)
#8 /200/TwitchAnalytics/vendor/laravel/lumen-framework/src/Concerns/RoutesRequests.php(356): Laravel\\Lumen\\Application->callControllerCallable(Array, Array)
#9 /200/TwitchAnalytics/vendor/laravel/lumen-framework/src/Concerns/RoutesRequests.php(331): Laravel\\Lumen\\Application->callLumenController(Object(App\\Http\\Controllers\\GetUserById\\GetUserByIdController), 'getUser', Array)
#10 /200/TwitchAnalytics/vendor/laravel/lumen-framework/src/Concerns/RoutesRequests.php(284): Laravel\\Lumen\\Application->callControllerAction(Array)
#11 /200/TwitchAnalytics/vendor/laravel/lumen-framework/src/Concerns/RoutesRequests.php(269): Laravel\\Lumen\\Application->callActionOnArrayBasedRoute(Array)
#12 /200/TwitchAnalytics/vendor/laravel/lumen-framework/src/Concerns/RoutesRequests.php(171): Laravel\\Lumen\\Application->handleFoundRoute(Array)
#13 /200/TwitchAnalytics/vendor/laravel/lumen-framework/src/Concerns/RoutesRequests.php(431): Laravel\\Lumen\\Application->Laravel\\Lumen\\Concerns\\{closure}(Object(Laravel\\Lumen\\Http\\Request))
#14 /200/TwitchAnalytics/vendor/laravel/lumen-framework/src/Concerns/RoutesRequests.php(167): Laravel\\Lumen\\Application->sendThroughPipeline(Array, Object(Closure))
#15 /200/TwitchAnalytics/vendor/laravel/lumen-framework/src/Concerns/RoutesRequests.php(112): Laravel\\Lumen\\Application->dispatch(NULL)
#16 /200/TwitchAnalytics/public/index.php(28): Laravel\\Lumen\\Application->run()
#17 {main}
"} 
